lork: -  =Bs)
(cuky): >cuk: 1000/1088 rl:100 lg:100 [quad-stairs] 
itmik: 4 rl
lork: dont rape us
itmik: :)
lork: -   =Bs)
matchdate: Sat Oct 20, 22:23:17 2007
The match has begun!
(cuky): >cuk: 0/100 sg:25 [rl] 
(JohnNy_cz): >joh: 0/100 sg:25 [door] 
[bo]reco: 100/100 @ tutaj
(cuky): >cuk: took rl [rl]
(cuky): >cuk: 0/100 rl:5 [rl] 
lork: -    =Bs)
lork: -   =Bs)
lork chewed on itmik's boomstick
(JohnNy_cz): >joh: coming [spikes]
sy chewed on itmik's boomstick
[bo]reco was perforated by Fr4G
(cuky): >cuk: took rockets [mega-rox]
sy was lead poisoned by itmik
.ThundeR. rides cuky's rocket
lork ate 2 loads of JohnNy_cz's buckshot
(Fr4G): >F4 ya92/66 gl:12 [ya-water] 
(Fr4G): >F4 ya92/66 gl:12 [ya-water] 
(JohnNy_cz): >joh: coming [water-ga]
(Fr4G): >F4 __ [ya-water] gl:12
[bo]reco was lead poisoned by itmik
(cuky): >cuk: 0/200 rl:9 [mega-sng] 
(Fr4G): >F4 ya92/66 gl:12 [ya-water] 
(Fr4G): >F4 ya92/66 gl:12 [ya-water] 
JohnNy_cz chewed on [bo]reco's boomstick
(cuky): >cuk: 0/195 rl:9 [quad-stairs] 
(JohnNy_cz): >joh: __ [rl] x
(JohnNy_cz): >joh: __ [rl] x
(JohnNy_cz): >joh: __ [rl] x
(JohnNy_cz): >joh: __ [rl] x
lork was lead poisoned by itmik
sy was lead poisoned by itmik
(cuky): >cuk: coming [gl]
JohnNy_cz ate 2 loads of [bo]reco's buckshot
(JohnNy_cz): >joh: __ [rl] x
(JohnNy_cz): >joh: __ [rl] x
(JohnNy_cz): >joh: __ [rl] x
sy rides cuky's rocket
(JohnNy_cz): >joh: __ [rl] x
(cuky): >cuk: 0/155 rl:8 [ya] 
[bo]reco was gibbed by Fr4G's grenade
.ThundeR. ate 2 loads of JohnNy_cz's buckshot
lork eats Fr4G's pineapple
[bo]reco rides cuky's rocket
(cuky): >cuk: 0/38 rl:6 [ya] 
(Fr4G): >F4 __ [rl] gl:7
(Fr4G): >F4 __ [rl] gl:7
(Fr4G): >F4 ya10/45 gl:7 [rl] 
cuky becomes bored with life
(cuky): >cuk: __ [ya] 2
(JohnNy_cz): >joh: coming [cross]
itmik eats lork's pineapple
Fr4G ate 2 loads of sy's buckshot
lork chewed on cuky's boomstick
sy chewed on Fr4G's boomstick
lork: -  =Bs)
lork: -   =Bs)
lork: -    =Bs)
[19] minutes remaining
Team [dc] leads by 11 frags
[bo]reco chewed on itmik's boomstick
(Fr4G): >F4 took &cfffpack&cfff [water-rl]
JohnNy_cz chewed on sy's boomstick
(JohnNy_cz): >joh: __ [quad] x
(JohnNy_cz): >joh: __ [quad] x
lork chewed on JohnNy_cz's boomstick
Fr4G rides [bo]reco's rocket
(cuky): >cuk: coming [water-ga]
(JohnNy_cz): >joh: team &c05fquad&cfff
(itmik): >itm: coming [ya]
JohnNy_cz chewed on lork's boomstick
(JohnNy_cz): >joh: __ [gl-quad] x
(cuky): >cuk: 0/82 sng:10 [rl] 
itmik mows down a teammate
Fr4G was gibbed by .ThundeR.'s rocket
Fr4G rides .ThundeR.'s rocket
lork eats itmik's pineapple
lork: -   =Bs)
lork: -  =Bs)
lork: -   =Bs)
lork: -    =Bs)
lork eats itmik's pineapple
itmik tries to put the pin back in
(cuky): >cuk: 0/82 sng:10 [rl] 
(cuky): >cuk: 0/82 sng:10 [rl] 
sy ate 2 loads of Fr4G's buckshot
cuky chewed on lork's boomstick
(cuky): >cuk: __ [rl] 1
(cuky): >cuk: __ [rl] 1
(cuky): >cuk: __ [rl] 1
lork: -   =Bs)
itmik was perforated by .ThundeR.
(cuky): >cuk: coming [start-water]
Fr4G was ventilated by .ThundeR.
(Fr4G): >F4 __ [mega-low] 1
lork chewed on itmik's boomstick
(Fr4G): >F4 coming [start]
(itmik): >itm: 0/4 rl:5 [rl] 
(JohnNy_cz): >joh: took &cff0ya&cfff [ya]
itmik becomes bored with life
lork: -  =Bs)
(cuky): >cuk: 0/100 rl:4 [cross-water] 
lork was gibbed by cuky's rocket
(JohnNy_cz): >joh: coming [spikes]
.ThundeR. rides cuky's rocket
(Fr4G): >F4 0/100 sg:44 [cross-water] 
JohnNy_cz rides [bo]reco's rocket
(JohnNy_cz): >joh: __ [ya] x
(JohnNy_cz): >joh: __ [ya] x
(JohnNy_cz): >joh: __ [ya] x
(cuky): >cu: __ mega safe  rl:11
Fr4G was perforated by sy
(Fr4G): >F4 __ [cross] 1
(itmik): >itm: 0/100 sng:86 [quad] 
.ThundeR.: =]
(cuky): >cuk: 0/80 rl:15 [mega-rox] 
lork was punctured by itmik
sy ate 2 loads of Fr4G's buckshot
.ThundeR. was ventilated by itmik
itmik was gibbed by [bo]reco's rocket
[18] minutes remaining
Team [dc] leads by 8 frags
JohnNy_cz chewed on sy's boomstick
(JohnNy_cz): >joh: __ [quad] x
(JohnNy_cz): >joh: __ [quad] x
(JohnNy_cz): >joh: __ [quad] x
(itmik): >itm: 0/100 sg:24 [door] 
Fr4G chewed on lork's boomstick
JohnNy_cz rides [bo]reco's rocket
lork chewed on itmik's boomstick
(cuky): >cuk: took &c0a0mega&cfff [mega]
(Fr4G): >F4 took sng [mega-sng]
.ThundeR. mows down a teammate
(Fr4G): >F4 coming [mega-sng]
.ThundeR.: =]
JohnNy_cz rides [bo]reco's rocket
(cuky): >cuk: 0/199 rl:14 [mega-low] 
(JohnNy_cz): >joh: __ [ya] x
(JohnNy_cz): >joh: __ [ya] x
itmik chewed on .ThundeR.'s boomstick
.ThundeR. was gibbed by cuky's rocket
(itmik): >itm: 0/100 sg:24 [cross] 
(Fr4G): >F4 0/8 sng:80 [quad] 
.ThundeR. rides cuky's rocket
(itmik): >itm: 0/100 sg:100 [quad-box] 
(cuky): >cuk: 0/165 rl:8 [gl] 
(itmik): >itm: 0/100 sg:100 [gl] 
itmik rides [bo]reco's rocket
sy ate 2 loads of JohnNy_cz's buckshot
(itmik): >itm: 0/100 sg:24 [quad] 
(JohnNy_cz): >joh: coming [water-rl]
.ThundeR. was gibbed by cuky's rocket
(cuky): >cuk: 0/95 rl:6 [gl] 
(itmik): >itm: 0/100 sg:24 [gl] 
lork rides JohnNy_cz's rocket
itmik was gibbed by [bo]reco's rocket
.ThundeR. was perforated by Fr4G
[bo]reco gets a frag for the other team
lork rides JohnNy_cz's rocket
lork: -   =Bs)
(Fr4G): >F4 0/45 sng:30 [mega-low] 
itmik rides [bo]reco's rocket
(Fr4G): >F4 took &cfffpack&cfff [mega-sng]
(JohnNy_cz): >joh: 0/14 rl:3 [mega-sng] 
(itmik): >itm: 0/100 sg:24 [quad] 
(itmik): >itm: 0/100 sg:24 [gl-quad] 
(JohnNy_cz): >joh: 0/14 rl:3 [mega-low] 
(JohnNy_cz): >joh: 0/14 rl:3 [mega-low] 
(JohnNy_cz): >joh: 0/164 rl:3 [mega] 
(cuky): >cuk: gl at [gl]
(JohnNy_cz): >joh: sng at [mega-sng]
(JohnNy_cz): >joh: sng at [mega-sng]
itmik chewed on lork's boomstick
(Fr4G): >F4 0/100 gl:9 [gl] 
(itmik): >itm: 0/100 sg:24 [ya-water] 
[17] minutes remaining
Team [dc] leads by 9 frags
(Fr4G): >F4 0/100 gl:8 [quad] 
.ThundeR. eats Fr4G's pineapple
itmik chewed on lork's boomstick
lork: -    =Bs)
(Fr4G): >F4 team &c05fquad&cfff
lork chewed on Fr4G's boomstick
(Fr4G): >F4 took &cfffpack&cfff [quad]
lork was lead poisoned by Fr4G
itmik chewed on .ThundeR.'s boomstick
(cuky): >cuk: 0/100 rl:8 [gl] 
(itmik): >itm: 0/100 sg:24 [mega-sng] 
Fr4G rips .ThundeR. a new one
(Fr4G): >F4 __ [ya] rl:10
(Fr4G): >F4 __ [ya] rl:10
(Fr4G): >F4 __ [ya] rl:10
.ThundeR. ate 2 loads of cuky's buckshot
(itmik): >itm: 0/100 sng:105 [cross] 
(JohnNy_cz): >joh: 0/75 rl:11 [gl] 
(Fr4G): >F4 __ [ya] rl:8
(Fr4G): >F4 __ [ya] rl:8
(itmik): >itm: 0/100 sng:105 [gl-quad] 
.ThundeR. was smeared by Fr4G's quad rocket
.ThundeR.: =]
.ThundeR. rides cuky's rocket
(itmik): >itm: 0/100 gl:10 [gl] 
(JohnNy_cz): >joh: 0/75 rl:11 [ya] 
Fr4G rips .ThundeR. a new one
(itmik): >itm: 0/100 gl:10 [ya] 
(itmik): >itm: 0/100 gl:10 [ya] 
.ThundeR.: troszki nie wiem o co chodzi :<<<<<<<<<
(Fr4G): >F4 ya120/82 rl:5 [start-rl] 
lork rides Fr4G's rocket
.ThundeR. was gibbed by Fr4G's rocket
(Fr4G): >F4 __ [rl] rl:1
(Fr4G): >F4 __ [rl] rl:1
(Fr4G): >F4 __ [rl] rl:1
(Fr4G): >F4 ya65/71 rl:1 [rl] 
(itmik): >itm: 0/100 gl:10 [gl-stairs] 
(JohnNy_cz): >joh: took &cff0ya&cfff [ya]
(JohnNy_cz): >joh: took &cff0ya&cfff [ya]
lork ate 2 loads of Fr4G's buckshot
Fr4G chewed on lork's boomstick
[16] minutes remaining
Team [dc] leads by 17 frags
(Fr4G): >F4 __ [rl] 1
lork: -   =Bs)
(cuky): >cuk: 0/100 rl:6 [ya] 
itmik was gibbed by [bo]reco's rocket
[bo]reco was gibbed by JohnNy_cz's rocket
(Fr4G): >F4 coming [gl]
(itmik): >itm: 0/100 sg:24 [gl-quad] 
JohnNy_cz rips .ThundeR. a new one
JohnNy_cz rips sy a new one
JohnNy_cz loses another friend
(Fr4G): >F4 coming [gl-stairs]
(itmik): >itm: 0/100 sng:34 [quad] 
(cuky): >cuk: took &cff0ya&cfff [ya]
itmik rides [bo]reco's rocket
(Fr4G): >F4 0/100 gl:3 [quad] 
itmik chewed on .ThundeR.'s boomstick
(Fr4G): >F4 ga100/100 gl:3 [bridge] 
(itmik): >itm: 0/100 ssg:49 [ssg] 
(itmik): >itm: coming [water-ga]
(itmik): >itm: 0/100 ssg:49 [water-ga] 
(JohnNy_cz): >joh: ya33/80 rl:12 [ya-spikes] &c05fquad&cfff
lork: -  =Bs)
(JohnNy_cz): >joh: took &cff0ya&cfff [ya]
(Fr4G): >F4 need weapon
Quad Damage is wearing off
(cuky): >cuk: rockets at [gl-rox]
(itmik): >itm: 0/8 ssg:27 [water-ga] 
(Fr4G): >F4 ga100/100 gl:12 [gl-quad] 
(itmik): >itm: 0/8 ssg:27 [water-ga] 
(cuky): >cuk: ya150/100 rl:7 [gl-quad] 
Fr4G rides [bo]reco's rocket
[bo]reco rides cuky's rocket
(itmik): >itm: 0/8 ssg:27 [water-lift] 
[bo]reco rides cuky's rocket
(cuky): >cuk: &cfffpack&cfff at [quad]
(itmik): >itm: &c0b0ga&cfff at [ga]
(JohnNy_cz): >joh: ya150/100 rl:10 [water-ga] 
itmik rides sy's rocket
sy rides JohnNy_cz's rocket
cuky was gibbed by [bo]reco's rocket
(cuky): >cuk: __ [gl] 1
(cuky): >cuk: 0/100 sg:24 [cross] 
(itmik): >itm: 0/100 rl:1 [bridge] 
(itmik): >itm: 0/100 rl:1 [door] 
(JohnNy_cz): >joh: coming [spikes]
(Fr4G): >F4 0/100 sg:24 [rl] 
(itmik): >itm: 0/100 rl:1 [ssg] 
(Fr4G): >F4 0/100 sg:24 [rl] 
(Fr4G): >F4 0/100 sg:24 [rl] 
(Fr4G): >F4 0/100 sg:24 [rl] 
cuky was gibbed by [bo]reco's rocket
[15] minutes remaining
Team [dc] leads by 15 frags
(itmik): >itm: 0/100 rl:1 [ssg-spikes] 
sy rides JohnNy_cz's rocket
(cuky): >cuk: 0/100 sg:24 [spikes] 
(itmik): >itm: 0/100 rl:1 [spikes] 
(itmik): >itm: 0/100 rl:1 [ya-spikes] 
(cuky): >cuk: 0/100 sg:64 [ya] 
(Fr4G): >F4 took rl [rl]
.ThundeR. rides itmik's rocket
[bo]reco rides JohnNy_cz's rocket
lork was brutalized by JohnNy_cz's quad rocket
[bo]reco: kurwa mac
cuky eats .ThundeR.'s pineapple
[bo]reco: :D
(cuky): >cuk: __ [gl] 1
lork was straw-cuttered by JohnNy_cz
(cuky): >cuk: __ [gl] 1
.ThundeR. was ventilated by JohnNy_cz
Fr4G was ventilated by sy
JohnNy_cz rips sy a new one
[bo]reco chewed on cuky's boomstick
(itmik): >itm: ya120/100 rl:0 [ya-top] 
(cuky): >cuk: 0/28 sg:59 [rl] 
cuky chewed on sy's boomstick
(cuky): >cuk: __ [rl] 2
(cuky): >cuk: __ [rl] 2
(JohnNy_cz): >joh: &cff0ya&cfff at [ya]
sy chewed on Fr4G's boomstick
(Fr4G): >F4 __ [rl] sg:100
(Fr4G): >F4 __ [rl] sg:100
(Fr4G): >F4 0/100 sg:100 [rl] 
(itmik): >itm: ya120/100 rl:0 [gl-sng] 
Quad Damage is wearing off
(Fr4G): >F4 took rl [rl]
(itmik): >itm: ya120/100 rl:0 [ya-tele] 
(Fr4G): >F4 0/100 rl:5 [rl] 
lork rides Fr4G's rocket
(JohnNy_cz): >joh: __ [gl] rl:18
(JohnNy_cz): >joh: __ [gl] rl:18
[bo]reco ate 2 loads of itmik's buckshot
(Fr4G): >F4 coming [cross-water]
(cuky): >cuk: 0/100 sg:22 [ya] 
[bo]reco was gibbed by Fr4G's rocket
(Fr4G): >F4 coming [gl-quad]
(JohnNy_cz): >joh: &cff0ya&cfff at [ya]
(JohnNy_cz): >joh: &cff0ya&cfff at [ya]
(cuky): >cuk: coming [water-rl]
(Fr4G): >F4 coming [gl]
(Fr4G): >F4 took &cff0ya&cfff [ya]
(itmik): >itm: ga68/63 rl:0 [quad-stairs] 
sy rides JohnNy_cz's rocket
itmik was punctured by .ThundeR.
cuky chewed on lork's boomstick
(Fr4G): >F4 ya150/99 rl:8 [gl-stairs] 
(cuky): >cuk: __ [rl] 1
(cuky): >cuk: __ [rl] 1
sy: lags
lork chewed on cuky's boomstick
(Fr4G): >F4 coming [gl]
[bo]reco was gibbed by JohnNy_cz's rocket
(itmik): >itm: 0/100 sg:24 [mega-sng] 
[14] minutes remaining
Team [dc] leads by 25 frags
(cuky): >cuk: 0/52 sg:81 [rl] 
sy rides Fr4G's rocket
lork rides Fr4G's rocket
.ThundeR. rides Fr4G's rocket
(JohnNy_cz): >joh: ya24/18 rl:15 [quad] 
[bo]reco was gibbed by Fr4G's rocket
sy chewed on cuky's boomstick
(itmik): >itm: 0/100 sng:44 [quad] 
(Fr4G): >F4 took &cfffpack&cfff [quad-box]
(Fr4G): >F4 ya128/85 rl:3 [quad] &c05fquad&cfff
(cuky): >cuk: coming [start-rl]
sy was smeared by Fr4G's quad rocket
[bo]reco was brutalized by Fr4G's quad rocket
(Fr4G): >F4 __ [mega-low] rl:0
(itmik): >itm: 0/80 sng:58 [mega-low] 
(Fr4G): >F4 coming [mega-entry]
(cuky): >cuk: 0/82 ng:105 [start] 
(itmik): >itm: 0/80 sng:58 [rl-cross] 
(itmik): >itm: coming [water-ga]
.ThundeR. was lead poisoned by Fr4G
.ThundeR. was lead poisoned by Fr4G
cuky was punctured by lork
(cuky): >cuk: __ [bridge-room] 2
(cuky): >cuk: __ [bridge-room] 2
(Fr4G): >F4 coming [gl]
(itmik): >itm: coming [water-ga]
(itmik): >itm: 0/80 sng:18 [water-ga] 
(Fr4G): >F4 coming [gl-rox]
(cuky): >cuk: took gl [gl]
itmik chewed on sy's boomstick
(JohnNy_cz): >joh: ya1/96 rl:12 [ya] 
(Fr4G): >F4 took &cff0ya&cfff [ya]
(Fr4G): >F4 ya150/44 rl:10 [gl-stairs] &c05fquad&cfff
[bo]reco was gibbed by Fr4G's rocket
.ThundeR. chewed on itmik's boomstick
[bo]reco was gibbed by Fr4G's rocket
(itmik): >itm: 0/112 sng:83 [mega-sng] 
.ThundeR. rides Fr4G's rocket
Fr4G becomes bored with life
(itmik): >itm: 0/111 sng:83 [mega-low] 
lork: -   =Bs)
(cuky): >cuk: &cfffpack&cfff at [cross]
lork: -    =Bs)
(itmik): >itm: 0/107 rl:7 [cross] 
(Fr4G): >F4 coming [gl]
[bo]reco rides itmik's rocket
(JohnNy_cz): >joh: took &cff0ya&cfff [ya]
[13] minutes remaining
Team [dc] leads by 36 frags
(itmik): >itm: 0/100 rl:10 [mega-low] 
.ThundeR. was punctured by JohnNy_cz
(Fr4G): >F4 get &c05fquad&cfff
(Fr4G): >F4 get &c05fquad&cfff
(Fr4G): >F4 get &c05fquad&cfff
(Fr4G): >F4 get &c05fquad&cfff
(cuky): >cuk: 0/100 rl:9 [ya] 
[bo]reco rides JohnNy_cz's rocket
[bo]reco was straw-cuttered by JohnNy_cz
.ThundeR. was gibbed by itmik's rocket
(cuky): >cuk: 0/100 rl:9 [ya] 
(cuky): >cuk: took &cff0ya&cfff [ya]
.ThundeR. was ventilated by itmik
(itmik): >itm: 0/144 rl:5 [mega-low] 
sy ate 8 loads of JohnNy_cz's buckshot
.ThundeR.: =]
Fr4G was punctured by [bo]reco
(Fr4G): >F4 __ [mega-low] 1
[bo]reco was telefragged by Fr4G
itmik checks his glasses
sy rides cuky's rocket
(Fr4G): >F4 coming [ssg-spikes]
(itmik): >itm: 0/138 rl:4 [mega-low] 
JohnNy_cz rips .ThundeR. a new one
Fr4G was gibbed by lork's rocket
(itmik): >itm: 0/134 rl:9 [mega] 
[bo]reco was smeared by JohnNy_cz's quad rocket
(cuky): >cuk: &cff0ya&cfff at [ya]
(cuky): >cuk: &cff0ya&cfff at [ya]
Quad Damage is wearing off
.ThundeR.: zalosna jest ta mapa
lork ate 8 loads of JohnNy_cz's buckshot
lork: -   =Bs)
lork: -  =Bs)
lork: -   =Bs)
.ThundeR. rides cuky's rocket
(itmik): >itm: 0/125 rl:8 [mega-entry] 
(JohnNy_cz): >joh: coming [spikes]
lork: -    =Bs)
(cuky): >cuk: &cff0ya&cfff at [ya]
Fr4G was gibbed by [bo]reco's rocket
(itmik): >itm: 0/119 rl:13 [gl] 
(itmik): >itm: 0/118 rl:13 [ya-top] 
(itmik): >itm: 0/117 rl:13 [ya-top] 
(JohnNy_cz): >joh: took &cff0ya&cfff [ya]
(Fr4G): >F4 coming [ya]
(Fr4G): >F4 0/100 sg:64 [gl-stairs] 
[12] minutes remaining
Team [dc] leads by 44 frags
(Fr4G): >F4 0/100 sg:64 [quad] 
(Fr4G): >F4 get &c05fquad&cfff
(Fr4G): >F4 get &c05fquad&cfff
(Fr4G): >F4 get &c05fquad&cfff
(itmik): >itm: 0/100 rl:8 [ya-top] 
(cuky): >cuk: ya138/100 rl:12 [quad] 
(cuky): >cuk: team &c05fquad&cfff
(itmik): >itm: ya150/100 rl:8 [gl-stairs] 
[bo]reco was smeared by cuky's quad rocket
(cuky): >cuk: &cfffpack&cfff at [quad-stairs]
(itmik): >itm: ya150/100 rl:8 [gl-stairs] 
[bo]reco was brutalized by cuky's quad rocket
(Fr4G): >F4 coming [gl]
(cuky): >cuk: &cfffpack&cfff at [cross]
(cuky): >cuk: &cfffpack&cfff at [cross]
cuky rips [bo]reco a new one
(JohnNy_cz): >joh: __ [gl] rl:10
(Fr4G): >F4 need armor rockets
(Fr4G): >F4 coming [quad]
(cuky): >cuk: ya77/90 rl:8 [ya] &c05fquad&cfff
.ThundeR.: =]
(cuky): >cuk: took &cff0ya&cfff [ya]
(itmik): >itm: ya150/100 rl:8 [gl-stairs] 
sy was smeared by cuky's quad rocket
sy was gibbed by JohnNy_cz's rocket
.ThundeR. was gibbed by JohnNy_cz's rocket
.ThundeR. rides JohnNy_cz's rocket
.ThundeR. rides itmik's rocket
(cuky): >cuk: ya150/100 rl:8 [cross-water] 
(itmik): >itm: ya16/57 rl:4 [gl] 
(itmik): >itm: ya16/57 rl:4 [gl] 
(Fr4G): >F4 0/92 rl:10 [ya] 
(itmik): >itm: ya16/82 rl:4 [ya] 
lork was gibbed by cuky's rocket
.ThundeR. was ventilated by JohnNy_cz
cuky chewed on sy's boomstick
(cuky): >cuk: __ [mega-low] 1
(cuky): >cuk: __ [mega-low] 1
.ThundeR. rides JohnNy_cz's rocket
lork was ventilated by itmik
[11] minutes remaining
Team [dc] leads by 55 frags
(JohnNy_cz): >joh: coming [gl]
(itmik): >itm: 0/30 rl:0 [ya-top] 
(Fr4G): >F4 get &c05fquad&cfff
lork was gibbed by Fr4G's rocket
(Fr4G): >F4 team &c05fquad&cfff
cuky was punctured by sy
(cuky): >cuk: __ [mega-low] 2
(cuky): >cuk: __ [mega-low] 2
(itmik): >itm: ya150/55 rl:0 [ya-top] 
[bo]reco was brutalized by Fr4G's quad rocket
sy was brutalized by Fr4G's quad rocket
[bo]reco was smeared by Fr4G's quad rocket
.ThundeR. was smeared by Fr4G's quad rocket
(itmik): >itm: ya150/70 rl:0 [gl] 
(cuky): >cuk: coming [ya-water]
.ThundeR.: =]
lork: -   =Bs)
(Fr4G): >F4 &cfffpack&cfff at [cross-water]
(Fr4G): >F4 &cfffpack&cfff at [cross-water]
(Fr4G): >F4 &cfffpack&cfff at [cross-water]
(Fr4G): >F4 &cfffpack&cfff at [cross-water]
[bo]reco: bee po q D
[bo]reco ate 2 loads of JohnNy_cz's buckshot
[bo]reco rides itmik's rocket
.ThundeR. was lead poisoned by Fr4G
(cuky): >cuk: ga100/100 ssg:100 [cross-water] 
[bo]reco was gibbed by JohnNy_cz's rocket
(cuky): >cuk: coming [water-ga]
(JohnNy_cz): >joh: took &cff0ya&cfff [ya]
(JohnNy_cz): >joh: took &cff0ya&cfff [ya]
.ThundeR. was gibbed by itmik's rocket
lork ate 8 loads of Fr4G's buckshot
[bo]reco rides itmik's rocket
(JohnNy_cz): >joh: __ [ya] rl:5
(cuky): >cuk: took rl [rl]
(itmik): >itm: ya119/95 rl:2 [gl] 
(Fr4G): >F4 coming [cross-water]
.ThundeR. rides JohnNy_cz's rocket
(JohnNy_cz): >joh: coming [ya]
[bo]reco ate 2 loads of cuky's buckshot
(cuky): >cuk: ga69/42 rl:7 [rl] 
(Fr4G): >F4 get &c05fquad&cfff
(itmik): >itm: ya74/73 rl:10 [gl-rox] 
lork: -  =Bs)
lork rides cuky's rocket
[bo]reco was gibbed by cuky's rocket
.ThundeR. was gibbed by cuky's rocket
lork: -   =Bs)
[10] minutes remaining
Team [dc] leads by 71 frags
lork: -    =Bs)
.ThundeR.: =]
.ThundeR.: =]
.ThundeR. was ventilated by JohnNy_cz
(Fr4G): >F4 need armor rockets
(itmik): >itm: ya74/88 rl:15 [gl] 
.ThundeR. was ventilated by JohnNy_cz
[bo]reco was punctured by JohnNy_cz
(itmik): >itm: ya74/88 rl:15 [quad] 
[bo]reco was straw-cuttered by JohnNy_cz
lork was straw-cuttered by JohnNy_cz
(Fr4G): >F4 0/68 rl:0 [quad] 
(cuky): >cuk: ga58/42 rl:3 [ya] 
(Fr4G): >F4 need armor rockets
(itmik): >itm: ya74/88 rl:15 [gl-quad] 
(Fr4G): >F4 need armor rockets
(cuky): >cuk: ga58/42 rl:3 [ya] 
.ThundeR. was gibbed by itmik's rocket
(Fr4G): >F4 need armor rockets
(Fr4G): >F4 need armor rockets
(Fr4G): >F4 0/68 rl:0 [ya] 
(JohnNy_cz): >joh: took &cff0ya&cfff [ya]
.ThundeR. was gibbed by itmik's rocket
(Fr4G): >F4 took &cfffpack&cfff [gl]
(itmik): >itm: ya43/86 rl:8 [gl-quad] 
(Fr4G): >F4 0/68 rl:10 [gl] 
(Fr4G): >F4 coming [gl]
.ThundeR.: =]
(Fr4G): >F4 0/68 rl:10 [ya] 
(Fr4G): >F4 0/68 rl:10 [ya] 
JohnNy_cz rips lork a new one
lork: -   =Bs)
Quad Damage is wearing off
lork was gibbed by Fr4G's rocket
lork: -  =Bs)
(JohnNy_cz): >joh: ya47/100 rl:7 [gl] 
.ThundeR. was gibbed by itmik's grenade
.ThundeR.: :>
lork: -   =Bs)
lork: -    =Bs)
(Fr4G): >F4 ya150/80 rl:8 [gl-quad] 
(JohnNy_cz): >joh: __ [gl] rl:7
lork: -   =Bs)
.ThundeR. rides itmik's rocket
[9] minutes remaining
Team [dc] leads by 82 frags
lork: -  =Bs)
lork: -   =Bs)
(itmik): >itm: 0/35 rl:3 [mega] 
lork was gibbed by itmik's rocket
.ThundeR. ate 2 loads of Fr4G's buckshot
(cuky): >cuk: took &cff0ya&cfff [ya]
[bo]reco rides itmik's rocket
(Fr4G): >F4 team &c05fquad&cfff
(Fr4G): >F4 coming [quad]
(itmik): >itm: 0/78 rl:6 [quad] 
(cuky): >cuk: ya150/92 rl:1 [ya] 
[bo]reco ate 8 loads of Fr4G's buckshot
(Fr4G): >F4 ya94/100 rl:14 [gl-rox] &c05fquad&cfff
.ThundeR. rides cuky's rocket
(itmik): >itm: 0/100 rl:11 [gl] 
.ThundeR. rides itmik's rocket
(itmik): >itm: 0/100 rl:10 [ya-tele] 
Fr4G rides lork's rocket
lork rides itmik's rocket
lork chewed on cuky's boomstick
(itmik): >itm: ga79/82 rl:8 [door] 
.ThundeR. chewed on cuky's boomstick
(Fr4G): >F4 0/7 sg:71 [gl] 
(Fr4G): >F4 0/7 sg:71 [gl] 
(JohnNy_cz): >joh: took &cff0ya&cfff [ya]
[bo]reco rides itmik's rocket
(cuky): >cuk: ya85/68 rl:0 [gl] 
(itmik): >itm: ga55/79 rl:3 [quad] 
.ThundeR. chewed on Fr4G's boomstick
(cuky): >cuk: ya65/56 rl:0 [gl-rox] 
(itmik): >itm: ga55/79 rl:3 [gl-quad] 
(cuky): >cuk: ya65/56 rl:0 [gl-rox] 
(cuky): >cuk: ya65/56 rl:0 [gl-rox] 
Fr4G chewed on .ThundeR.'s boomstick
(JohnNy_cz): >joh: gl at [gl]
(JohnNy_cz): >joh: gl at [gl]
(JohnNy_cz): >joh: gl at [gl]
(JohnNy_cz): >joh: gl at [gl]
(Fr4G): >F4 __ [quad-stairs] 2
.ThundeR. rides itmik's rocket
.ThundeR.: =]
.ThundeR. eats itmik's pineapple
(cuky): >cuk: ya65/56 rl:15 [ya] 
(cuky): >cuk: took &cff0ya&cfff [ya]
(JohnNy_cz): >joh: ya150/100 rl:5 [gl] 
[8] minutes remaining
Team [dc] leads by 93 frags
.ThundeR. ate 2 loads of cuky's buckshot
Fr4G ate 2 loads of [bo]reco's buckshot
(Fr4G): >F4 coming [mega-low]
lork was perforated by JohnNy_cz
itmik chewed on .ThundeR.'s boomstick
(Fr4G): >F4 coming [mega-sng]
.ThundeR. rides cuky's rocket
.ThundeR. rides cuky's rocket
itmik was gibbed by sy's rocket
.ThundeR.: =]
(cuky): >cuk: ya106/53 rl:13 [quad] 
(Fr4G): >F4 coming [quad]
(JohnNy_cz): >joh: took &cff0ya&cfff [ya]
lork: mamy q :P
(Fr4G): >F4 coming [gl]
sy rides cuky's rocket
(cuky): >cuk: &cfffpack&cfff at [cross]
(cuky): >cuk: &cfffpack&cfff at [cross]
.ThundeR.: mielismy
.ThundeR.: :>
lork: -    =Bs)
lork: -   =Bs)
lork: -  =Bs)
(Fr4G): >F4 coming [gl-stairs]
(itmik): >itm: 0/100 rl:11 [cross] 
(itmik): >itm: 0/100 rl:10 [quad-stairs] 
sy rides cuky's rocket
.ThundeR. was gibbed by JohnNy_cz's rocket
(itmik): >itm: 0/52 rl:9 [gl-quad] 
(JohnNy_cz): >joh: ya123/35 rl:0 [gl] 
(Fr4G): >F4 0/100 gl:15 [gl] 
(itmik): >itm: 0/52 rl:9 [gl] 
(cuky): >cuk: ya61/83 rl:7 [gl-quad] 
Fr4G rides [bo]reco's rocket
sy was gibbed by itmik's rocket
lork: -   =Bs)
(Fr4G): >F4 __ [ya-water] 2
(cuky): >cuk: ya61/100 rl:6 [quad-stairs] 
(Fr4G): >F4 0/100 sg:22 [quad] 
[7] minutes remaining
Team [dc] leads by 97 frags
(cuky): >cuk: ya61/100 rl:6 [quad-stairs] 
(cuky): >cuk: ya61/100 rl:6 [quad-stairs] 
(cuky): >cu: __ quad-stairs safe  rl:6
lork rides cuky's rocket
[bo]reco rides JohnNy_cz's rocket
itmik was gibbed by .ThundeR.'s rocket
(itmik): >itm: 0/100 sg:24 [gl-quad] 
[bo]reco was gibbed by cuky's rocket
lork chewed on Fr4G's boomstick
lork: -    =Bs)
[bo]reco was punctured by cuky
(Fr4G): >F4 0/54 sg:100 [ya] 
lork was gibbed by cuky's rocket
(JohnNy_cz): >joh: took &cff0ya&cfff [ya]
(itmik): >itm: 0/41 ssg:88 [mega-sng] 
(cuky): >cuk: coming [quad]
(Fr4G): >F4 0/84 sg:100 [gl-quad] 
(itmik): >itm: 0/100 sng:200 [mega-entry] 
(cuky): >cuk: ya34/92 rl:10 [gl-rox] 
(cuky): >cu: __ gl-rox safe  rl:10
JohnNy_cz rides .ThundeR.'s rocket
itmik was gibbed by .ThundeR.'s rocket
.ThundeR.: =]
itmik rides [bo]reco's rocket
JohnNy_cz rides .ThundeR.'s rocket
(cuky): >cuk: gl at [gl]
(cuky): >cuk: gl at [gl]
Fr4G was gibbed by .ThundeR.'s rocket
(itmik): >itm: coming [start-water]
(itmik): >itm: 0/100 sg:24 [start-water] 
(JohnNy_cz): >joh: took gl [gl]
Fr4G chewed on lork's boomstick
.ThundeR.: =]
(itmik): >itm: 0/100 sg:24 [rl-cross] 
JohnNy_cz rides [bo]reco's rocket
(JohnNy_cz): >joh: __ [ya] x
(JohnNy_cz): >joh: __ [ya] x
.ThundeR. chewed on itmik's boomstick
itmik ate 2 loads of sy's buckshot
Fr4G ate 2 loads of sy's buckshot
(itmik): >itm: 0/100 sg:24 [gl-quad] 
[6] minutes remaining
Team [dc] leads by 94 frags
itmik ate 2 loads of .ThundeR.'s buckshot
JohnNy_cz rides [bo]reco's rocket
Fr4G rides [bo]reco's rocket
(Fr4G): >F4 __ [ya-water] 1
(cuky): >cuk: took &c0b0ga&cfff [ga]
.ThundeR. chewed on Fr4G's boomstick
(cuky): >cuk: coming [door]
Fr4G was ventilated by lork
JohnNy_cz was straw-cuttered by lork
cuky was punctured by lork
(cuky): >cuk: __ [gl-quad] 2
itmik ate 2 loads of sy's buckshot
(JohnNy_cz): >joh: took &cff0ya&cfff [ya]
(itmik): >itm: 0/100 sg:24 [ya] 
itmik ate 8 loads of lork's buckshot
(cuky): >cuk: coming [water-ga]
(JohnNy_cz): >joh: coming [water-ga]
.ThundeR.: :(
(itmik): >itm: 0/100 sg:24 [quad] 
sy chewed on Fr4G's boomstick
(JohnNy_cz): >joh: took rl [rl]
Fr4G: =]
Fr4G: =]
itmik was ventilated by [bo]reco
(Fr4G): >F4 coming [mega-sng]
lork: -   =Bs)
(cuky): >cuk: 0/100 sg:44 [cross-water] 
(JohnNy_cz): >joh: ya150/100 rl:5 [mega-low] 
(JohnNy_cz): >joh: ya150/100 rl:5 [mega-low] 
.ThundeR.: zabij
.ThundeR.: mnie
[bo]reco loses another friend
(Fr4G): >F4 0/100 sng:200 [mega] 
[bo]reco: :D
(Fr4G): >F4 took &c0a0mega&cfff [mega]
(Fr4G): >F4 0/200 sng:200 [cross] 
[bo]reco rides JohnNy_cz's rocket
(Fr4G): >F4 took &cfffpack&cfff [quad]
(itmik): >itm: 0/100 sg:24 [quad-stairs] 
(Fr4G): >F4 coming [quad]
lork rides Fr4G's rocket
[bo]reco rides JohnNy_cz's rocket
(JohnNy_cz): >joh: ya26/63 rl:2 [quad] 
(itmik): >itm: 0/100 sg:87 [quad] 
lork rides Fr4G's rocket
cuky eats [bo]reco's pineapple
(cuky): >cuk: __ [gl] 2
(cuky): >cuk: __ [gl] 2
(cuky): >cuk: __ [gl] 2
Fr4G ate 2 loads of sy's buckshot
[bo]reco was gibbed by JohnNy_cz's rocket
itmik eats [bo]reco's pineapple
(cuky): >cuk: 0/100 sg:24 [rl] 
(Fr4G): >F4 coming [gl]
sy was gibbed by JohnNy_cz's rocket
[bo]reco was gibbed by JohnNy_cz's rocket
(Fr4G): >F4 took &cfffpack&cfff [ya]
[5] minutes remaining
Team [dc] leads by 92 frags
(Fr4G): >F4 took &cff0ya&cfff [ya]
(Fr4G): >F4 coming [gl-stairs]
.ThundeR. rides Fr4G's rocket
sy chewed on itmik's boomstick
lork was gibbed by JohnNy_cz's rocket
(cuky): >cuk: 0/100 sg:8 [ya-water] 
(itmik): >itm: 0/76 sg:38 [gl-sng] 
(Fr4G): >F4 coming [ga]
sy was gibbed by Fr4G's rocket
(Fr4G): >F4 coming [water-ga]
(cuky): >cuk: coming [ssg-spikes]
(Fr4G): >F4 coming [water-ga]
lork chewed on itmik's boomstick
(itmik): >itm: 0/76 sg:29 [ya-tele] 
JohnNy_cz was gibbed by .ThundeR.'s rocket
(JohnNy_cz): >joh: __ [gl] x
(JohnNy_cz): >joh: __ [gl] x
(JohnNy_cz): >joh: __ [gl] x
(Fr4G): >F4 coming [door]
(itmik): >itm: coming [water-ga]
(itmik): >itm: coming [water-lift]
(itmik): >itm: 0/100 sg:29 [water-lift] 
JohnNy_cz was gibbed by .ThundeR.'s rocket
[bo]reco rides Fr4G's rocket
sy rides Fr4G's rocket
(cuky): >cuk: 0/100 ssg:100 [cross] 
(Fr4G): >F4 coming [quad]
(itmik): >itm: ga100/100 sg:29 [ssg] 
(cuky): >cuk: 0/100 ssg:98 [ga] 
[bo]reco was gibbed by Fr4G's rocket
sy ate 2 loads of cuky's buckshot
Fr4G rides .ThundeR.'s rocket
lork: miales 137 :(
(cuky): >cuk: 0/44 ssg:100 [ga] 
JohnNy_cz was gibbed by .ThundeR.'s rocket
(JohnNy_cz): >joh: __ [gl] x
(JohnNy_cz): >joh: __ [gl] x
(itmik): >itm: ga100/100 ssg:48 [water-ga] 
(cuky): >cuk: 0/69 ssg:100 [ga] 
(itmik): >itm: coming [water-ga]
JohnNy_cz was gibbed by .ThundeR.'s rocket
(cuky): >cuk: took &c0b0ga&cfff [ga]
(itmik): >itm: ga100/100 ssg:48 [rl] 
(cuky): >cuk: coming [ga]
(cuky): >cuk: coming [bridge]
(cuky): >cuk: ga100/69 ssg:100 [water-ga] 
(Fr4G): >F4 0/100 sg:44 [rl] 
(cuky): >cuk: ga85/39 ssg:100 [rl] 
lork becomes bored with life
(cuky): >cuk: ga85/89 ssg:100 [rl] 
(JohnNy_cz): >joh: took &cfffpack&cfff [water-ga]
(itmik): >itm: ga100/100 ssg:48 [rl-cross] 
lork: :((
itmik was gibbed by .ThundeR.'s rocket
[4] minutes remaining
Team [dc] leads by 96 frags
(cuky): >cuk: ga85/89 ssg:100 [rl] 
(itmik): >itm: 0/100 sg:24 [rl] 
(Fr4G): >F4 coming [cross]
.ThundeR. chewed on itmik's boomstick
(Fr4G): >F4 get &c05fquad&cfff
(Fr4G): >F4 get &c05fquad&cfff
(cuky): >cuk: ga85/89 rl:5 [rl] 
(JohnNy_cz): >joh: 0/32 rl:11 [start-stairs] 
(cuky): >cuk: ga85/89 rl:5 [cross-water] 
itmik was gibbed by [bo]reco's rocket
Fr4G was gibbed by [bo]reco's rocket
[bo]reco rides cuky's rocket
lork was gibbed by cuky's rocket
(Fr4G): >F4 coming [mega-low]
.ThundeR. ate 8 loads of cuky's buckshot
sy rides cuky's rocket
(Fr4G): >F4 coming [gl-quad]
(itmik): >itm: 0/100 sg:15 [gl-quad] 
(itmik): >itm: 0/100 sg:15 [gl] 
sy rides JohnNy_cz's rocket
(itmik): >itm: 0/100 sg:15 [gl] 
(cuky): >cuk: ga78/100 rl:27 [ya] &c05fquad&cfff
(cuky): >cuk: ga78/100 rl:27 [ya] &c05fquad&cfff
sy chewed on JohnNy_cz's boomstick
sy rides JohnNy_cz's rocket
(itmik): >itm: 0/69 gl:3 [gl] 
[bo]reco was gibbed by JohnNy_cz's rocket
(cuky): >cuk: took &cff0ya&cfff [ya]
[bo]reco eats itmik's pineapple
cuky loses another friend
(Fr4G): >F4 coming [quad]
(itmik): >itm: 0/53 gl:10 [gl-rox] 
lork was smeared by cuky's quad rocket
(JohnNy_cz): >joh: ga91/81 rl:10 [ya] 
sy eats itmik's pineapple
(JohnNy_cz): >joh: __ [ya] rl:10
sy rides cuky's rocket
(Fr4G): >F4 coming [cross-water]
(JohnNy_cz): >joh: &cff0ya&cfff at [ya]
(cuky): >cuk: took &c0a0mega&cfff [mega]
(JohnNy_cz): >joh: took &cff0ya&cfff [ya]
[bo]reco rides JohnNy_cz's rocket
(cuky): >cuk: ya100/194 rl:23 [mega] 
(Fr4G): >F4 ga76/98 sg:22 [mega-entry] 
(JohnNy_cz): >joh: gl at [gl]
[3] minutes remaining
Team [dc] leads by 107 frags
Fr4G rides lork's rocket
.ThundeR. rides cuky's rocket
itmik chewed on [bo]reco's boomstick
.ThundeR. rides JohnNy_cz's rocket
(itmik): >itm: 0/100 sg:24 [spikes] 
[bo]reco chewed on Fr4G's boomstick
.ThundeR. rides cuky's rocket
Fr4G rides lork's rocket
.ThundeR. rides JohnNy_cz's rocket
[bo]reco rides cuky's rocket
sy rides cuky's rocket
[bo]reco was gibbed by cuky's rocket
(cuky): >cuk: ya65/150 rl:14 [quad-stairs] 
[bo]reco chewed on Fr4G's boomstick
.ThundeR. rides JohnNy_cz's rocket
.ThundeR. rides cuky's rocket
lork: -  =Bs)
itmik rides lork's rocket
(cuky): >cuk: ya18/114 rl:9 [quad-stairs] 
(itmik): >itm: 0/100 sg:24 [quad] 
cuky rides lork's rocket
(cuky): >cuk: __ [mega-low] 1
(itmik): >itm: 0/100 rl:7 [mega-sng] 
lork: -   =Bs)
lork: -    =Bs)
lork chewed on JohnNy_cz's boomstick
lork: -   =Bs)
(Fr4G): >F4 took rl [rl]
(Fr4G): >F4 0/72 rl:5 [rl] 
sy ate 8 loads of JohnNy_cz's buckshot
Quad Damage is wearing off
.ThundeR. ate 8 loads of JohnNy_cz's buckshot
.ThundeR.: =]
(Fr4G): >F4 0/72 rl:5 [cross] 
cuky chewed on .ThundeR.'s boomstick
(itmik): >itm: 0/58 rl:6 [cross] 
(cuky): >cuk: __ [gl-stairs] 2
.ThundeR. rides Fr4G's rocket
(cuky): >cuk: took &c0a0mega&cfff [mega]
sy rides itmik's rocket
JohnNy_cz chewed on lork's boomstick
(JohnNy_cz): >joh: __ [ya] x
(JohnNy_cz): >joh: __ [ya] x
lork: -  =Bs)
(cuky): >cuk: coming [mega-entry]
(Fr4G): >F4 coming [gl]
[2] minutes remaining
Team [dc] leads by 116 frags
sy mows down a teammate
lork chewed on JohnNy_cz's boomstick
(Fr4G): >F4 took &cff0ya&cfff [ya]
(Fr4G): >F4 ya150/76 rl:11 [ya] 
lork was ventilated by itmik
lork: -   =Bs)
(JohnNy_cz): >joh: took &c0b0ga&cfff [ga]
.ThundeR. rides Fr4G's rocket
(itmik): >itm: 0/55 rl:2 [ya] 
(Fr4G): >F4 __ [gl] rl:11
(Fr4G): >F4 ya145/73 rl:11 [gl] 
(Fr4G): >F4 __ [gl] rl:11
(Fr4G): >F4 __ [gl] rl:11
cuky chewed on sy's boomstick
sy was ventilated by cuky
(Fr4G): >F4 get &c05fquad&cfff
(cuky): >cuk: __ [mega-sng] 1
(Fr4G): >F4 get &c05fquad&cfff
[bo]reco ate 2 loads of JohnNy_cz's buckshot
(Fr4G): >F4 get &c05fquad&cfff
cuky: 8)
cuky: 8)
lork rides Fr4G's rocket
[bo]reco: :E
(Fr4G): >F4 took &cfffpack&cfff [quad-box]
(Fr4G): >F4 coming [quad]
JohnNy_cz chewed on [bo]reco's boomstick
(JohnNy_cz): >joh: __ [quad] x
lork was ventilated by itmik
(itmik): >itm: &cff0ya&cfff at [ya-top]
cuky chewed on [bo]reco's boomstick
(JohnNy_cz): >joh: &cfffpack&cfff at [ya-spikes]
(cuky): >cuk: __ [quad-stairs] 4
(cuky): >cuk: __ [quad-stairs] 4
(Fr4G): >F4 took &cff0ya&cfff [ya]
(Fr4G): >F4 ya150/86 rl:10 [ya-tele] &c05fquad&cfff
(Fr4G): >F4 coming [ya-water]
(JohnNy_cz): >joh: &cfffpack&cfff at [ya-water]
.ThundeR.: :F
MateK overflowed
(cuky): >cuk: 0/100 sg:24 [ya] 
lork: -    =Bs)
(itmik): >itm: ga100/100 rl:0 [door] 
(Fr4G): >F4 coming [cross-water]
(Fr4G): >F4 ya150/100 rl:8 [cross-water] &c05fquad&cfff
(JohnNy_cz): >joh: coming [spikes]
Fr4G rips sy a new one
lork was brutalized by Fr4G's quad rocket
(Fr4G): >F4 coming [mega-low]
[bo]reco rides Fr4G's rocket
(JohnNy_cz): >joh: took &cff0ya&cfff [ya]
(itmik): >itm: ga100/100 rl:5 [mega] 
(Fr4G): >F4 ya125/99 rl:10 [gl] 
(Fr4G): >F4 rockets at [gl-rox]
(Fr4G): >F4 rockets at [gl-rox]
(Fr4G): >F4 rockets at [gl-rox]
(Fr4G): >F4 rockets at [gl-rox]
lork discovers blast radius
lork: -   =Bs)
lork: -  =Bs)
lork: -   =Bs)
(Fr4G): >F4 __ [gl] rl:10
lork: -    =Bs)
(JohnNy_cz): >joh: took &cfffpack&cfff [rl]
lork: :e
[1] minute remaining
Team [dc] leads by 125 frags
[bo]reco rides itmik's rocket
(cuky): >cuk: 0/97 sg:90 [ya] 
(Fr4G): >F4 coming [gl]
lork: -   =Bs)
(Fr4G): >F4 ya125/100 rl:20 [ya] 
(JohnNy_cz): >joh: ya45/30 rl:4 [water-spikes] 
(cuky): >cuk: took &cff0ya&cfff [ya]
(cuky): >cuk: coming [ya-water]
sy rides Fr4G's rocket
lork was punctured by itmik
[bo]reco rides Fr4G's rocket
(Fr4G): >F4 __ [quad] rl:17
(JohnNy_cz): >joh: coming [spikes]
(Fr4G): >F4 team &c05fquad&cfff
(cuky): >cuk: ya147/100 sg:90 [rl] 
[bo]reco was gibbed by itmik's rocket
sy ate 8 loads of Fr4G's buckshot
(itmik): >itm: ga27/98 rl:2 [mega-rox] 
(cuky): >cuk: took rl [rl]
(cuky): >cuk: ya147/100 rl:8 [rl] 
.ThundeR. was gibbed by JohnNy_cz's rocket
lork ate 8 loads of Fr4G's buckshot
[bo]reco rides cuky's rocket
.ThundeR. rides itmik's rocket
[30] seconds
(JohnNy_cz): >joh: took &cff0ya&cfff [ya]
[bo]reco rides cuky's rocket
.ThundeR. ate 8 loads of Fr4G's buckshot
lork rides itmik's rocket
sy was brutalized by Fr4G's quad rocket
[bo]reco was perforated by JohnNy_cz
(Fr4G): >F4 coming [start-stairs]
lork was gibbed by cuky's rocket
(cuky): >cuk: &cfffpack&cfff at [gl-rox]
[15] seconds
.ThundeR. ate 8 loads of Fr4G's buckshot
(itmik): >itm: 0/76 rl:5 [mega-rox] 
.ThundeR. rides JohnNy_cz's rocket
[10] seconds
[bo]reco was gibbed by cuky's rocket
[9] seconds
(Fr4G): >F4 coming [gl]
[8] seconds
[7] seconds
[6] seconds
lork chewed on itmik's boomstick
[5] seconds
(JohnNy_cz): >joh: took gl [gl]
[4] seconds
itmik was gibbed by .ThundeR.'s rocket
[3] seconds
(itmik): >itm: 0/100 sg:24 [rl] 
(cuky): >cuk: ya150/54 rl:2 [ya] 
[2] seconds
[1] second
The match is over

Player statistics:
Frags (rank) friendkills . efficiency
___________________________________
Team [nc]:
__________
_ [bo]reco:
  29 (-35) 2 31.2%
Wp: rl61.8% gl33.3% sg19.2% ssg23.4%
RL skill: ad:60.6 dh:10
Armr&mhs: ga:10 ya:6 ra:0 mh:2
Powerups: Q:1 P:0 R:0
      RL: Took:14 Killed:3 Dropped:10
  Damage: Tkn:8199 Gvn:5210 Tm:177
 Streaks: Frags:9 QuadRun:0
  SpawnFrags: [0]
__________
_ lork:
  19 (-39) 0 24.7%
Wp: gl42.9% sg34.9% ssg60.7%
RL skill: ad:63.4 dh:0
Armr&mhs: ga:6 ya:6 ra:0 mh:3
Powerups: Q:1 P:0 R:0
      RL: Took:11 Killed:5 Dropped:8
  Damage: Tkn:7700 Gvn:5239 Tm:338
 Streaks: Frags:5 QuadRun:3
  SpawnFrags: [1]
__________
_ sy:
  15 (-32) 1 24.2%
Wp: sg26.5% ssg27.0%
RL skill: ad:58.3 dh:0
Armr&mhs: ga:9 ya:1 ra:0 mh:7
Powerups: Q:0 P:0 R:0
      RL: Took:7 Killed:3 Dropped:6
  Damage: Tkn:6344 Gvn:2619 Tm:222
 Streaks: Frags:3 QuadRun:0
  SpawnFrags: [0]
__________
_ .ThundeR.:
  24 (-52) 1 24.0%
Wp: rl82.9% gl26.7% sg28.0% ssg25.0%
RL skill: ad:54.3 dh:7
Armr&mhs: ga:5 ya:3 ra:0 mh:4
Powerups: Q:1 P:0 R:0
      RL: Took:7 Killed:7 Dropped:4
  Damage: Tkn:8972 Gvn:5330 Tm:366
 Streaks: Frags:6 QuadRun:0
  SpawnFrags: [1]

Team [dc]:
__________
_ JohnNy_cz:
  63 (43) 1 75.9%
Wp: rl76.3% sg21.9% ssg39.7%
RL skill: ad:66.5 dh:18
Armr&mhs: ga:3 ya:15 ra:0 mh:1
Powerups: Q:8 P:0 R:0
      RL: Took:5 Killed:14 Dropped:0
  Damage: Tkn:4560 Gvn:7725 Tm:390
 Streaks: Frags:39 QuadRun:5
  SpawnFrags: [10]
__________
_ Fr4G:
  66 (36) 0 68.8%
Wp: rl61.8% gl12.9% sg27.6% ssg32.4%
RL skill: ad:73.2 dh:14
Armr&mhs: ga:2 ya:9 ra:0 mh:1
Powerups: Q:6 P:0 R:0
      RL: Took:7 Killed:6 Dropped:3
  Damage: Tkn:4378 Gvn:8128 Tm:329
 Streaks: Frags:14 QuadRun:6
  SpawnFrags: [5]
__________
_ cuky:
  55 (39) 1 77.5%
Wp: rl55.0% gl10.0% sg26.2% ssg26.9%
RL skill: ad:63.8 dh:20
Armr&mhs: ga:3 ya:8 ra:0 mh:4
Powerups: Q:2 P:0 R:0
      RL: Took:6 Killed:11 Dropped:3
  Damage: Tkn:3393 Gvn:7237 Tm:417
 Streaks: Frags:16 QuadRun:4
  SpawnFrags: [6]
__________
_ itmik:
  47 (12) 2 57.3%
Wp: rl55.4% gl26.2% sg24.5% ssg31.0%
RL skill: ad:60.4 dh:11
Armr&mhs: ga:6 ya:5 ra:0 mh:5
Powerups: Q:1 P:0 R:0
      RL: Took:6 Killed:5 Dropped:2
  Damage: Tkn:6067 Gvn:8125 Tm:459
 Streaks: Frags:20 QuadRun:6
  SpawnFrags: [5]

___________________________________
[nc] vs [dc] match statistics:
___________________________________

weapons, powerups, armors&mhs, damage
___________________________________
[nc]: Wp: rl17 gl7 sg28% ssg28%
Powerups: Q:3 P:0 R:0
Armr&mhs: ga:30 ya:16 ra:0 mh:16
      RL: Took:39 Killed:18 Dropped:28
  Damage: Tkn:31215 Gvn:18398 Tm:1103
[dc]: Wp: rl63 gl10 sg25% ssg33%
Powerups: Q:17 P:0 R:0
Armr&mhs: ga:14 ya:37 ra:0 mh:11
      RL: Took:24 Killed:36 Dropped:8
  Damage: Tkn:18398 Gvn:31215 Tm:1595
___________________________________
[e1m2] top scorers:
___________________________________
      Frags: Fr4G [66]
     Deaths: .ThundeR. [76]
Friendkills: [bo]reco [2]
             itmik [2]
 Efficiency: cuky [77.5%]
 FragStreak: JohnNy_cz [39]
    QuadRun: Fr4G [6]
             itmik [6]
___________________________________

Team scores: frags . percentage
___________________________________
[nc]: 87 . 27.4%
[dc]: 231 . 72.6%
___________________________________
Auto demo recording and console logging still in progress
Match scoreboard saved to johnny/0710/4on4_JohnNy_cz_(nc_vs_dc)_[e1m2]_001.jpg
Fr4G: gg
lork: :)
Fr4G: :]
lork: gg
