matchdate: 2011-01-27 15:43:28 MSK
The match has begun!
&c0ff... SHAFT ...
&cf00... ROCKS ...
&c0ff... SHAFT ...
&cf00... ROCKS ...
&c0ff... SHAFT ...
&cf00... ROCKS ...
&c0ff... SHAFT ...
&cf00... ROCKS ...
&c0ff... SHAFT ...
&cf00... ROCKS ...
Dar: :)
&c0ff... SHAFT ...
darkstorm: :P
&cf00... ROCKS ...
&c0ff... SHAFT ...
&cf00... ROCKS ...
&c0ff... SHAFT ...
&cf00... ROCKS ...
&c0ff... SHAFT ...
darkstorm was gibbed by Dar's rocket
&cf00... ROCKS ...
darkstorm: :P
&c0ff... SHAFT ...
&cf00... ROCKS ...
&c0ff... SHAFT ...
&cf00... ROCKS ...
Dar: :)
&c0ff... SHAFT ...
&cf00... ROCKS ...
&c0ff... SHAFT ...
&cf00... ROCKS ...
&c0ff... SHAFT ...
&cf00... ROCKS ...
darkstorm accepts Dar's shaft
[9] minutes remaining
&c0ff... SHAFT ...
&cf00... ROCKS ...
darkstorm was gibbed by Dar's rocket
darkstorm accepts Dar's shaft
darkstorm was gibbed by Dar's rocket
&c0ff... SHAFT ...
&cf00... ROCKS ...
darkstorm accepts Dar's shaft
darkstorm: :P
Dar: :)
darkstorm rides Dar's rocket
darkstorm: :P
&c0ff... SHAFT ...
&cf00... ROCKS ...
&c0ff... SHAFT ...
[8] minutes remaining
&cf00... ROCKS ...
&c0ff... SHAFT ...
&cf00... ROCKS ...
&c0ff... SHAFT ...
&cf00... ROCKS ...
&c0ff... SHAFT ...
&cf00... ROCKS ...
Dar rides darkstorm's rocket
Dar: :)
darkstorm: :P
&c0ff... SHAFT ...
&cf00... ROCKS ...
&c0ff... SHAFT ...
&cf00... ROCKS ...
&c0ff... SHAFT ...
&cf00... ROCKS ...
&c0ff... SHAFT ...
&cf00... ROCKS ...
&c0ff... SHAFT ...
darkstorm: :P
Dar accepts darkstorm's shaft
&cf00... ROCKS ...
Dar: :)
&c0ff... SHAFT ...
&cf00... ROCKS ...
[7] minutes remaining
&c0ff... SHAFT ...
&cf00... ROCKS ...
&c0ff... SHAFT ...
darkstorm was gibbed by Dar's rocket
darkstorm: :P
Dar: :)
&cf00... ROCKS ...
&c0ff... SHAFT ...
&cf00... ROCKS ...
&c0ff... SHAFT ...
Dar: :)
darkstorm: :P
&cf00... ROCKS ...
&c0ff... SHAFT ...
&cf00... ROCKS ...
darkstorm accepts Dar's shaft
&c0ff... SHAFT ...
&cf00... ROCKS ...
&c0ff... SHAFT ...
&cf00... ROCKS ...
[6] minutes remaining
&c0ff... SHAFT ...
&cf00... ROCKS ...
&c0ff... SHAFT ...
&cf00... ROCKS ...
darkstorm rides Dar's rocket
darkstorm: :P
&c0ff... SHAFT ...
Dar: :)
&cf00... ROCKS ...
&c0ff... SHAFT ...
&cf00... ROCKS ...
&c0ff... SHAFT ...
&cf00... ROCKS ...
&c0ff... SHAFT ...
darkstorm rides Dar's rocket
&cf00... ROCKS ...
[5] minutes remaining
darkstorm: :P
&c0ff... SHAFT ...
&cf00... ROCKS ...
&c0ff... SHAFT ...
&cf00... ROCKS ...
darkstorm accepts Dar's shaft
darkstorm: :P
&c0ff... SHAFT ...
&cf00... ROCKS ...
[4] minutes remaining
darkstorm was gibbed by Dar's rocket
darkstorm accepts Dar's shaft
darkstorm rides Dar's rocket
&c0ff... SHAFT ...
&cf00... ROCKS ...
darkstorm accepts Dar's shaft
[3] minutes remaining
darkstorm accepts Dar's shaft
Dar: :)
&c0ff... SHAFT ...
&cf00... ROCKS ...
&c0ff... SHAFT ...
&cf00... ROCKS ...
[2] minutes remaining
&c0ff... SHAFT ...
&cf00... ROCKS ...
&c0ff... SHAFT ...
&cf00... ROCKS ...
Dar: :)
&c0ff... SHAFT ...
&cf00... ROCKS ...
[1] minute remaining
&c0ff... SHAFT ...
&cf00... ROCKS ...
&c0ff... SHAFT ...
darkstorm was ventilated by Dar
Dar: :)
&cf00... ROCKS ...
[30] seconds
[15] seconds
[10] seconds
[9] seconds
[8] seconds
[7] seconds
[6] seconds
[5] seconds
[4] seconds
[3] seconds
[2] seconds
[1] second
Dar was telefragged by darkstorm
The match is over

Player statistics:
Frags (rank) . efficiency
___________________________________
_ Dar:
  18 (15) 85.7%
Wp: lg24.9% rl32.3% gl9.1% sg16.7%
RL skill: ad:87.2 dh:16
   Speed: max:1037.1 average:288.3
Armr&mhs: ga:5 ya:0 ra:17 mh:5
  Damage: Tkn:3305 Gvn:5306 Tm:0
 EndGame: H:-99 A:0
  SpawnFrags: 1
__________

_ darkstorm:
  3 (-15) 14.3%
Wp: lg14.8% rl24.8% gl3.8% sg7.7%
RL skill: ad:71.2 dh:2
   Speed: max:1111.6 average:306.2
Armr&mhs: ga:12 ya:0 ra:8 mh:9
  Damage: Tkn:5306 Gvn:3305 Tm:0
 EndGame: H:69 A:ra77
  SpawnFrags: 0
__________

