matchdate: 2011-01-07 01:11:54 CET
The match has begun!
Protection is almost burned out
pleuraxeraphim accepts n|x's shaft
Protection is almost burned out
pleuraxeraphim rides n|x's rocket
Protection is almost burned out
pleuraxeraphim was gibbed by n|x's rocket
Protection is almost burned out
pleuraxeraphim was gibbed by n|x's rocket
Protection is almost burned out
pleuraxeraphim was gibbed by n|x's rocket
Protection is almost burned out
[2] minutes remaining
pleuraxeraphim was gibbed by n|x's rocket
Protection is almost burned out
pleuraxeraphim was gibbed by n|x's rocket
Protection is almost burned out
pleuraxeraphim was gibbed by n|x's rocket
Protection is almost burned out
pleuraxeraphim rides n|x's rocket
Protection is almost burned out
n|x was gibbed by pleuraxeraphim's rocket
n|x: =)
pleuraxeraphim accepts n|x's shaft
Protection is almost burned out
pleuraxeraphim accepts n|x's shaft
Protection is almost burned out
pleuraxeraphim rides n|x's rocket
[1] minute remaining
Protection is almost burned out
pleuraxeraphim was gibbed by n|x's rocket
Protection is almost burned out
n|x was gibbed by pleuraxeraphim's rocket
pleuraxeraphim was gibbed by n|x's rocket
Protection is almost burned out
[30] seconds
pleuraxeraphim was gibbed by n|x's rocket
Protection is almost burned out
n|x was gibbed by pleuraxeraphim's rocket
[15] seconds
pleuraxeraphim was gibbed by n|x's rocket
Protection is almost burned out
[10] seconds
[9] seconds
[8] seconds
[7] seconds
[6] seconds
[5] seconds
[4] seconds
pleuraxeraphim accepts n|x's shaft
[3] seconds
Protection is almost burned out
[2] seconds
[1] second
The match is over

Player statistics:
Frags (rank) . efficiency
___________________________________
_ pleuraxeraphim:
  3 (-14) 15.0%
Wp: rl27.0%
RL skill: ad:63.8 dh:2
   Speed: max:958.2 average:263.4
Armr&mhs: ga:0 ya:0 ra:0 mh:0
  Damage: Tkn:7216 Gvn:1716 Tm:0
  EndGame  H&A: [H:250].[A:ra:174]
  SpawnFrags: [0]
__________

_ n|x:
  17 (14) 85.0%
Wp: lg25.6% rl53.1%
RL skill: ad:79.5 dh:15
   Speed: max:1005.6 average:293.9
Armr&mhs: ga:0 ya:0 ra:0 mh:0
  Damage: Tkn:1716 Gvn:7216 Tm:0
  EndGame  H&A: [H:112].[A:0]
  SpawnFrags: [0]
__________

