(fl4m3r): ne ja
jebak: hf
Spectator leeshay left the game
(fl4m3r): ja chtel dm2
(jebak): stfu a rozmrdejte je
(jebak): >jbk 1000/1030 rl:100 lg:100 [cross] 
matchdate: 2008-01-31 23:23:04 CET
The match has begun!
(fl4m3r): >flm    0/100 sg:25 [rl]
(JohnNy_cz): >joh: 0/100 sg:25 [quad] 
(fl4m3r): >flm    took rl [rl]
(jebak): >jbk took &cff0ya&cfff [ya-top]
stevens! chewed on JohnNy_cz's boomstick
(JohnNy_cz): >joh: team &c05fquad&cfff
(fl4m3r): >flm    took mega [mega]
itmik ate 2 loads of crash!'s buckshot
(fl4m3r): >flm    0/173 rl:9 [mega-entry]
crash! rides fl4m3r's rocket
zero! was lead poisoned by JohnNy_cz
stevens! rides fl4m3r's rocket
(fl4m3r): >flm    0/85 rl:6 [mega-low]
(jebak): >jbk ya150/100 ssg:95 [mega-low] 
(fl4m3r): >flm    0/85 rl:6 [mega-low]
stevens! was lead poisoned by JohnNy_cz
zero! chewed on fl4m3r's boomstick
(JohnNy_cz): >joh: 0/52 sg:100 [ya] &c05fquad&cfff
(jebak): >jbk ya150/100 ssg:95 [quad] 
stevens! chewed on fl4m3r's boomstick
(itmik): >itm: coming [water-ga]
(itmik): >itm: 0/100 sg:43 [water-ga] 
(fl4m3r): >flm    0/61 rl:4 [mega-low]
(JohnNy_cz): >joh: took &cff0ya&cfff [ya]
(fl4m3r): >flm    0/100 rl:4 [mega]
(JohnNy_cz): >joh: coming [water-ga]
stevens! eats jebak's pineapple
orion! chewed on JohnNy_cz's boomstick
(fl4m3r): >flm    need armor rockets [mega]
zero! chewed on itmik's boomstick
(fl4m3r): >flm    0/100 rl:4 [mega]
crash! chewed on JohnNy_cz's boomstick
(JohnNy_cz): >joh: took rl [rl]
Quad Damage is wearing off
zero! was gibbed by fl4m3r's rocket
JohnNy_cz rips orion! a new one
crash! was gibbed by jebak's grenade
(fl4m3r): >flm    0/196 rl:2 [mega]
zero! was lead poisoned by JohnNy_cz
(itmik): >itm: 0/40 sg:45 [rl-cross] 
(fl4m3r): >flm    0/195 rl:2 [mega-rox]
(fl4m3r): >flm    took rockets [mega-rox]
orion! rides JohnNy_cz's rocket
(fl4m3r): >flm    need armor [quad-stairs]
(fl4m3r): >flm    need armor [quad]
(fl4m3r): >flm    coming [quad]
(fl4m3r): >flm    0/190 rl:7 [quad]
(JohnNy_cz): >joh: 0/20 rl:2 [gl] 
(JohnNy_cz): >joh: 0/20 rl:2 [gl] 
(JohnNy_cz): >joh: 0/20 rl:2 [gl] 
orion! rides fl4m3r's rocket
(fl4m3r): >flm    0/174 rl:5 [gl]
(jebak): >jbk ya42/100 gl:8 [cross] 
(fl4m3r): >flm    0/170 rl:5 [ya-top]
(fl4m3r): >flm    get quad
(jebak): >jbk ya42/100 gl:13 [gl] 
orion! was gibbed by JohnNy_cz's rocket
(JohnNy_cz): >joh: 0/50 rl:1 [quad] 
(fl4m3r): >flm    0/165 rl:5 [ya-top]
(itmik): >itm: 0/100 sng:42 [quad] 
[19] minutes remaining
Team [cze] leads by 17 frags
(jebak): >jbk __ get quad
JohnNy_cz loses another friend
(fl4m3r): >flm    took ya [ya-top]
itmik rides stevens!'s rocket
orion!: KVADDISZON
(JohnNy_cz): >joh: 0/58 rl:0 [gl] 
jebak rides stevens!'s rocket
(jebak): >jbk 0/-1 gl:8 [gl-quad] 
stevens! rides fl4m3r's rocket
(JohnNy_cz): >joh: 0/83 rl:0 [ya] 
(fl4m3r): >flm    pack >> [gl]
(fl4m3r): >flm    pack >> [gl]
jebak chewed on orion!'s boomstick
(fl4m3r): >flm    pack >> [gl]
(fl4m3r): >flm    pack >> [gl]
(fl4m3r): >flm    pack >> [gl]
(jebak): >jbk 0/-20 sg:20 [cross] 
crash! rides fl4m3r's rocket
(jebak): >jbk 0/49 rl:10 [gl] 
(fl4m3r): >flm    took rockets [gl-rox]
orion!: KVADDISZNO!!!
stevens! rides jebak's rocket
(JohnNy_cz): >joh: coming [spikes]
(jebak): >jbk 0/41 rl:9 [ya] 
(fl4m3r): >flm    ya116/124 rl:10 [gl-stairs]
(JohnNy_cz): >joh: 0/100 rl:0 [ya] 
(JohnNy_cz): >joh: 0/100 rl:0 [ya] 
(JohnNy_cz): >joh: 0/100 rl:0 [ya] 
(jebak): >jbk 0/41 rl:9 [ya-top] 
(itmik): >itm: coming [water-ga]
(itmik): >itm: ga100/100 ssg:49 [water-ga] 
jebak checks his glasses
(jebak): >jbk took &cff0ya&cfff [ya-top]
(fl4m3r): >flm __ lost [ya-water] 3
jebak ate 8 loads of zero!'s buckshot
(jebak): >jbk ya82/-39 rl:8 [ya] 
zero! gets a frag for the other team
JohnNy_cz was telefragged by crash!
(JohnNy_cz): >joh: __ [spikes] x
(jebak): >jbk 0/100 gl:5 [gl-stairs] 
(fl4m3r): >flm    0/100 sg:65 [ya]
(itmik): >itm: ga100/100 rl:5 [rl] 
(fl4m3r): >flm __ item soon [ya]
(fl4m3r): >flm __ item soon [ya]
zero! gets a frag for the other team
jebak was smeared by zero!'s quad rocket
orion! rides itmik's rocket
(jebak): >jbk 0/-99 gl:2 [ga] 
orion! rides itmik's rocket
stevens! chewed on fl4m3r's boomstick
fl4m3r chewed on crash!'s boomstick
(fl4m3r): >flm __ lost [ya] 1
(JohnNy_cz): >joh: coming [spikes]
(fl4m3r): >flm    0/100 sg:25 [mega-low]
(jebak): >jbk took &cff0ya&cfff [ya-top]
(fl4m3r): >flm    mega >> [mega]
(fl4m3r): >flm    mega >> [mega]
stevens! chewed on jebak's boomstick
(fl4m3r): >flm    0/100 sg:25 [mega]
orion! was gibbed by itmik's rocket
(fl4m3r): >flm    mega >> [mega]
(jebak): >jbk ya140/94 sg:100 [gl-stairs] 
(itmik): >itm: ga65/70 rl:0 [rl] 
(fl4m3r): >flm    mega >> [mega]
(fl4m3r): >flm    mega >> [mega]
(fl4m3r): >flm    mega >> [mega]
(fl4m3r): >flm    mega >> [mega]
(fl4m3r): >flm    0/100 sg:25 [mega]
orion! chewed on jebak's boomstick
(JohnNy_cz): >joh: 0/100 sng:0 [gl] 
(fl4m3r): >flm    took mega [mega]
[18] minutes remaining
Team [cze] leads by 19 frags
(jebak): >jbk ya127/100 gl:7 [gl] 
(itmik): >itm: coming [rl-cross]
(itmik): >itm: ga47/34 rl:0 [rl-cross] 
(fl4m3r): >flm    0/200 sg:25 [mega-low]
(jebak): >jbk took rox [gl-rox]
(fl4m3r): >flm    need armor weapon [mega-low]
JohnNy_cz ate 2 loads of stevens!'s buckshot
(JohnNy_cz): >joh: __ [quad-box] x
zero! checks his glasses
zero! mows down a teammate
(jebak): >jbk ya127/100 gl:17 [gl] 
orion!: :>
orion!: :>
(JohnNy_cz): >joh: coming [start]
orion!: :>
orion!: :>
jebak was smeared by zero!'s quad rocket
zero! mows down a teammate
(jebak): >jbk 0/-99 gl:16 [quad] 
fl4m3r ate 8 loads of zero!'s buckshot
(fl4m3r): >flm __ lost [quad] 2
(fl4m3r): >flm __ enemy quad __
jebak was gibbed by crash!'s rocket
(jebak): >jbk 0/-41 sg:22 [ssg] 
JohnNy_cz ate 8 loads of zero!'s buckshot
JohnNy_cz ate 8 loads of zero!'s buckshot
fl4m3r rides crash!'s rocket
(JohnNy_cz): >joh: __ [quad] x
(fl4m3r): >flm __ lost [ga] 1
zero! chewed on fl4m3r's boomstick
(fl4m3r): >flm __ quad killed
(jebak): >jbk ga100/100 sg:64 [ga] 
(JohnNy_cz): >joh: took &cfffpack&cfff [cross]
(JohnNy_cz): >joh: took &cfffpack&cfff [cross]
(fl4m3r): >flm    0/37 sg:22 [mega-entry]
zero!: LOl
zero!: fuck
zero!: ez mi
(itmik): >itm: ga47/100 rl:0 [mega-rox] 
(JohnNy_cz): >joh: HELP [gl] 
(JohnNy_cz): >joh: HELP [gl] 
(JohnNy_cz): >joh: HELP [gl] 
(JohnNy_cz): >joh: HELP [gl] 
(JohnNy_cz): >joh: HELP [gl] 
(JohnNy_cz): >joh: HELP [gl] 
(JohnNy_cz): >joh: HELP [gl] 
(JohnNy_cz): >joh: HELP [gl] 
(JohnNy_cz): >joh: HELP [gl] 
(fl4m3r): >flm    mega >> [mega]
jebak chewed on zero!'s boomstick
(jebak): >jbk ga48/-8 sg:95 [rl] 
(JohnNy_cz): >joh: HELP [gl] 
(JohnNy_cz): >joh: HELP [gl] 
(JohnNy_cz): >joh: HELP [gl] 
(JohnNy_cz): >joh: HELP [gl] 
(JohnNy_cz): >joh: HELP [gl] 
(fl4m3r): >flm    0/100 sg:22 [cross]
(jebak): >jbk coming [bridge]
(jebak): >jbk HELP [bridge] 
fl4m3r was gibbed by stevens!'s rocket
(fl4m3r): >flm __ lost [quad-stairs] 2
(fl4m3r): >flm __ lost [quad-stairs] 2
(itmik): >itm: coming [mega-entry]
stevens! was gibbed by itmik's rocket
(jebak): >jbk 0/100 ssg:50 [ssg-spikes] 
(JohnNy_cz): >joh: HELP [gl] 
(JohnNy_cz): >joh: HELP [gl] 
(JohnNy_cz): >joh: HELP [gl] 
(JohnNy_cz): >joh: HELP [gl] 
(JohnNy_cz): >joh: HELP [gl] 
(jebak): >jbk coming [spikes]
zero! rides itmik's rocket
(fl4m3r): >flm    0/76 sg:22 [mega-entry]
stevens! rides itmik's rocket
(JohnNy_cz): >joh: HELP [gl] 
(JohnNy_cz): >joh: HELP [gl] 
jebak chewed on orion!'s boomstick
(JohnNy_cz): >joh: HELP [gl] 
(JohnNy_cz): >joh: HELP [gl] 
(itmik): >itm: 0/49 rl:1 [mega-low] 
(jebak): >jbk 0/-18 ssg:42 [ya] 
zero! ate 2 loads of itmik's buckshot
(fl4m3r): >flm    0/58 sng:80 [mega-sng]
orion! was gibbed by JohnNy_cz's rocket
(JohnNy_cz): >joh: HELP [gl] 
(JohnNy_cz): >joh: HELP [gl] 
(JohnNy_cz): >joh: HELP [gl] 
(JohnNy_cz): >joh: HELP [gl] 
stevens! ate 2 loads of itmik's buckshot
JohnNy_cz was gibbed by crash!'s rocket
(JohnNy_cz): >joh: __ [gl] x
(JohnNy_cz): >joh: __ [gl] x
(JohnNy_cz): >joh: __ [gl] x
(JohnNy_cz): >joh: __ [gl] x
(JohnNy_cz): >joh: __ [gl] x
zero! ate 2 loads of itmik's buckshot
(fl4m3r): >flm    get quad
jebak chewed on stevens!'s boomstick
[17] minutes remaining
Team [cze] leads by 18 frags
(jebak): >jbk 0/-13 ssg:48 [ya] 
(jebak): >jbk __ get quad
fl4m3r chewed on orion!'s boomstick
(fl4m3r): >flm __ lost [gl] 2
(itmik): >itm: 0/152 rl:5 [mega-low] 
(fl4m3r): >flm    get quad
(jebak): >jbk 0/100 sg:25 [mega-low] 
(fl4m3r): >flm    get quad
(itmik): >itm: 0/152 rl:5 [quad-stairs] 
(fl4m3r): >flm    get quad
JohnNy_cz rides crash!'s rocket
crash! checks his glasses
(JohnNy_cz): >joh: __ [gl-quad] x
(fl4m3r): >flm    get quad
zero! chewed on jebak's boomstick
jebak rides crash!'s rocket
(jebak): >jbk 0/-15 sg:23 [quad] 
crash! chewed on fl4m3r's boomstick
crash! was brutalized by itmik's quad rocket
itmik chewed on zero!'s boomstick
(fl4m3r): >flm    ya >> [ya-top]
(itmik): >itm: 0/100 sg:24 [gl] 
orion! chewed on jebak's boomstick
(itmik): >itm: 0/100 sg:24 [ya] 
JohnNy_cz chewed on orion!'s boomstick
(fl4m3r): >flm    0/82 sg:16 [ya-water]
orion! chewed on fl4m3r's boomstick
JohnNy_cz was gibbed by stevens!'s rocket
(fl4m3r): >flm    0/100 sg:33 [ga]
(fl4m3r): >flm    0/100 sg:52 [water-ga]
jebak was perforated by zero!
fl4m3r was perforated by crash!
(jebak): >jbk 0/-17 sg:89 [gl-stairs] 
(fl4m3r): >flm __ lost [rl] 1
(fl4m3r): >flm    took gl [gl]
zero! eats fl4m3r's pineapple
(fl4m3r): >flm    0/51 gl:11 [gl]
fl4m3r chewed on orion!'s boomstick
zero! eats fl4m3r's pineapple
(fl4m3r): >flm __ lost [gl] 2
(jebak): >jbk 0/100 sg:25 [quad] 
JohnNy_cz rides stevens!'s rocket
(JohnNy_cz): >joh: __ [gl] x
jebak rides stevens!'s rocket
fl4m3r was perforated by crash!
(fl4m3r): >flm __ lost [start-water] 1
(itmik): >itm: ya150/100 sng:30 [gl-sng] 
JohnNy_cz rides stevens!'s rocket
(fl4m3r): >flm    0/34 sg:25 [door]
(JohnNy_cz): >joh: __ [quad-stairs] x
zero! chewed on itmik's boomstick
crash! chewed on JohnNy_cz's boomstick
(fl4m3r): >flm    0/34 sg:25 [start-stairs]
(fl4m3r): >flm    get quad
(fl4m3r): >flm    get quad
(itmik): >itm: ya65/99 sng:0 [spikes] 
[16] minutes remaining
Team [cze] leads by 15 frags
(itmik): >itm: ya54/92 sng:0 [ya-spikes] 
jebak eats orion!'s pineapple
(jebak): >jbk 0/-9 ssg:36 [rl] 
(itmik): >itm: ya150/100 sng:0 [ya] 
JohnNy_cz was ventilated by crash!
(JohnNy_cz): >joh: __ [quad-stairs] x
fl4m3r was gibbed by stevens!'s rocket
(fl4m3r): >flm __ lost [quad-stairs] 2
jebak chewed on zero!'s boomstick
fl4m3r ate 8 loads of stevens!'s buckshot
(jebak): >jbk 0/-8 sg:21 [quad] 
(fl4m3r): >flm __ enemy quad __
(fl4m3r): >flm __ enemy quad __
jebak ate 8 loads of stevens!'s buckshot
(JohnNy_cz): >joh: 0/73 sg:25 [ya] 
(jebak): >jbk 0/-76 sg:22 [gl] 
(itmik): >itm: ya59/47 sng:0 [gl-stairs] 
crash! chewed on fl4m3r's boomstick
stevens! chewed on JohnNy_cz's boomstick
(fl4m3r): >flm    0/90 sng:80 [mega-low]
(itmik): >itm: ya59/47 rl:7 [ya] 
(jebak): >jbk ga100/100 sg:25 [ssg] 
orion! was gibbed by itmik's rocket
itmik chewed on stevens!'s boomstick
(jebak): >jbk ga100/100 ssg:50 [water-ga] 
(itmik): >itm: 0/100 sg:24 [spikes] 
(JohnNy_cz): >joh: took &cff0ya&cfff [ya]
fl4m3r chewed on crash!'s boomstick
orion! ate 2 loads of jebak's buckshot
(fl4m3r): >flm __ lost [mega-entry] 1
(JohnNy_cz): >joh: ya150/38 sg:22 [ya] 
zero! chewed on fl4m3r's boomstick
(JohnNy_cz): >joh: ya150/38 sg:16 [ya] 
crash! chewed on itmik's boomstick
(fl4m3r): >flm    0/100 sg:23 [door]
orion! chewed on itmik's boomstick
(itmik): >itm: 0/24 sg:100 [rl] 
zero! chewed on JohnNy_cz's boomstick
crash! ate 2 loads of jebak's buckshot
(jebak): >jbk ga61/42 rl:5 [water-rl] 
(JohnNy_cz): >joh: ya57/13 sg:17 [gl-stairs] 
(JohnNy_cz): >joh: ya57/13 sg:17 [gl-stairs] 
zero! chewed on fl4m3r's boomstick
(JohnNy_cz): >joh: ya57/13 sg:17 [ya] 
(itmik): >itm: 0/15 sg:91 [water-rl] 
crash! chewed on itmik's boomstick
(jebak): >jbk ga45/10 rl:4 [rl] 
(itmik): >itm: 0/15 sg:88 [rl] 
(JohnNy_cz): >joh: HELP [ya] 
(JohnNy_cz): >joh: HELP [ya] 
(JohnNy_cz): >joh: HELP [ya] 
(itmik): >itm: 0/15 sg:100 [rl] 
JohnNy_cz rides stevens!'s rocket
jebak chewed on zero!'s boomstick
(jebak): >jbk ga40/-1 rl:3 [cross-water] 
itmik becomes bored with life
(jebak): >jbk 0/100 sg:25 [door] 
(itmik): >itm: 0/100 sg:24 [mega-low] 
zero! chewed on jebak's boomstick
fl4m3r rides stevens!'s rocket
(fl4m3r): >flm __ lost [ya-water] 1
jebak rides orion!'s rocket
(jebak): >jbk 0/-25 sg:21 [water-ga] 
orion! chewed on itmik's boomstick
(itmik): >itm: 0/28 sng:73 [rl-cross] 
[15] minutes remaining
Team [cze] leads by 15 frags
(itmik): >itm: 0/28 sng:73 [water-ga] 
(itmik): >itm: 0/28 sng:73 [water-ga] 
(JohnNy_cz): >joh: &cfffpack&cfff at [ya-water]
(JohnNy_cz): >joh: &cfffpack&cfff at [ya-water]
(JohnNy_cz): >joh: &cfffpack&cfff at [ya-water]
(JohnNy_cz): >joh: &cfffpack&cfff at [ya-water]
(itmik): >itm: 0/28 sng:73 [water-ga] 
fl4m3r chewed on crash!'s boomstick
(fl4m3r): >flm __ lost [ga] 2
(fl4m3r): >flm    get quad
jebak ate 2 loads of zero!'s buckshot
(jebak): >jbk 0/-1 sg:19 [mega-low] 
orion! was lead poisoned by fl4m3r
(fl4m3r): >flm __ team quad __
itmik chewed on crash!'s boomstick
(fl4m3r): >flm __ team quad __
(fl4m3r): >flm __ team quad __
(fl4m3r): >flm    [q] 0/97 sg:61 [quad]
(itmik): >itm: &cff0ya&cfff at [ya-top]
(jebak): >jbk &cff0ya&cfff at [ya-top]
(jebak): >jbk &cff0ya&cfff at [ya-top]
(jebak): >jbk &cff0ya&cfff at [ya-top]
(jebak): >jbk &cff0ya&cfff at [ya-top]
zero! was lead poisoned by fl4m3r
(itmik): >itm: &cff0ya&cfff at [ya-top]
(itmik): >itm: &cff0ya&cfff at [ya-top]
(itmik): >itm: &cff0ya&cfff at [ya-top]
(fl4m3r): >flm    [q] 0/53 ssg:80 [quad]
(itmik): >itm: &cff0ya&cfff at [ya-top]
zero! ate 8 loads of fl4m3r's buckshot
(itmik): >itm: &cff0ya&cfff at [ya-top]
(jebak): >jbk &cff0ya&cfff at [ya-top]
(fl4m3r): >flm    [q] 0/83 ssg:100 [gl-stairs]
(fl4m3r): >flm    took ya [ya-top]
(itmik): >itm: 0/100 sng:30 [gl-sng] 
(fl4m3r): >flm    [q] ya150/100 ssg:100 [ya-tele]
jebak tries to put the pin back in
(jebak): >jbk 0/-6 gl:1 [gl] 
(JohnNy_cz): >joh: 0/100 sg:82 [ya] 
(JohnNy_cz): >joh: 0/100 sg:82 [ya] 
(fl4m3r): >flm    [q] ya150/100 ssg:100 [water-ga]
(JohnNy_cz): >joh: 0/100 sg:100 [ya] 
(JohnNy_cz): >joh: 0/100 sg:100 [ya] 
(JohnNy_cz): >joh: 0/100 sg:100 [ya] 
(JohnNy_cz): >joh: 0/100 sg:100 [ya] 
zero! ate 8 loads of fl4m3r's buckshot
(jebak): >jbk 0/100 ssg:50 [water-rl] 
JohnNy_cz eats orion!'s pineapple
(JohnNy_cz): >joh: __ [ya] x
(JohnNy_cz): >joh: __ [ya] x
(JohnNy_cz): >joh: __ [ya] x
(JohnNy_cz): >joh: __ [ya] x
zero! ate 2 loads of jebak's buckshot
(fl4m3r): >flm    ya92/91 ssg:92 [rl]
orion! was punctured by itmik
JohnNy_cz chewed on stevens!'s boomstick
(fl4m3r): >flm    took rl [rl]
(JohnNy_cz): >joh: __ [gl] x
(JohnNy_cz): >joh: __ [gl] x
(JohnNy_cz): >joh: __ [gl] x
(JohnNy_cz): >joh: __ [gl] x
(JohnNy_cz): >joh: __ [gl] x
(itmik): >itm: ga100/100 sng:129 [ga] 
(fl4m3r): >flm    coming [rl-cross]
(itmik): >itm: ga80/56 sng:73 [water-ga] 
(fl4m3r): >flm    took rockets [mega-rox]
jebak checks his glasses
(itmik): >itm: ga80/56 sng:73 [rl] 
(JohnNy_cz): >joh: __ [gl] x
(JohnNy_cz): >joh: __ [gl] x
(JohnNy_cz): >joh: __ [gl] x
(JohnNy_cz): >joh: __ [gl] x
(fl4m3r): >flm    ya92/100 rl:15 [mega]
(itmik): >itm: ga80/56 sng:73 [rl] 
(fl4m3r): >flm    took mega [mega]
jebak was gibbed by crash!'s rocket
(jebak): >jbk 0/-59 ssg:62 [gl] 
(itmik): >itm: ga80/56 sng:57 [rl] 
jebak rides stevens!'s rocket
(fl4m3r): >flm    ya92/200 rl:15 [mega]
(jebak): >jbk 0/-26 sg:22 [gl] 
(fl4m3r): >flm    get quad
(fl4m3r): >flm    get quad
(fl4m3r): >flm    get quad
orion! chewed on itmik's boomstick
(fl4m3r): >flm    get quad
(fl4m3r): >flm    ya92/198 rl:15 [mega-low]
(itmik): >itm: ga64/24 sng:0 [rl] 
(jebak): >jbk __ get quad
(fl4m3r): >flm    ya92/197 rl:15 [mega-entry]
[14] minutes remaining
Team [cze] leads by 13 frags
(fl4m3r): >flm    coming [cross]
fl4m3r mows down a teammate
zero! was gibbed by fl4m3r's rocket
(jebak): >jbk 0/-2 sg:22 [quad] 
zero! chewed on jebak's boomstick
fl4m3r mows down a teammate
orion! was gibbed by fl4m3r's rocket
fl4m3r rides crash!'s rocket
crash! rides fl4m3r's rocket
(JohnNy_cz): >joh: took &cfffpack&cfff [quad]
(JohnNy_cz): >joh: took &cfffpack&cfff [quad]
(itmik): >itm: ga64/74 rl:13 [rl] 
(jebak): >jbk ga100/100 ssg:49 [ga] 
(fl4m3r): >flm    0/100 sg:25 [mega-entry]
(itmik): >itm: ga64/74 rl:13 [rl-cross] 
itmik rides stevens!'s rocket
(jebak): >jbk ga100/100 ssg:49 [water-lift] 
(fl4m3r): >flm __ quad killed
(itmik): >itm: 0/100 sg:24 [spikes] 
(JohnNy_cz): >joh: &c05fquad&cfff over
(itmik): >itm: 0/100 sg:44 [ssg-spikes] 
fl4m3r was ventilated by orion!
crash! ate 2 loads of jebak's buckshot
(fl4m3r): >flm __ lost [quad] 1
stevens! rides JohnNy_cz's rocket
(JohnNy_cz): >joh: &cfffpack&cfff at [cross]
(JohnNy_cz): >joh: &cfffpack&cfff at [cross]
(jebak): >jbk ga100/100 ssg:59 [rl] 
(JohnNy_cz): >joh: &cfffpack&cfff at [cross]
(JohnNy_cz): >joh: &cfffpack&cfff at [cross]
(JohnNy_cz): >joh: &cfffpack&cfff at [cross]
fl4m3r chewed on crash!'s boomstick
(itmik): >itm: 0/100 sg:44 [bridge] 
(fl4m3r): >flm __ lost [cross] 1
(JohnNy_cz): >joh: took &cfffpack&cfff [cross]
(jebak): >jbk waiting item at rl
(fl4m3r): >flm    0/100 sg:25 [mega-sng]
(fl4m3r): >flm __ item soon [mega-low]
stevens! rides JohnNy_cz's rocket
crash! chewed on itmik's boomstick
(JohnNy_cz): >joh: took &c0a0mega&cfff [mega]
(fl4m3r): >flm    0/96 sg:46 [quad-stairs]
(JohnNy_cz): >joh: 0/176 rl:23 [cross] 
crash! rides JohnNy_cz's rocket
orion! was gibbed by itmik's grenade
(itmik): >itm: 0/17 gl:1 [gl] 
(fl4m3r): >flm    0/60 sg:42 [gl]
stevens! ate 2 loads of jebak's buckshot
(itmik): >itm: 0/17 gl:1 [gl] 
orion! rides JohnNy_cz's rocket
(jebak): >jbk took rl [rl]
stevens! was gibbed by JohnNy_cz's rocket
fl4m3r was gibbed by zero!'s rocket
(fl4m3r): >flm __ lost [ya-water] 0
itmik was gibbed by zero!'s rocket
crash! was gibbed by JohnNy_cz's rocket
fl4m3r rides zero!'s rocket
(itmik): >itm: 0/100 sg:24 [gl] 
(fl4m3r): >flm __ lost [gl-stairs] 1
crash! rides JohnNy_cz's rocket
(JohnNy_cz): >joh: 0/100 rl:12 [mega-low] 
itmik was gibbed by zero!'s rocket
fl4m3r was gibbed by zero!'s rocket
(fl4m3r): >flm __ lost [gl] 2
(JohnNy_cz): >joh: 0/100 rl:12 [mega] 
(itmik): >itm: 0/100 sg:24 [rl] 
(jebak): >jbk ga93/100 rl:4 [mega-rox] 
(JohnNy_cz): >joh: 0/80 rl:11 [mega-low] 
(fl4m3r): >flm    took pack [ga]
(fl4m3r): >flm    ga100/100 ssg:73 [water-ga]
[13] minutes remaining
Team [cze] leads by 17 frags
(fl4m3r): >flm    ga92/84 ssg:73 [water-rl]
(jebak): >jbk ga93/200 rl:9 [mega-low] 
(itmik): >itm: 0/100 sg:23 [rl] 
orion! was gibbed by JohnNy_cz's rocket
(fl4m3r): >flm    get quad
(itmik): >itm: coming [rl-cross]
(itmik): >itm: 0/100 sg:23 [rl-cross] 
zero! checks his glasses
(fl4m3r): >flm    ga92/100 ssg:73 [rl]
orion! rides jebak's rocket
(itmik): >itm: 0/100 sg:15 [mega-low] 
orion! rides JohnNy_cz's rocket
fl4m3r was nailed by crash!
fl4m3r: omg lag
jebak was brutalized by zero!'s quad rocket
(jebak): >jbk 0/-99 rl:3 [mega-low] 
crash!: :) 
itmik was smeared by zero!'s quad rocket
(jebak): >jbk took &cff0ya&cfff [ya-top]
zero! rips JohnNy_cz a new one
(JohnNy_cz): >joh: __ [mega-low] x
(JohnNy_cz): >joh: __ [mega-low] x
(JohnNy_cz): >joh: __ [mega-low] x
JohnNy_cz was lead poisoned by zero!
(JohnNy_cz): >joh: __ [mega-low] x
itmik rides crash!'s rocket
zero! chewed on jebak's boomstick
JohnNy_cz chewed on orion!'s boomstick
orion! was gibbed by jebak's rocket
(fl4m3r): >flm    0/100 sg:88 [ga]
(itmik): >itm: coming [start-water]
zero! was gibbed by jebak's rocket
orion! was gibbed by jebak's rocket
stevens! chewed on fl4m3r's boomstick
(itmik): >itm: 0/21 sg:16 [ga] 
JohnNy_cz tries to put the pin back in
(JohnNy_cz): >joh: __ [gl] x
(fl4m3r): >flm    took rl [rl]
zero! rides fl4m3r's rocket
stevens! chewed on jebak's boomstick
(fl4m3r): >flm    0/70 rl:7 [start-rl]
itmik chewed on stevens!'s boomstick
(itmik): >itm: &cfffpack&cfff at [rl]
(itmik): >itm: &cf00enemy&cfff at [rl]
(itmik): >itm: &cff0ya&cfff at [ya-top]
(JohnNy_cz): >joh: took &c0b0ga&cfff [ga]
(itmik): >itm: &cff0ya&cfff at [ya-top]
(JohnNy_cz): >joh: took &c0b0ga&cfff [ga]
itmik ate 2 loads of crash!'s buckshot
(itmik): >itm: &cf00enemy&cfff at [ya]
stevens! chewed on JohnNy_cz's boomstick
itmik was gibbed by crash!'s rocket
zero! rides fl4m3r's rocket
crash! chewed on jebak's boomstick
fl4m3r chewed on crash!'s boomstick
(fl4m3r): >flm __ lost [start-stairs] 2
zero! chewed on JohnNy_cz's boomstick
[12] minutes remaining
Team [cze] leads by 20 frags
(itmik): >itm: 0/100 sg:44 [ga] 
crash! chewed on fl4m3r's boomstick
jebak chewed on orion!'s boomstick
(jebak): >jbk 0/-2 rl:8 [gl-sng] 
stevens! chewed on itmik's boomstick
JohnNy_cz chewed on zero!'s boomstick
(JohnNy_cz): >joh: __ [rl] x
(JohnNy_cz): >joh: __ [rl] x
(fl4m3r): >flm    0/27 sg:19 [door]
(itmik): >itm: 0/87 ssg:100 [ssg] 
(jebak): >jbk waiting item at ya-top
itmik was ventilated by orion!
(jebak): >jbk took &cff0ya&cfff [ya-top]
(itmik): >itm: &cf00enemy&cfff at [door]
(itmik): >itm: &cf00enemy&cfff at [door]
crash! chewed on fl4m3r's boomstick
(fl4m3r): >flm __ team quad __
(fl4m3r): >flm __ team quad __
orion! chewed on JohnNy_cz's boomstick
(jebak): >jbk ya150/100 gl:5 [gl] 
(fl4m3r): >flm    [q] 0/41 sg:35 [gl]
(JohnNy_cz): >joh: &cfffpack&cfff at [cross]
(JohnNy_cz): >joh: &cfffpack&cfff at [cross]
(itmik): >itm: &cf00enemy&cfff at [mega]
itmik rides zero!'s rocket
(fl4m3r): >flm    [q] 0/96 sg:35 [ya]
(itmik): >itm: __ [mega-low] 2
(jebak): >jbk ya138/92 gl:4 [gl-rox] 
orion! chewed on fl4m3r's boomstick
(JohnNy_cz): >joh: coming [gl-quad]
(itmik): >itm: 0/100 sg:24 [gl] 
(fl4m3r): >flm    [q] 0/72 sg:32 [ya-top]
(JohnNy_cz): >joh: coming [gl]
orion! eats jebak's pineapple
(fl4m3r): >flm    [q] 0/72 sg:32 [ya-top]
stevens! eats jebak's pineapple
orion! chewed on JohnNy_cz's boomstick
(fl4m3r): >flm    [q] 0/72 sg:28 [ya-top]
stevens! chewed on fl4m3r's boomstick
(fl4m3r): >flm    [q] ya150/72 sg:50 [ya]
zero! checks his glasses
(jebak): >jbk ya75/100 gl:7 [bridge] 
(itmik): >itm: 0/100 sng:30 [ya-water] 
stevens! chewed on fl4m3r's boomstick
orion! eats jebak's pineapple
(fl4m3r): >flm    [q] ya104/46 sg:86 [gl-stairs]
(itmik): >itm: 0/100 sng:80 [ga] 
(jebak): >jbk waiting item at rl
(jebak): >jbk took rl [rl]
(itmik): >itm: coming [water-ga]
(itmik): >itm: ga100/100 sng:80 [water-ga] 
(itmik): >itm: coming [water-ga]
(itmik): >itm: ga100/100 sng:80 [water-ga] 
(itmik): >itm: coming [water-ga]
crash! chewed on fl4m3r's boomstick
(itmik): >itm: ga100/100 sng:80 [water-ga] 
(fl4m3r): >flm    ya63/68 sg:76 [gl-sng]
(JohnNy_cz): >joh: &cff0ya&cfff at [ya]
(JohnNy_cz): >joh: &cff0ya&cfff at [ya]
orion! rides jebak's rocket
(jebak): >jbk ya19/97 rl:2 [rl] 
(itmik): >itm: ga81/56 sng:60 [rl] 
(jebak): >jbk coming [water-ga]
(itmik): >itm: ga81/56 sng:60 [rl] 
crash! chewed on fl4m3r's boomstick
(fl4m3r): >flm    ya25/46 sg:69 [gl-sng]
(jebak): >jbk ya19/97 rl:2 [ssg] 
[11] minutes remaining
Team [cze] leads by 31 frags
JohnNy_cz was perforated by stevens!
fl4m3r chewed on crash!'s boomstick
(fl4m3r): >flm __ lost [gl-sng] 2
orion! was punctured by itmik
(itmik): >itm: ga57/52 sng:22 [rl] 
(jebak): >jbk ya19/100 rl:2 [ya-top] 
(fl4m3r): >flm    get quad
(jebak): >jbk waiting item at ya-top
(fl4m3r): >flm    get quad
(fl4m3r): >flm    get quad
stevens! chewed on itmik's boomstick
crash! was gibbed by jebak's rocket
(fl4m3r): >flm    get quad
(fl4m3r): >flm    get quad
(itmik): >itm: ga43/24 sng:0 [rl] 
(fl4m3r): >flm    get quad
(jebak): >jbk ya7/100 rl:1 [ya-top] 
orion! was gibbed by JohnNy_cz's rocket
fl4m3r was lead poisoned by zero!
(jebak): >jbk took &cfffpack&cfff [ya-spikes]
(fl4m3r): >flm __ lost [quad] 1
orion! was gibbed by JohnNy_cz's rocket
JohnNy_cz checks his glasses
(jebak): >jbk waiting item at ya-top
fl4m3r: quad omg
(JohnNy_cz): >joh: 0/19 rl:3 [start-rl] 
(jebak): >jbk took &cff0ya&cfff [ya-top]
fl4m3r was brutalized by zero!'s quad rocket
(itmik): >itm: 0/100 sg:100 [gl-sng] 
(fl4m3r): >flm __ lost [door] 2
(JohnNy_cz): >joh: 0/49 rl:3 [start-hide] 
stevens! chewed on fl4m3r's boomstick
fl4m3r was brutalized by zero!'s quad rocket
(fl4m3r): >flm __ lost [ya-top] 2
fl4m3r was brutalized by zero!'s quad rocket
(fl4m3r): >flm __ lost [ya] 2
crash! rides jebak's rocket
stevens! chewed on itmik's boomstick
(itmik): >itm: 0/1 sg:100 [gl-sng] 
crash! rides JohnNy_cz's rocket
(fl4m3r): >flm    0/100 sg:24 [ya-top]
(itmik): >itm: 0/1 sng:34 [gl-sng] 
stevens! rides jebak's rocket
(fl4m3r): >flm    took ya [ya-top]
(fl4m3r): >flm    took ya [ya-top]
(itmik): >itm: 0/1 sng:34 [ya-water] 
JohnNy_cz was smeared by zero!'s quad rocket
(JohnNy_cz): >joh: __ [water-spikes] x
(JohnNy_cz): >joh: __ [water-spikes] x
(fl4m3r): >flm    need weapon [ya-tele]
(fl4m3r): >flm    need weapon [ya-tele]
(fl4m3r): >flm    need weapon [ya-tele]
(fl4m3r): >flm    ya150/100 sg:24 [ga]
(fl4m3r): >flm    need weapon [bridge]
(fl4m3r): >flm    need weapon [water-ga]
(JohnNy_cz): >joh: __ attack [water-spikes] x
(fl4m3r): >flm    ya150/100 sg:24 [water-ga]
(fl4m3r): >flm    ya150/100 sg:24 [water-ga]
zero! chewed on JohnNy_cz's boomstick
(JohnNy_cz): >joh: &c05fquad&cfff over
(JohnNy_cz): >joh: &c05fquad&cfff over
stevens! rides jebak's rocket
(fl4m3r): >flm    ya150/100 sg:24 [rl]
itmik chewed on zero!'s boomstick
(fl4m3r): >flm    ya150/100 sg:24 [water-rl]
(fl4m3r): >flm    ya150/100 sg:24 [rl]
itmik was ventilated by crash!
stevens! was gibbed by jebak's rocket
stevens! chewed on fl4m3r's boomstick
(jebak): >jbk took &cff0ya&cfff [ya-top]
(fl4m3r): >flm    ya105/73 sg:35 [rl]
[10] minutes remaining
Team [cze] leads by 35 frags
crash! rides jebak's rocket
(fl4m3r): >flm    get quad
(fl4m3r): >flm    get quad
(fl4m3r): >flm    get quad
(fl4m3r): >flm    get quad
(fl4m3r): >flm    get quad
(JohnNy_cz): >joh: coming [cross-water]
itmik was punctured by zero!
stevens! chewed on fl4m3r's boomstick
zero! chewed on fl4m3r's boomstick
(JohnNy_cz): >joh: 0/59 sg:13 [quad-box] 
(fl4m3r): >flm    ya27/53 sng:85 [rl]
JohnNy_cz was gibbed by orion!'s rocket
(JohnNy_cz): >joh: __ [quad-box] x
(JohnNy_cz): >joh: __ [quad-box] x
(fl4m3r): >flm    get quad
(fl4m3r): >flm    took rl [rl]
(fl4m3r): >flm    ya27/53 rl:15 [start-rl]
(JohnNy_cz): >joh: &cf00enemy&cfff &c05fquad&cfff
(JohnNy_cz): >joh: &cf00enemy&cfff &c05fquad&cfff
(JohnNy_cz): >joh: &cf00enemy&cfff &c05fquad&cfff
itmik chewed on zero!'s boomstick
(fl4m3r): >flm    ya27/83 rl:15 [start]
(JohnNy_cz): >joh: rox at [mega-rox]
(JohnNy_cz): >joh: rox at [mega-rox]
orion!: deee
(fl4m3r): >flm    ya27/83 rl:13 [start-stairs]
crash! was ventilated by JohnNy_cz
orion! was gibbed by fl4m3r's rocket
(fl4m3r): >flm __ quad killed
zero! rides fl4m3r's rocket
(itmik): >itm: 0/100 sg:24 [ga] 
orion!: nemigaz
(fl4m3r): >flm    ya4/70 rl:18 [water-rl]
(jebak): >jbk ya56/100 rl:5 [gl] 
fl4m3r chewed on stevens!'s boomstick
stevens! was punctured by fl4m3r
(fl4m3r): >flm __ lost [water-rl] 1
crash! chewed on itmik's boomstick
(itmik): >itm: 0/16 sg:15 [water-ga] 
orion! was gibbed by jebak's rocket
(itmik): >itm: 0/16 sg:52 [water-lift] 
(JohnNy_cz): >joh: &cff0ya&cfff at [ya]
(JohnNy_cz): >joh: &cff0ya&cfff at [ya]
(JohnNy_cz): >joh: &cff0ya&cfff at [ya]
(jebak): >jbk took &cff0ya&cfff [ya-top]
(jebak): >jbk ya150/100 rl:3 [ya] 
fl4m3r chewed on crash!'s boomstick
(fl4m3r): >flm __ lost [gl] 2
orion! was gibbed by jebak's rocket
crash! chewed on fl4m3r's boomstick
(itmik): >itm: ga100/71 sg:72 [bridge] 
orion! was perforated by jebak
JohnNy_cz was gibbed by stevens!'s rocket
(JohnNy_cz): >joh: __ [water-ga] x
(JohnNy_cz): >joh: __ [water-ga] x
(JohnNy_cz): >joh: __ [water-ga] x
(jebak): >jbk ya101/69 rl:0 [gl-rox] 
(fl4m3r): >flm    get quad
(fl4m3r): >flm    get quad
(itmik): >itm: ga98/69 sg:66 [water-ga] 
(fl4m3r): >flm __ item soon [ya]
(fl4m3r): >flm __ item soon [ya]
(fl4m3r): >flm __ item soon [ya]
[9] minutes remaining
Team [cze] leads by 41 frags
(fl4m3r): >flm __ item soon [ya]
(fl4m3r): >flm __ item soon [ya]
(fl4m3r): >flm __ item soon [ya]
(fl4m3r): >flm __ item soon [ya]
(itmik): >itm: ga81/29 sng:94 [water-ga] 
crash! was gibbed by jebak's rocket
(fl4m3r): >flm __ item soon [ya]
(fl4m3r): >flm __ item soon [ya]
stevens! chewed on JohnNy_cz's boomstick
(fl4m3r): >flm    help [ya]
(fl4m3r): >flm    help [ya]
fl4m3r ate 2 loads of zero!'s buckshot
(jebak): >jbk coming [gl]
(fl4m3r): >flm __ lost [ya] 1
itmik chewed on crash!'s boomstick
(fl4m3r): >flm __ lost [ya] 1
zero! rides jebak's rocket
itmik was punctured by crash!
(itmik): >itm: &cf00enemy&cfff at [rl]
(jebak): >jbk took &cff0ya&cfff [ya-top]
(jebak): >jbk __ get quad
orion! chewed on JohnNy_cz's boomstick
stevens! rides jebak's rocket
(JohnNy_cz): >joh: team &c05fquad&cfff
(JohnNy_cz): >joh: team &c05fquad&cfff
(fl4m3r): >flm    rockets >> [mega-rox]
(fl4m3r): >flm    rockets >> [mega-rox]
orion! ate 2 loads of jebak's buckshot
crash! becomes bored with life
stevens! was punctured by fl4m3r
crash! was gibbed by jebak's rocket
(fl4m3r): >flm    0/80 sng:35 [quad-stairs]
orion! was gibbed by jebak's rocket
stevens! ate 2 loads of jebak's buckshot
(jebak): >jbk ya19/11 rl:7 [quad] 
itmik rides zero!'s rocket
(JohnNy_cz): >joh: 0/100 sng:160 [rl] &c05fquad&cfff
(itmik): >itm: &cf00enemy&cfff at [water-rl]
(fl4m3r): >flm    ya >> [ya-top]
(fl4m3r): >flm    ya >> [ya-top]
(fl4m3r): >flm    0/100 sng:11 [ya]
orion! was straw-cuttered by JohnNy_cz
(itmik): >itm: 0/100 gl:5 [gl] 
(JohnNy_cz): >joh: 0/72 sng:132 [rl] &c05fquad&cfff
(fl4m3r): >flm    0/100 sng:11 [ya-top]
(itmik): >itm: 0/100 gl:5 [ya] 
(fl4m3r): >flm    took ya [ya-top]
Quad Damage is wearing off
crash! chewed on fl4m3r's boomstick
(fl4m3r): >flm    ya117/81 sng:0 [gl-sng]
(fl4m3r): >flm    need weapon [ya]
(JohnNy_cz): >joh: &c05fquad&cfff over
(fl4m3r): >flm    need weapon [ya-water]
(itmik): >itm: 0/100 gl:3 [ya-top] 
jebak rides zero!'s rocket
(jebak): >jbk ga69/-32 rl:13 [ssg] 
stevens! was gibbed by itmik's grenade
itmik tries to put the pin back in
(fl4m3r): >flm    ya117/100 sng:0 [water-rl]
(fl4m3r): >flm    need weapon [water-rl]
(fl4m3r): >flm    ya117/100 sng:0 [water-rl]
(jebak): >jbk 0/7 gl:5 [ya-top] 
itmik rides zero!'s rocket
(jebak): >jbk waiting item at ya-top
(fl4m3r): >flm    ya117/100 sng:0 [rl]
(itmik): >itm: 0/100 sg:24 [gl-quad] 
(JohnNy_cz): >joh: 0/100 rl:6 [start] 
(fl4m3r): >flm    ya117/100 sng:0 [rl]
(jebak): >jbk __ get quad
jebak was gibbed by orion!'s rocket
[8] minutes remaining
Team [cze] leads by 47 frags
(jebak): >jbk 0/-94 gl:5 [ya] 
itmik rides zero!'s rocket
(JohnNy_cz): >joh: coming [ssg-spikes]
(JohnNy_cz): >joh: coming [spikes]
(fl4m3r): >flm    get quad
(fl4m3r): >flm    get quad
itmik was gibbed by zero!'s rocket
(fl4m3r): >flm    get quad
(jebak): >jbk __ get quad
(JohnNy_cz): >joh: 0/100 rl:2 [ya] 
(JohnNy_cz): >joh: 0/100 rl:2 [ya] 
(fl4m3r): >flm    ya117/100 sng:0 [rl]
JohnNy_cz rides zero!'s rocket
(JohnNy_cz): >joh: __ [ya] x
(JohnNy_cz): >joh: __ [ya] x
(jebak): >jbk __ get quad
(jebak): >jbk __ get quad
JohnNy_cz ate 2 loads of crash!'s buckshot
(JohnNy_cz): >joh: __ [cross-water] x
(jebak): >jbk HELP [quad] 
(itmik): >itm: 0/100 rl:0 [ya-tele] 
(jebak): >jbk HELP [quad] 
JohnNy_cz was gibbed by orion!'s rocket
fl4m3r ate 2 loads of crash!'s buckshot
(JohnNy_cz): >joh: __ [quad-stairs] x
(fl4m3r): >flm __ lost [rl] 2
(jebak): >jbk team &c05fquad&cfff
(itmik): >itm: 0/100 rl:0 [ssg-spikes] 
(JohnNy_cz): >joh: &cf00enemy&cfff &c05fquad&cfff
(JohnNy_cz): >joh: &cf00enemy&cfff &c05fquad&cfff
jebak rides zero!'s rocket
(jebak): >jbk 0/-28 sg:43 [quad] &c05fquad&cfff
(itmik): >itm: 0/100 rl:0 [spikes] 
crash! chewed on fl4m3r's boomstick
(itmik): >itm: 0/100 rl:0 [ya-spikes] 
(JohnNy_cz): >joh:    cancel that
(JohnNy_cz): >joh: &c05fquad&cfff over
(fl4m3r): >flm    0/88 ssg:23 [rl-cross]
(itmik): >itm: 0/100 rl:0 [ya-top] 
itmik was gibbed by zero!'s rocket
itmik chewed on orion!'s boomstick
(JohnNy_cz): >joh: 0/100 sg:24 [rl] 
(jebak): >jbk 0/100 sg:25 [water-ga] 
fl4m3r chewed on crash!'s boomstick
(fl4m3r): >flm __ lost [quad] 1
itmik was body pierced by zero!
(itmik): >itm: 0/100 sg:24 [start] 
(jebak): >jbk 0/100 sg:25 [rl] 
(jebak): >jbk waiting item at rl
JohnNy_cz rides stevens!'s rocket
(itmik): >itm: 0/100 sg:24 [start-stairs] 
(JohnNy_cz): >joh: __ [ssg] x
(JohnNy_cz): >joh: &cfffpack&cfff at [ssg]
(JohnNy_cz): >joh: __ [ssg] x
(JohnNy_cz): >joh: __ [ssg] x
(JohnNy_cz): >joh: &cf00enemy&cfff at [door]
itmik rides stevens!'s rocket
(itmik): >itm: &cf00enemy&cfff at [ssg]
JohnNy_cz rides zero!'s rocket
stevens! chewed on fl4m3r's boomstick
itmik ate 2 loads of crash!'s buckshot
(itmik): >itm: &cf00enemy&cfff at [ya]
JohnNy_cz was gibbed by zero!'s rocket
(fl4m3r): >flm    0/24 sg:100 [quad-stairs]
(JohnNy_cz): >joh: __ [cross] x
(JohnNy_cz): >joh: __ [cross] x
fl4m3r rides zero!'s rocket
(itmik): >itm: 0/82 sg:24 [spikes] 
(fl4m3r): >flm __ lost [quad-stairs] 2
(itmik): >itm: 0/64 sg:24 [ya-spikes] 
JohnNy_cz ate 2 loads of crash!'s buckshot
orion! checks his glasses
(jebak): >jbk took rl [rl]
itmik was gibbed by orion!'s rocket
JohnNy_cz rides orion!'s rocket
(JohnNy_cz): >joh: __ [ya] x
stevens! chewed on fl4m3r's boomstick
(JohnNy_cz): >joh: __ [ya] x
fl4m3r was gibbed by zero!'s rocket
(fl4m3r): >flm __ lost [quad] 1
crash! chewed on fl4m3r's boomstick
(fl4m3r): >flm    0/55 sg:40 [rl]
JohnNy_cz rides orion!'s rocket
(JohnNy_cz): >joh: __ [ya] x
stevens! eats itmik's pineapple
[7] minutes remaining
Team [cze] leads by 31 frags
(jebak): >jbk ga100/100 rl:5 [ssg-spikes] 
orion!: :>
orion!: :>
orion!: :>
(fl4m3r): >flm    0/55 sg:40 [rl]
(fl4m3r): >flm __ item soon [rl]
(fl4m3r): >flm __ item soon [rl]
(fl4m3r): >flm    get quad
(fl4m3r): >flm    get quad
(fl4m3r): >flm    get quad
itmik chewed on stevens!'s boomstick
(fl4m3r): >flm    get quad
fl4m3r was punctured by crash!
(fl4m3r): >flm __ lost [bridge] 2
(fl4m3r): >flm __ lost [bridge] 2
(fl4m3r): >flm    get quad
(fl4m3r): >flm    get quad
(fl4m3r): >flm    get quad
(itmik): >itm: 0/100 sg:45 [mega-entry] 
crash! chewed on itmik's boomstick
(fl4m3r): >flm __ enemy quad __
fl4m3r was gibbed by orion!'s rocket
(JohnNy_cz): >joh: took rl [rl]
(fl4m3r): >flm __ lost [quad] 2
zero! rips jebak a new one
(JohnNy_cz): >joh: 0/100 rl:5 [mega-entry] 
(jebak): >jbk 0/-99 rl:0 [water-spikes] 
(itmik): >itm: 0/100 sg:40 [mega-entry] 
jebak was gibbed by orion!'s rocket
stevens! chewed on fl4m3r's boomstick
(itmik): >itm: 0/92 sg:33 [mega-sng] 
zero! rips itmik a new one
jebak chewed on stevens!'s boomstick
(jebak): >jbk 0/-20 sg:17 [rl] 
(fl4m3r): >flm    0/75 sng:180 [mega-rox]
stevens! chewed on itmik's boomstick
itmik was perforated by crash!
(fl4m3r): >flm    mega >> [mega]
(JohnNy_cz): >joh: 0/200 rl:8 [mega] 
(JohnNy_cz): >joh: took &c0a0mega&cfff [mega]
(fl4m3r): >flm    0/75 sng:180 [mega]
jebak was smeared by zero!'s quad rocket
zero! becomes bored with life
(jebak): >jbk 0/-99 sg:79 [ya] 
itmik rides orion!'s rocket
(itmik): >itm: 0/100 sg:24 [gl] 
(JohnNy_cz): >joh: 0/196 rl:8 [bridge] 
itmik rides stevens!'s rocket
(fl4m3r): >flm    0/100 sng:180 [quad]
(itmik): >itm: coming [start-water]
(itmik): >itm: 0/100 sg:24 [start-water] 
(JohnNy_cz): >joh: 0/193 rl:8 [bridge] 
jebak ate 2 loads of zero!'s buckshot
(jebak): >jbk 0/-25 sg:10 [ya-spikes] 
stevens! rides JohnNy_cz's rocket
fl4m3r rides orion!'s rocket
(fl4m3r): >flm __ lost [gl-stairs] 1
(JohnNy_cz): >joh: took &c0b0ga&cfff [ga]
[6] minutes remaining
Team [cze] leads by 23 frags
zero! was gibbed by JohnNy_cz's rocket
itmik was gibbed by crash!'s rocket
(JohnNy_cz): >joh: coming [ssg-spikes]
fl4m3r chewed on orion!'s boomstick
(fl4m3r): >flm __ lost [gl] 2
(jebak): >jbk &cff0ya&cfff at [ya-top]
(fl4m3r): >flm    get quad
(fl4m3r): >flm    get quad
(fl4m3r): >flm    get quad
(JohnNy_cz): >joh: took &cff0ya&cfff [ya]
(JohnNy_cz): >joh: ya150/141 rl:4 [gl-stairs] 
itmik rides crash!'s rocket
(fl4m3r): >flm    get quad
(fl4m3r): >flm    get quad
zero! rides JohnNy_cz's rocket
itmik rides orion!'s rocket
itmik rides orion!'s rocket
jebak rides orion!'s rocket
(jebak): >jbk 0/-28 sg:42 [quad] 
orion! was gibbed by JohnNy_cz's rocket
(itmik): >itm: 0/100 sg:24 [cross] 
(fl4m3r): >flm __ team quad __
(jebak): >jbk 0/100 sg:25 [ya-top] 
(fl4m3r): >flm __ team quad __
(fl4m3r): >flm __ team quad __
(jebak): >jbk waiting item at ya-top
crash! rides JohnNy_cz's rocket
zero! was lead poisoned by fl4m3r
(JohnNy_cz): >joh: &cf00enemy&cfff at [gl-quad]
(JohnNy_cz): >joh: &cf00enemy&cfff at [gl-quad]
(JohnNy_cz): >joh: &cfffpack&cfff at [gl]
zero! chewed on JohnNy_cz's boomstick
(itmik): >itm: 0/67 sg:100 [gl] 
(fl4m3r): >flm __ team quad __
(jebak): >jbk HELP [ya] 
(itmik): >itm: 0/67 sg:100 [gl] 
(fl4m3r): >flm    [q] 0/100 rl:7 [mega]
(jebak): >jbk HELP [ya] 
jebak chewed on crash!'s boomstick
(jebak): >jbk 0/-15 sg:18 [ya] 
crash! chewed on itmik's boomstick
(itmik): >itm: ya150/39 sg:100 [ya] 
(jebak): >jbk 0/92 gl:5 [gl] 
(itmik): >itm: took &cfffpack&cfff [ya]
(fl4m3r): >flm    [q] 0/100 rl:5 [mega]
(itmik): >itm: ya150/39 sng:55 [gl-sng] 
orion! eats jebak's pineapple
(fl4m3r): >flm    coming [quad-stairs]
(fl4m3r): >flm    coming [quad-stairs]
JohnNy_cz chewed on crash!'s boomstick
(itmik): >itm: &cfffpack&cfff at [ya]
(itmik): >itm: &cfffpack&cfff at [ya]
(JohnNy_cz): >joh: coming [mega-low]
(JohnNy_cz): >joh: coming [mega-low]
fl4m3r rips crash! a new one
(itmik): >itm: ya150/39 sng:0 [ya-tele] 
(jebak): >jbk 0/54 gl:0 [gl-quad] 
fl4m3r rips orion! a new one
stevens! was punctured by itmik
itmik becomes bored with life
(JohnNy_cz): >joh: coming [gl]
(JohnNy_cz): >joh: coming [gl]
(fl4m3r): >flm    [q] 0/100 rl:1 [ya-top]
(fl4m3r): >flm __ quad over
(jebak): >jbk coming [cross]
(itmik): >itm: 0/52 sg:22 [cross] 
(fl4m3r): >flm    took ya [ya-top]
(fl4m3r): >flm    need rockets [gl-stairs]
(fl4m3r): >flm    need rockets [gl-stairs]
jebak rides crash!'s rocket
(fl4m3r): >flm    ya150/100 rl:1 [gl]
(jebak): >jbk 0/-40 gl:0 [bridge] 
(fl4m3r): >flm    took rockets [gl-rox]
itmik rides crash!'s rocket
(fl4m3r): >flm __ safe [gl] rl:11
jebak rides crash!'s rocket
(fl4m3r): >flm __ safe [gl] rl:11
(jebak): >jbk 0/-9 sg:24 [bridge-room] 
JohnNy_cz chewed on stevens!'s boomstick
(JohnNy_cz): >joh: __ [water-ga] x
(itmik): >itm: 0/100 sg:24 [mega-sng] 
(fl4m3r): >flm __ item soon [ya]
(fl4m3r): >flm __ item soon [ya]
(fl4m3r): >flm __ item soon [ya]
(fl4m3r): >flm __ item soon [ya]
[5] minutes remaining
Team [cze] leads by 21 frags
jebak chewed on orion!'s boomstick
(jebak): >jbk 0/-6 sg:25 [bridge] 
zero! was gibbed by fl4m3r's rocket
(itmik): >itm: 0/200 sng:105 [mega-low] 
(JohnNy_cz): >joh: took &c0b0ga&cfff [ga]
(fl4m3r): >flm    pack >> [ya-spikes]
(fl4m3r): >flm    pack >> [ya-spikes]
(fl4m3r): >flm    pack >> [ya-spikes]
(fl4m3r): >flm    pack >> [ya-spikes]
(fl4m3r): >flm    pack >> [ya-spikes]
(fl4m3r): >flm    pack >> [ya-spikes]
(fl4m3r): >flm    pack >> [ya-spikes]
(fl4m3r): >flm    pack >> [ya-spikes]
(jebak): >jbk 0/100 gl:5 [gl] 
(fl4m3r): >flm    pack >> [ya-spikes]
(fl4m3r): >flm    pack >> [ya-spikes]
crash! was perforated by itmik
(itmik): >itm: __ attack [door] 1
(fl4m3r): >flm    pack >> [ya-spikes]
(fl4m3r): >flm    pack >> [ya-spikes]
(fl4m3r): >flm    pack >> [ya-spikes]
(fl4m3r): >flm    pack >> [ya-spikes]
(itmik): >itm: 0/199 sng:200 [door] 
(fl4m3r): >flm    pack >> [ya-spikes]
(fl4m3r): >flm    pack >> [ya-spikes]
(fl4m3r): >flm    pack >> [ya-spikes]
(jebak): >jbk took &cff0ya&cfff [ya-top]
orion! ate 2 loads of JohnNy_cz's buckshot
(jebak): >jbk ya150/100 gl:5 [gl-stairs] 
stevens! ate 2 loads of JohnNy_cz's buckshot
(fl4m3r): >flm    pack >> [ya-spikes]
(fl4m3r): >flm    pack >> [ya-spikes]
(fl4m3r): >flm    pack >> [ya-spikes]
(fl4m3r): >flm    pack >> [ya-spikes]
(JohnNy_cz): >joh: ga73/64 ssg:98 [rl] 
(fl4m3r): >flm    pack >> [ya-spikes]
(fl4m3r): >flm    pack >> [ya-spikes]
(fl4m3r): >flm    pack >> [ya-spikes]
(fl4m3r): >flm    pack >> [ya-spikes]
(JohnNy_cz): >joh: ga73/64 ssg:100 [rl] 
(fl4m3r): >flm    pack >> [ya-spikes]
(fl4m3r): >flm    pack >> [ya-spikes]
(fl4m3r): >flm    pack >> [ya-spikes]
(fl4m3r): >flm    pack >> [ya-spikes]
(fl4m3r): >flm    pack >> [ya-spikes]
(fl4m3r): >flm    pack >> [ya-spikes]
(fl4m3r): >flm    pack >> [ya-spikes]
(fl4m3r): >flm    pack >> [ya-spikes]
(fl4m3r): >flm    pack >> [ya-spikes]
(JohnNy_cz): >joh: ga73/64 ssg:100 [rl] 
(fl4m3r): >flm    pack >> [ya-spikes]
(fl4m3r): >flm    pack >> [ya-spikes]
(fl4m3r): >flm    pack >> [ya-spikes]
(fl4m3r): >flm    pack >> [ya-spikes]
(fl4m3r): >flm    pack >> [ya-spikes]
(fl4m3r): >flm    pack >> [ya-spikes]
(fl4m3r): >flm    pack >> [ya-spikes]
(JohnNy_cz): >joh: ga73/64 ssg:100 [rl] 
(fl4m3r): >flm    pack >> [ya-spikes]
(fl4m3r): >flm    pack >> [ya-spikes]
zero! eats jebak's pineapple
jebak chewed on orion!'s boomstick
(jebak): >jbk 0/-9 gl:0 [gl] 
stevens! rides fl4m3r's rocket
(fl4m3r): >flm    pack >> [ya-spikes]
(itmik): >itm: 0/187 sng:200 [spikes] 
(JohnNy_cz): >joh: took rl [rl]
(itmik): >itm: 0/185 rl:10 [ya-spikes] 
orion! was gibbed by itmik's rocket
(itmik): >itm: 0/137 rl:8 [ya-tele] 
(fl4m3r): >flm    ya67/46 rl:6 [ya-water]
(JohnNy_cz): >joh: ga73/89 rl:5 [start-water] 
(jebak): >jbk HELP [gl] 
jebak chewed on stevens!'s boomstick
(jebak): >jbk HELP [gl] 
zero! rides itmik's rocket
(jebak): >jbk 0/-16 sg:32 [gl] 
(itmik): >itm: &c05fquad&cfff over
(itmik): >itm: &c05fquad&cfff over
(itmik): >itm: ga100/133 rl:7 [ssg-spikes] 
(JohnNy_cz): >joh: ga73/89 rl:5 [ssg] 
(JohnNy_cz): >joh: coming [ssg]
(itmik): >itm: ga100/131 rl:7 [spikes] 
(JohnNy_cz): >joh: coming [ssg-spikes]
stevens! rides fl4m3r's rocket
(itmik): >itm: &cfffpack&cfff at [ya]
(jebak): >jbk 0/76 sg:18 [ya-tele] 
(fl4m3r): >flm    took ya [ya-top]
(JohnNy_cz): >joh: ga70/83 rl:5 [ya] 
(fl4m3r): >flm    ya150/81 rl:4 [gl-stairs]
(itmik): >itm: ga87/98 rl:6 [ya-top] 
jebak chewed on stevens!'s boomstick
(jebak): >jbk 0/-16 sg:8 [water-ga] 
(fl4m3r): >flm    took rockets [gl-rox]
(JohnNy_cz): >joh: ga70/83 rl:5 [gl] 
(JohnNy_cz): >joh: ga70/98 rl:5 [gl] 
(fl4m3r): >flm    ya150/100 rl:19 [quad]
jebak was punctured by orion!
(jebak): >jbk 0/-16 sg:25 [rl] 
(itmik): >itm: ga87/100 rl:6 [ya-top] 
stevens! was gibbed by fl4m3r's rocket
(fl4m3r): >flm    ya150/100 rl:18 [cross]
(itmik): >itm: ga87/100 rl:6 [ya-top] 
(jebak): >jbk 0/100 sg:25 [gl] 
(itmik): >itm: ya150/100 rl:6 [ya-top] 
(fl4m3r): >flm    took mega [mega]
stevens! rides itmik's rocket
(JohnNy_cz): >joh: ga70/98 rl:5 [ya] 
orion! was gibbed by fl4m3r's rocket
(fl4m3r): >flm    get quad
(fl4m3r): >flm    get quad
[4] minutes remaining
Team [cze] leads by 28 frags
(fl4m3r): >flm    coming [quad-stairs]
itmik loses another friend
(jebak): >jbk 0/-14 sg:23 [gl] 
(fl4m3r): >flm    need armor [gl-quad]
stevens! was gibbed by itmik's rocket
zero! rides fl4m3r's rocket
zero! was punctured by itmik
(itmik): >itm: ya7/44 rl:0 [gl] 
(fl4m3r): >flm    ya62/147 rl:18 [gl-stairs]
(fl4m3r): >flm    get quad
(itmik): >itm: ya7/44 rl:5 [gl] 
(jebak): >jbk 0/8 sg:75 [gl-quad] 
jebak was gibbed by crash!'s rocket
(itmik): >itm: ya7/44 rl:5 [ya] 
(jebak): >jbk 0/-57 sg:74 [quad] 
(JohnNy_cz): >joh: took &cff0ya&cfff [ya]
zero! was gibbed by fl4m3r's rocket
(itmik): >itm: ya7/94 rl:5 [ya-tele] 
(fl4m3r): >flm    get quad
(fl4m3r): >flm    0/5 rl:12 [gl]
(fl4m3r): >flm    0/5 rl:12 [gl]
(itmik): >itm: coming [door]
jebak was gibbed by crash!'s rocket
(itmik): >itm: ga100/100 rl:5 [door] 
orion! was gibbed by JohnNy_cz's rocket
(jebak): >jbk 0/-54 sg:23 [quad] 
stevens! was gibbed by JohnNy_cz's rocket
zero! rides JohnNy_cz's rocket
crash! rides JohnNy_cz's rocket
(itmik): >itm: ga95/89 rl:1 [door] 
(JohnNy_cz): >joh: &c05fquad&cfff over
(JohnNy_cz): >joh: &c05fquad&cfff over
(fl4m3r): >flm    0/5 rl:12 [water-rl]
crash! rides JohnNy_cz's rocket
(jebak): >jbk coming [cross]
stevens! rides fl4m3r's rocket
orion! was gibbed by JohnNy_cz's rocket
(fl4m3r): >flm    0/55 rl:14 [start-rl]
crash! was perforated by itmik
(JohnNy_cz): >joh: ya19/43 rl:13 [gl] 
(JohnNy_cz): >joh: ya19/43 rl:13 [gl] 
(itmik): >itm: ga55/181 rl:5 [mega-rox] 
JohnNy_cz becomes bored with life
(JohnNy_cz): >joh: __ [ya] x
(JohnNy_cz): >joh: __ [ya] x
(JohnNy_cz): >joh: __ [ya] x
(JohnNy_cz): >joh: __ [ya] x
(JohnNy_cz): >joh: __ [ya] x
(fl4m3r): >flm    0/85 rl:14 [start]
(itmik): >itm: ga55/181 rl:5 [mega-entry] 
jebak rides orion!'s rocket
(jebak): >jbk 0/-13 sg:35 [gl] 
(fl4m3r): >flm    need armor [start-stairs]
JohnNy_cz was gibbed by orion!'s rocket
(itmik): >itm: ga55/179 rl:3 [cross] 
(JohnNy_cz): >joh: __ [gl] x
(JohnNy_cz): >joh: __ [gl] x
(JohnNy_cz): >joh: __ [gl] x
(JohnNy_cz): >joh: __ [gl] x
(JohnNy_cz): >joh: __ [gl] x
(itmik): >itm: ga55/177 rl:2 [cross] 
(fl4m3r): >flm    0/85 rl:14 [ga]
(jebak): >jbk 0/100 sg:45 [water-ga] 
(itmik): >itm: ga55/175 rl:2 [quad] 
orion! becomes bored with life
(itmik): >itm: ga55/173 rl:1 [quad-stairs] 
(JohnNy_cz): >joh: took &cfffpack&cfff [gl-quad]
(itmik): >itm: ga55/171 rl:1 [quad] 
(jebak): >jbk HELP [rl] 
jebak chewed on zero!'s boomstick
stevens! was gibbed by JohnNy_cz's rocket
(jebak): >jbk 0/-6 sg:34 [rl] 
(JohnNy_cz): >joh: 0/74 rl:8 [ya] 
(JohnNy_cz): >joh: 0/74 rl:8 [ya] 
(JohnNy_cz): >joh: __ [ya] rl:8
(JohnNy_cz): >joh: __ [ya] rl:8
(fl4m3r): >flm    0/85 rl:14 [ga]
(itmik): >itm: ga55/165 rl:1 [gl] 
(JohnNy_cz): >joh: took &cff0ya&cfff [ya]
(itmik): >itm: need armor rockets
[3] minutes remaining
Team [cze] leads by 35 frags
(JohnNy_cz): >joh: __ [gl] rl:6
(itmik): >itm: ga55/160 rl:11 [gl-rox] 
(fl4m3r): >flm    took ga [ga]
orion! rides JohnNy_cz's rocket
crash! was gibbed by fl4m3r's rocket
jebak rides zero!'s rocket
zero! gets a frag for the other team
(jebak): >jbk 0/-3 sg:19 [quad-stairs] 
(fl4m3r): >flm    ga91/69 rl:9 [water-ga]
stevens! was gibbed by JohnNy_cz's rocket
(itmik): >itm: ga55/154 rl:10 [gl-quad] 
(fl4m3r): >flm    get quad
(fl4m3r): >flm    get quad
jebak rides zero!'s rocket
(jebak): >jbk 0/-5 sg:65 [mega-low] 
stevens! rides JohnNy_cz's rocket
crash! rides fl4m3r's rocket
orion! was gibbed by JohnNy_cz's rocket
stevens! chewed on jebak's boomstick
zero! gets a frag for the other team
JohnNy_cz rides zero!'s rocket
(JohnNy_cz): >joh: __ [quad] x
(JohnNy_cz): >joh: __ [quad] x
jebak rides zero!'s rocket
(jebak): >jbk 0/-5 sg:16 [quad] 
(itmik): >itm: took &cff0ya&cfff [ya-top]
(itmik): >itm: ya150/142 rl:10 [ya] 
(fl4m3r): >flm    ga57/49 rl:3 [start]
jebak rides zero!'s rocket
(itmik): >itm: ya150/140 rl:10 [gl] 
(jebak): >jbk 0/-2 sg:23 [quad] 
stevens! rides itmik's rocket
itmik rides zero!'s rocket
(JohnNy_cz): >joh: &cf00enemy&cfff &c05fquad&cfff
(JohnNy_cz): >joh: &cf00enemy&cfff &c05fquad&cfff
(itmik): >itm: coming [start-water]
(jebak): >jbk coming [gl-stairs]
jebak was lead poisoned by zero!
(jebak): >jbk 0/-44 sg:23 [gl] 
itmik mows down a teammate
(fl4m3r): >flm    ga57/79 rl:3 [ga]
crash! rides itmik's rocket
(jebak): >jbk 0/100 sg:25 [start-rl] 
(itmik): >itm: 0/36 rl:3 [start-rl] 
orion! was perforated by fl4m3r
(itmik): >itm: coming [start-rl]
(itmik): >itm: 0/36 rl:3 [start-water] 
(fl4m3r): >flm    ga57/79 rl:2 [ga]
(fl4m3r): >flm    ga57/79 rl:2 [ga]
JohnNy_cz was gibbed by stevens!'s rocket
(JohnNy_cz): >joh: 0/100 sg:25 [start] 
(itmik): >itm: 0/36 rl:3 [start] 
fl4m3r becomes bored with life
(fl4m3r): >flm __ lost [ga] 1
(JohnNy_cz): >joh: quaded &cf00enemy&cfff at [ga]
(itmik): >itm: 0/66 rl:3 [start] 
JohnNy_cz ate 8 loads of zero!'s buckshot
(jebak): >jbk 0/100 sg:100 [rl] 
(jebak): >jbk waiting item at rl
(fl4m3r): >flm    took mega [mega]
(itmik): >itm: 0/58 rl:3 [start-water] 
itmik was smeared by zero!'s quad rocket
(fl4m3r): >flm    0/200 sng:80 [cross]
orion!: :>
(fl4m3r): >flm    0/197 sng:80 [gl]
[2] minutes remaining
Team [cze] leads by 35 frags
(fl4m3r): >flm    took ya [ya-top]
(jebak): >jbk took rl [rl]
JohnNy_cz was ventilated by crash!
stevens! was ventilated by fl4m3r
(JohnNy_cz): >joh: __ [ya-water] x
(itmik): >itm: coming [rl-cross]
fl4m3r rides zero!'s rocket
(fl4m3r): >flm __ lost [ya] 2
(JohnNy_cz): >joh: coming [spikes]
(JohnNy_cz): >joh: 0/73 sg:25 [ya] 
(fl4m3r): >flm    get quad
(fl4m3r): >flm    get quad
fl4m3r rides zero!'s rocket
(fl4m3r): >flm __ lost [quad] 2
(fl4m3r): >flm __ lost [quad] 2
(JohnNy_cz): >joh: coming [gl]
JohnNy_cz rides zero!'s rocket
(JohnNy_cz): >joh: __ [quad] x
orion! ate 2 loads of fl4m3r's buckshot
(jebak): >jbk 0/91 rl:9 [ssg] 
fl4m3r was brutalized by zero!'s quad rocket
(JohnNy_cz): >joh: &cf00enemy&cfff &c05fquad&cfff
(JohnNy_cz): >joh: &cf00enemy&cfff &c05fquad&cfff
(jebak): >jbk 0/91 rl:9 [ssg-spikes] 
(JohnNy_cz): >joh: &c0a0mega&cfff at [mega]
(JohnNy_cz): >joh: &c0a0mega&cfff at [mega]
(JohnNy_cz): >joh: &c0a0mega&cfff at [mega]
(JohnNy_cz): >joh: &c0a0mega&cfff at [mega]
stevens! chewed on itmik's boomstick
(JohnNy_cz): >joh: &c0a0mega&cfff at [mega]
(fl4m3r): >flm    took ya [ya-top]
(itmik): >itm: 0/88 sg:94 [quad] 
(jebak): >jbk 0/100 rl:9 [ya] 
(fl4m3r): >flm    ya150/100 sg:22 [water-rl]
(JohnNy_cz): >joh: &c0a0mega&cfff at [mega]
(JohnNy_cz): >joh: &c0a0mega&cfff at [mega]
fl4m3r chewed on orion!'s boomstick
itmik chewed on stevens!'s boomstick
(fl4m3r): >flm __ lost [water-rl] 1
(itmik): >itm: &cf00enemy&cfff at [gl]
(itmik): >itm: 0/100 sg:44 [ssg-spikes] 
(JohnNy_cz): >joh: took &c0a0mega&cfff [mega]
stevens! rides jebak's rocket
(jebak): >jbk 0/98 rl:6 [ya] 
crash! was telefragged by his teammate
(jebak): >jbk waiting item at ya-top
JohnNy_cz: 8)
(jebak): >jbk took &cff0ya&cfff [ya-top]
(itmik): >itm: ga100/100 ssg:69 [ga] 
(itmik): >itm: coming [ga]
(itmik): >itm: ga100/100 ssg:69 [ga] 
stevens! chewed on fl4m3r's boomstick
(fl4m3r): >flm    0/32 sg:93 [quad-stairs]
(itmik): >itm: ga100/100 ssg:85 [rl] 
fl4m3r was punctured by zero!
(fl4m3r): >flm __ lost [quad] 1
(itmik): >itm: ga100/100 ssg:85 [rl] 
orion! rides jebak's rocket
[1] minute remaining
Team [cze] leads by 34 frags
(itmik): >itm: ga100/100 ssg:85 [water-rl] 
crash! was gibbed by jebak's rocket
(jebak): >jbk ya58/43 rl:1 [water-ga] 
(itmik): >itm: ga100/100 ssg:85 [water-rl] 
(JohnNy_cz): >joh: 0/81 sng:0 [ssg] 
(itmik): >itm: ga100/100 ssg:85 [water-ga] 
(jebak): >jbk need armor hth rox
(JohnNy_cz): >joh: coming [spikes]
(itmik): >itm: ga100/100 ssg:85 [water-rl] 
(itmik): >itm: ga100/100 rl:5 [rl] 
crash! was gibbed by itmik's rocket
stevens! chewed on JohnNy_cz's boomstick
(JohnNy_cz): >joh: 0/100 sng:0 [ya] 
(jebak): >jbk ya58/43 rl:1 [ya-top] 
(fl4m3r): >flm    0/77 sg:16 [ya-tele]
(jebak): >jbk took &cfffpack&cfff [ya]
(fl4m3r): >flm    took ga [ga]
itmik rides zero!'s rocket
(itmik): >itm: ga72/64 rl:1 [rl-cross] 
(jebak): >jbk ya150/43 rl:1 [ya] 
stevens! chewed on JohnNy_cz's boomstick
(fl4m3r): >flm    need weapon [ssg]
(fl4m3r): >flm    ga100/100 sg:36 [water-ga]
(fl4m3r): >flm    get quad
(fl4m3r): >flm    get quad
(fl4m3r): >flm    get quad
(fl4m3r): >flm    get quad
(fl4m3r): >flm    get quad
(jebak): >jbk ya150/58 rl:0 [gl] 
itmik was gibbed by zero!'s rocket
(jebak): >jbk took rox [gl-rox]
(itmik): >itm: coming [start-water]
(itmik): >itm: 0/100 sg:24 [start-water] 
JohnNy_cz was gibbed by zero!'s rocket
(itmik): >itm: coming [start-rl]
(itmik): >itm: 0/100 sg:24 [start-rl] 
jebak becomes bored with life
(jebak): >jbk ya60/-2 rl:9 [gl-quad] 
orion! chewed on fl4m3r's boomstick
(fl4m3r): >flm    ga87/70 sg:50 [rl]
JohnNy_cz was straw-cuttered by zero!
jebak was straw-cuttered by zero!
(JohnNy_cz): >joh: &cf00enemy&cfff &c05fquad&cfff
(fl4m3r): >flm    ga87/95 sg:90 [rl]
[30] seconds
(fl4m3r): >flm    took rl [rl]
jebak chewed on orion!'s boomstick
(fl4m3r): >flm    ga87/100 rl:5 [water-rl]
(JohnNy_cz): >joh: rox at [mega-rox]
orion!: :>
stevens! was gibbed by jebak's grenade
[15] seconds
orion! eats jebak's pineapple
JohnNy_cz chewed on zero!'s boomstick
(JohnNy_cz): >joh: __ [mega-low] x
[10] seconds
itmik rides crash!'s rocket
(fl4m3r): >flm    took ya [ya-top]
[9] seconds
[8] seconds
(fl4m3r): >flm    ya150/89 rl:4 [gl-stairs]
jebak was punctured by zero!
[7] seconds
(jebak): >jbk 0/-35 gl:0 [cross] 
[6] seconds
[5] seconds
[4] seconds
[3] seconds
zero! was gibbed by fl4m3r's rocket
[2] seconds
fl4m3r was gibbed by crash!'s rocket
crash! rides fl4m3r's rocket
[1] second
jebak: gg
The match is over

Player statistics:
Frags (rank) friendkills . efficiency
___________________________________
Team [cze]:
__________
_ jebak:
  45 (-11) 2 44.6%
Wp: rl69.1% gl34.8% sg32.5% ssg36.4%
RL skill: ad:56.4 dh:9
Armr&mhs: ga:5 ya:14 ra:0 mh:2
Powerups: Q:1 P:0 R:0
      RL: Took:7 Killed:4 Dropped:5
  Damage: Tkn:7619 Gvn:7199 Tm:437
 Streaks: Frags:20 QuadRun:0
  SpawnFrags: [5]
__________
_ fl4m3r:
  66 (21) 2 59.5%
Wp: rl67.1% gl26.7% sg43.6% ssg38.0%
RL skill: ad:55.5 dh:8
Armr&mhs: ga:3 ya:11 ra:0 mh:6
Powerups: Q:4 P:0 R:0
      RL: Took:7 Killed:11 Dropped:5
  Damage: Tkn:7584 Gvn:8656 Tm:330
 Streaks: Frags:14 QuadRun:4
  SpawnFrags: [1]
__________
_ JohnNy_cz:
  51 (5) 2 52.6%
Wp: rl76.3% gl42.9% sg36.7% ssg73.8%
RL skill: ad:57.7 dh:15
Armr&mhs: ga:4 ya:6 ra:0 mh:3
Powerups: Q:2 P:0 R:0
      RL: Took:8 Killed:9 Dropped:3
  Damage: Tkn:6525 Gvn:7355 Tm:241
 Streaks: Frags:9 QuadRun:6
  SpawnFrags: [6]
__________
_ itmik:
  38 (-14) 2 42.2%
Wp: rl62.0% gl30.0% sg22.9% ssg27.2%
RL skill: ad:65.0 dh:12
Armr&mhs: ga:7 ya:5 ra:0 mh:4
Powerups: Q:1 P:0 R:0
      RL: Took:10 Killed:5 Dropped:7
  Damage: Tkn:7206 Gvn:5739 Tm:510
 Streaks: Frags:10 QuadRun:1
  SpawnFrags: [2]

Team [hun]:
__________
_ orion!:
  32 (-32) 1 33.3%
Wp: rl60.0% gl14.3% sg33.3% ssg32.1%
RL skill: ad:61.4 dh:8
Armr&mhs: ga:8 ya:4 ra:0 mh:3
Powerups: Q:1 P:0 R:0
      RL: Took:6 Killed:1 Dropped:4
  Damage: Tkn:7448 Gvn:5448 Tm:112
 Streaks: Frags:14 QuadRun:0
  SpawnFrags: [2]
__________
_ stevens!:
  31 (-37) 1 31.3%
Wp: rl48.2% sg29.2% ssg26.0%
RL skill: ad:64.5 dh:13
Armr&mhs: ga:8 ya:7 ra:0 mh:3
Powerups: Q:1 P:0 R:0
      RL: Took:10 Killed:3 Dropped:5
  Damage: Tkn:8395 Gvn:6130 Tm:453
 Streaks: Frags:8 QuadRun:2
  SpawnFrags: [2]
__________
_ crash!:
  44 (-10) 1 44.9%
Wp: rl76.4% sg33.0% ssg38.9%
RL skill: ad:63.9 dh:11
Armr&mhs: ga:9 ya:2 ra:0 mh:1
Powerups: Q:1 P:0 R:0
      RL: Took:10 Killed:7 Dropped:3
  Damage: Tkn:6603 Gvn:7927 Tm:279
 Streaks: Frags:6 QuadRun:0
  SpawnFrags: [0]
__________
_ zero!:
  61 (16) 9 57.5%
Wp: rl62.3% sg35.6% ssg35.7%
RL skill: ad:61.5 dh:15
Armr&mhs: ga:7 ya:3 ra:0 mh:4
Powerups: Q:9 P:0 R:0
      RL: Took:7 Killed:15 Dropped:6
  Damage: Tkn:6503 Gvn:9429 Tm:957
 Streaks: Frags:22 QuadRun:5
  SpawnFrags: [6]

___________________________________
[cze] vs [hun] match statistics:
___________________________________

weapons, powerups, armors&mhs, damage
___________________________________
[cze]: Wp: rl44 gl16 sg33% ssg36%
Powerups: Q:8 P:0 R:0
Armr&mhs: ga:19 ya:36 ra:0 mh:15
      RL: Took:32 Killed:29 Dropped:20
  Damage: Tkn:28934 Gvn:28949 Tm:1518
[hun]: Wp: rl47 gl2 sg33% ssg36%
Powerups: Q:12 P:0 R:0
Armr&mhs: ga:32 ya:16 ra:0 mh:11
      RL: Took:33 Killed:26 Dropped:18
  Damage: Tkn:28949 Gvn:28934 Tm:1801
___________________________________
[e1m2] top scorers:
___________________________________
      Frags: fl4m3r [66]
     Deaths: stevens! [68]
Friendkills: zero! [9]
 Efficiency: fl4m3r [59.5%]
 FragStreak: zero! [22]
    QuadRun: JohnNy_cz [6]
___________________________________

Team scores: frags . percentage
___________________________________
[cze]: 200 . 54.3%
[hun]: 168 . 45.7%
___________________________________
Auto demo recording and console logging still in progress
Match scoreboard saved to johnny/0801/4on4_JohnNy_cz_(cze_vs_hun)_[e1m2]_000.jpg
divine: gg
orion!: gg
