Shp3Q: hf
[MozarT]: gl
johnny_cz: hf! & gl
[itm]: to dite jeste porad krici
johnny_cz: 8)
[MozarT]: :)
[.FraG.]: :c]
[.FraG.]: :c]
[MozarT]: :)
[MozarT]: :)
[MozarT]: :)
[MozarT]: :)
[MozarT]: :)
[MozarT]: :)
]kill
(johnny_cz): >joh: 1000/1000.rl:100 [low-rl/button]
matchkey: 304-2003-12-22:23-34-20
The match has begun!
(johnny_cz): >joh: 0/100.sg:25 [quad-low]
(johnny_cz): >joh: 0/100.sg:25 [quad-low]
(johnny_cz): >joh: enemy @ __[quad-low]__ e:x
(johnny_cz): >joh: enemy @ __[quad-low]__ e:x
([MozarT]): x>_moz: 0/100.rl:4 [low-rl] 
johnny_cz chewed on Shp3Q's boomstick
(johnny_cz): > joh: __lost quad-low__ e:x
(johnny_cz): > joh: __lost quad-low__ e:x
(johnny_cz): > joh: ___enemy quad___
(johnny_cz): > joh: ___enemy quad___
johnny_cz was brutalized by [.FraG.]'s quad rocket
(johnny_cz): > joh: __lost tele__ e:x
johnny_cz was smeared by [.FraG.]'s quad rocket
(johnny_cz): > joh: __lost tele__ e:x
Shp3Q rides [MozarT]'s rocket
[MozarT]: nemuzu skakt
Shp3Q: =)
johnny_cz rides [.FraG.]'s rocket
[9] minutes remaining
Team [dc] leads by 3 frags
johnny_cz was gibbed by Shp3Q's rocket
no weapon
no weapon
(johnny_cz): > joh: __lost big-stairs__ e:x
(johnny_cz): >joh: 0/100.sg:43 [tele-150]
[.FraG.] was gibbed by [MozarT]'s rocket
johnny_cz rides Shp3Q's rocket
(johnny_cz): > joh: __lost quad-way__ e:x
([MozarT]): x>_moz: y150/74.rl:0 [large-ya] 
Shp3Q was gibbed by johnny_cz's rocket
(johnny_cz): > _ powerup killed $/ _ powerup killed
johnny_cz rides [.FraG.]'s rocket
(johnny_cz): > joh: __lost path__ e:x
([MozarT]): x>_moz: y150/100.rl:11 [low-rl] 
johnny_cz was gibbed by [.FraG.]'s rocket
[.FraG.] checks his glasses
[MozarT] discovers blast radius
Shp3Q: =)
([MozarT]): x>_moz: 0/100.sg:24 [ng] 
[.FraG.] rides johnny_cz's rocket
johnny_cz rides Shp3Q's rocket
Shp3Q was gibbed by johnny_cz's rocket
(johnny_cz): >joh: 77/166.rl:25 [secret]
[8] minutes remaining
Team [dc] leads by 4 frags
(johnny_cz): >joh: 0/37.rl:17 [secret]
(johnny_cz): >joh: 0/37.rl:17 [secret]
[MozarT]: sorac
Shp3Q rides johnny_cz's rocket
Shp3Q was gibbed by johnny_cz's rocket
[.FraG.] rides johnny_cz's rocket
johnny_cz rides [.FraG.]'s rocket
(johnny_cz): > joh: __lost big__ e:x
[MozarT] rides Shp3Q's rocket
Shp3Q rides [MozarT]'s rocket
[.FraG.] was gibbed by johnny_cz's rocket
[.FraG.]: :c]
(johnny_cz): >joh: ____ team quad ____
(johnny_cz): >joh: ____ team quad ____
(johnny_cz): >joh: ____ team quad ____
[MozarT] rides [.FraG.]'s rocket
([MozarT]): x> moz: __help low-rl e:2 
([MozarT]): x> moz: __help low-rl e:2 
[.FraG.] loses another friend
([MozarT]): x> moz: __help low-rl e:2 
([MozarT]): x> moz: __help low-rl e:2 
Shp3Q: =)
johnny_cz loses another friend
johnny_cz rips [.FraG.] a new one
johnny_cz becomes bored with life
johnny_cz: 8)
johnny_cz: 8)
johnny_cz: 8)
johnny_cz: 8)
([MozarT]): x>_moz: 0/100.sg:24 [ng-stairs] 
([MozarT]): x>_moz: 0/100.sg:24 [path] 
([MozarT]): x>_moz: 0/100.sg:24 [path] 
([MozarT]): x>_moz: 0/100.sg:24 [path] 
(johnny_cz): >joh: 0/100.sg:48 [big]
johnny_cz rides Shp3Q's rocket
(johnny_cz): > joh: __lost big__ e:x
[MozarT] rides [.FraG.]'s rocket
Shp3Q was gibbed by johnny_cz's rocket
johnny_cz discovers blast radius
([MozarT]): x>_moz: 0/100.ng:30 [ng] 
(johnny_cz): >joh: 0/100.sg:24 [water]
[7] minutes remaining
Team [dc] leads by 4 frags
([MozarT]): x> moz: __help gl e:0 
[.FraG.] rides johnny_cz's rocket
[.FraG.] rides johnny_cz's rocket
(johnny_cz): >joh: 115/100.rl:6 [floating]
(johnny_cz): >joh: 115/200.rl:20 [floating]
(johnny_cz): > joh: _status ??
[MozarT] was gibbed by [.FraG.]'s rocket
[.FraG.] was gibbed by [MozarT]'s rocket
(johnny_cz): >joh: 115/200.rl:20 [high-rl]
[.FraG.] was telefragged by [MozarT]
johnny_cz rides Shp3Q's rocket
(johnny_cz): >joh: 200/100.rl:14 [secret]
Shp3Q rides johnny_cz's rocket
[MozarT] was squished
johnny_cz rides [.FraG.]'s rocket
johnny_cz: 8)
[.FraG.] was body pierced by johnny_cz
([MozarT]): x>_moz: 0/100.sg:24 [low-lift] 
(johnny_cz): >joh: 0/100.rl:70 [water-mid]
[MozarT] was gibbed by Shp3Q's rocket
([MozarT]): x>_moz: 0/100.ng:30 [quad-dn] 
([MozarT]): x> ___get [quad] !!
 ___get [quad] !! 
(johnny_cz): >joh: 150/100.rl:80 [path]
[MozarT] rides [.FraG.]'s rocket
[.FraG.] rides johnny_cz's rocket
(johnny_cz): >joh: pack @ __[quad-low]__
[6] minutes remaining
Team [dc] leads by 3 frags
([MozarT]): x> moz: _ok/coming ra-mega
([MozarT]): x> moz: _negative/you take!!
[.FraG.] visits the Volcano God
johnny_cz was gibbed by Shp3Q's rocket
(johnny_cz): > joh: __lost water-mid__ e:x
([MozarT]): x>_moz: 0/100.ssg:29 [ra-mega] 
[MozarT] visits the Volcano God
[MozarT]: :)
(johnny_cz): >joh: 37/100.rl:15 [water-mid]
johnny_cz rides [.FraG.]'s rocket
(johnny_cz): > joh: __lost quad-low__ e:x
no weapon
[MozarT]: ta ruka v sadre je docela defekt
[MozarT]: :)
(johnny_cz): > __quad soon!__ $/ __quad soon!__
johnny_cz: 8)
([MozarT]): x>_moz: 0/100.sg:24 [gl] 
([MozarT]): x>_moz: 0/100.sg:24 [gl] 
Shp3Q discovers blast radius
Shp3Q: =)
Shp3Q: =)
(johnny_cz): > _ powerup killed $/ _ powerup killed
([MozarT]): x> ___enemy [quad] 
 ___enemy [quad] 
Shp3Q was gibbed by johnny_cz's rocket
[.FraG.] was gibbed by johnny_cz's rocket
([MozarT]): x>_moz: 0/180.rl:13 [sec-ra] 
[5] minutes remaining
Team [dc] leads by 2 frags
johnny_cz rides Shp3Q's rocket
(johnny_cz): > joh: __lost big__ e:x
(johnny_cz): > joh: __lost big__ e:x
Shp3Q was gibbed by [MozarT]'s rocket
[MozarT] chewed on Shp3Q's boomstick
(johnny_cz): >joh: 0/100.sg:24 [tele-high]
([MozarT]): x> moz: __help large-ya e:0 
[.FraG.] rides johnny_cz's rocket
Spectator [itm] left the game
[.FraG.] rides johnny_cz's rocket
[.FraG.] was gibbed by johnny_cz's rocket
Shp3Q rides [MozarT]'s rocket
Shp3Q rides [MozarT]'s rocket
(johnny_cz): >joh: [quad] 70/100.rl:0 [water-mid]
([MozarT]): x> ___enemy [quad] 
 ___enemy [quad] 
(johnny_cz): >joh: ____ team quad ____
(johnny_cz): >joh: ____ team quad ____
(johnny_cz): >joh: ____ team quad ____
Shp3Q was gibbed by [MozarT]'s rocket
[.FraG.] rides [MozarT]'s rocket
johnny_cz: wow!
Shp3Q rides [MozarT]'s rocket
[4] minutes remaining
Team [bt] leads by 5 frags
[.FraG.] was lead poisoned by johnny_cz
(johnny_cz): >joh: [quad] 200/100.rl:10 [tele]
[.FraG.] was smeared by johnny_cz's quad rocket
([MozarT]): x>_moz: 0/100.rl:74 [low-rl] 
Quad Damage is wearing off
[.FraG.] was brutalized by johnny_cz's quad rocket
(johnny_cz): >_joh: help tele-rox e:x
(johnny_cz): > joh: _quad in 30
(johnny_cz): > joh: _quad in 30
(johnny_cz): > joh: __safe water-mid rl:15
[.FraG.] rides [MozarT]'s rocket
([MozarT]): x>_moz: 0/100.rl:67 [ra-mega] 
([MozarT]): x>_moz: 0/100.rl:67 [ra-mega] 
(johnny_cz): >joh: 169/100.rl:12 [quad-low]
([MozarT]): x>_moz: 0/100.rl:67 [ra-mega] 
johnny_cz rides Shp3Q's rocket
(johnny_cz): > joh: __lost tele-stairs__ e:x
Shp3Q: =)
([MozarT]): x>_moz: r200/100.rl:67 [low-rl] 
(johnny_cz): >joh: 150/100.sg:24 [big-button]
(johnny_cz): >joh: 150/100.sg:24 [platforms]
Spectator spectator connects
johnny_cz rides Shp3Q's rocket
(johnny_cz): > joh: __lost water-mid__ e:x
(johnny_cz): > joh: __lost water-mid__ e:x
(johnny_cz): >joh: quaded enemy @ __[water-mid]__ e:x
(johnny_cz): >joh: quaded enemy @ __[water-mid]__ e:x
[3] minutes remaining
Team [bt] leads by 7 frags
(johnny_cz): >joh: quaded enemy @ __[water-ng]__ e:x
(johnny_cz): >joh: quaded enemy @ __[water-ng]__ e:x
no weapon
[.FraG.] was gibbed by [MozarT]'s rocket
johnny_cz: nice!
([MozarT]): x>_moz: 0/19.rl:61 [large] 
(johnny_cz): >joh: 0/100.sg:25 [tele-150]
Shp3Q gets a frag for the other team
johnny_cz: 8)
[.FraG.] rides [MozarT]'s rocket
(johnny_cz): >joh: 150/100.sg:25 [tele-high]
[.FraG.] rides [MozarT]'s rocket
[MozarT] rides Shp3Q's rocket
([MozarT]): x> ___enemy [quad] 
 ___enemy [quad] 
[.FraG.] was gibbed by johnny_cz's rocket
(johnny_cz): >joh: 128/85.rl:18 [high-rl]
[MozarT] rides Shp3Q's rocket
Shp3Q discovers blast radius
Shp3Q: =)
[MozarT]: :)
Shp3Q chewed on [MozarT]'s boomstick
(johnny_cz): >joh: 128/185.rl:28 [tele-high]
[MozarT] rides [.FraG.]'s rocket
[MozarT]: :)
(johnny_cz): > joh: ___enemy quad___
[2] minutes remaining
Team [bt] leads by 11 frags
Shp3Q rides [MozarT]'s rocket
[MozarT] was smeared by [.FraG.]'s quad rocket
[MozarT]: :)
([MozarT]): x> ___enemy [quad] 
 ___enemy [quad] 
Shp3Q was gibbed by johnny_cz's rocket
[.FraG.] loses another friend
[MozarT] was smeared by [.FraG.]'s quad rocket
(johnny_cz): >joh: 150/100.rl:7 [tele-high]
[MozarT] was gibbed by Shp3Q's rocket
([MozarT]): x> moz: __help ya e:0 
johnny_cz was gibbed by Shp3Q's rocket
johnny_cz: 8)
(johnny_cz): > joh: __lost big__ e:x
[MozarT] was gibbed by [.FraG.]'s rocket
[MozarT] rides [.FraG.]'s rocket
(johnny_cz): >joh: 150/100.sg:25 [tele-high]
Shp3Q: =)
[.FraG.] becomes bored with life
johnny_cz loses another friend
johnny_cz: :(
[MozarT] rides [.FraG.]'s rocket
(johnny_cz): >joh: 117/100.rl:32 [tele-entry]
[1] minute remaining
Team [bt] leads by 7 frags
([MozarT]): x> moz: _ok/coming ya
(johnny_cz): >joh: ____ team quad ____
(johnny_cz): >joh: ____ team quad ____
(johnny_cz): >joh: [quad] 95/100.rl:31 [water-mid]
([MozarT]): x>_moz: y147/98.sg:24 [low-rl] 
johnny_cz rips [.FraG.] a new one
(johnny_cz): >joh: pack @ __[water-mid]__
([MozarT]): x> moz: __need armor low-rl__ 
(johnny_cz): >joh: [quad] 200/188.rl:28 [big-stairs]
[.FraG.] was smeared by johnny_cz's quad rocket
Quad Damage is wearing off
[30] seconds
(johnny_cz): >joh: [quad] 200/182.rl:55 [water-mid]
[.FraG.] was gibbed by [MozarT]'s rocket
Spectator spectator left the game
[.FraG.] was gibbed by [MozarT]'s rocket
johnny_cz rides Shp3Q's rocket
(johnny_cz): > joh: __lost water-mid__ e:x
[15] seconds
johnny_cz rides Shp3Q's rocket
[MozarT] was gibbed by [.FraG.]'s rocket
(johnny_cz): > joh: __lost big-stairs__ e:x
[10] seconds
[9] seconds
[8] seconds
Shp3Q rides johnny_cz's rocket
[7] seconds
[6] seconds
[5] seconds
[4] seconds
[3] seconds
[2] seconds
[1] second
(johnny_cz): >joh: 0/74.rl:52 [big-stairs]
The match is over                (5)


___________________________________
[dc] vs [bt] match statistics:
___________________________________

weapons, powerups, armors, damage:
___________________________________
[dc]: Wp:rl27sg10.1% 
Powerups: Q:6 P:0 R:0
  Armors: ga:0 ya:20 ra:17
  Damage: Taken:11060.8 Given:10309.5
[bt]: Wp:rl23sg17.7% ssg16.7% 
Powerups: Q:3 P:0 R:0
  Armors: ga:0 ya:17 ra:12
  Damage: Taken:10309.5 Given:11060.8

Player statistics:
Frags (rank) friendkills . efficiency
__________________________________
Team [dc]:
_ [.FraG.]:
  14 (-16) 3 . 38.8%
__________
_ Shp3Q:
  16 (-4) 1 . 48.7%

Team [bt]:
__________
_ johnny_cz:
  23 (0) 2 . 54.0%
__________
_ [MozarT]:
  16 (-4) 0 . 48.7%

[dm2] top scores:
___________________________________
     Frags : johnny_cz [23]
    Deaths : [.FraG.] [30]
Friendkills: [.FraG.] [3]
Efficiency : johnny_cz [54.0%]

___________________________________
Team scores:  frags . percentage
[dc]: 30 . 43.5%
[bt]: 39 . 56.5%
___________________________________


Match scoreboard saved to 2on2/johnny_cz - [johnny_cz_&_[MozarT]_vs_[.FraG.]_&_Shp3Q] - [dm2]_000.jpg
[.FraG.]: neee
Shp3Q: gg
