5360 unique files, 958 duplicates
Playing demo from 4on4_cccp_vs_ojoj[e1m2]160111-2036.mvd


_____________________________________

_Castle of the Damned
Checking sounds...
Checking models...
Checking vwep models...
Checking skins...
Couldn't load skin skins/0happy.pcx
od is ready [cccp]
All players ready
Timer started
QiZmo: timer lag point disabled
Server starts recording (disk):
4on4_cccp_vs_ojoj[e1m2]160111-2036.mvd
]/demo_setspeed 100
]demo_jump 30:00
(xpr): > xpr    1000/1058 rl.lg:100 [quad]
(moltas): >mol: &cf00enemy&cfff at [mega.entry]
(moltas): >mol: 1000/1042 [mega.low] &c0ffrl&cfff&c0ffg&cfff:100/100
matchdate: 2011-01-16 20:36:24 CET
The match has begun!
(od): >  &c555ovd:&cfff &ca220&cfff/100 [gl.quad] &c2aasg&cfff:25 
(moltas): >mol: 0/100 [gl.quad]
(votary): >  &c0c3vot:&cfff 0/100 [quad] &c2aasg&cfff:25 
(votary): >  &c0c3vot:&cfff &ca0bt&cfff&c0cco&cfff&c0c3o&cfff&ccc0k&cfff &c05fquad&cfff [quad.box]
mrklarder chewed on votary's boomstick
(votary): >  &c0c3vot:&cfff 0/52 [gl.quad] &c2aasg&cfff:83 &c05fquad&cfff
od chewed on blaze's boomstick
xpr rides hlt's rocket
moltas ate 2 loads of Darkki's buckshot
(moltas): >mol: &cf00lost&cfff [mega.low] &cf00e&cfff:2
mrklarder chewed on votary's boomstick
(moltas): >mol: &cf00enemy&cfff at [cross]
xpr was perforated by blaze
(votary): >  &c0c3vot:&cfff &cff0ya&cfff150/71 [ya] &c2aasg&cfff:80 &c05fquad&cfff
moltas was gibbed by hlt's rocket
xpr was gibbed by hlt's rocket
blaze was lead poisoned by votary
hlt checks his glasses
mrklarder eats od's pineapple
moltas was gibbed by hlt's rocket
(moltas): >mol: &cf00lost&cfff [mega.low] &cf00e&cfff:2
xpr chewed on blaze's boomstick
(od): >  &c555ovd:&cfff &c0b0ga&cfff100/100 [water.ga] gl:&ca228&cfff 
moltas rides hlt's rocket
(moltas): >mol: &cf00lost&cfff [mega.low] &cf00e&cfff:1
Darkki was lead poisoned by votary
od loses another friend
(votary): >  &c0c3vot:&cfff &cf00LOST&cfff [rl] 1
(votary): >  &c0c3vot:&cfff &cf00LOST&cfff [rl] 1
blaze chewed on xpr's boomstick
(od): >  &c555ovd:&cfff &ca0bt&cfff&c0cco&cfff&c0c3o&cfff&ccc0k&cfff &cf31rl&cfff [rl]
hlt gets a frag for the other team
(od): >  &c555ovd:&cfff &c0b0ga&cfff&ca2264&cfff/78 [water.ga] &cf31rl&cfff:11 
moltas chewed on Darkki's boomstick
(moltas): >mol: &cf00lost&cfff [cross] &cf00e&cfff:2
(votary): >  &c0c3vot:&cfff &cff0ya&cfff at [ya]
(votary): >  &c0c3vot:&cfff &cff0ya&cfff at [ya]
(moltas): >mol: coming [cross.water]
(od): >  &c555ovd:&cfff coming [ssg.spikes] 
(od): >  &c555ovd:&cfff &c0b0ga&cfff&ca2264&cfff/78 [spikes] &cf31rl&cfff:11 
(od): >  &c555ovd:&cfff coming [spikes] 
moltas was gibbed by hlt's rocket
hlt loses another friend
(moltas): >mol: &cf00lost&cfff [quad.stairs] &cf00e&cfff:2
(od): >  &c555ovd:&cfff &c0b0ga&cfff&ca2264&cfff/100 [ya.spikes] &cf31rl&cfff:11 
votary ate 2 loads of blaze's buckshot
xpr was gibbed by hlt's rocket
(xpr): > xpr __ lost [quad] 0
(xpr): > xpr __ lost [quad] 0
moltas ate 2 loads of hlt's buckshot
(moltas): >mol: &cf00lost&cfff [quad.stairs] &cf00e&cfff:1
votary rides hlt's rocket
(votary): >  &c0c3vot:&cfff &cf00LOST&cfff [quad] 2
blaze rides od's rocket
xpr rides hlt's rocket
(xpr): > xpr __ lost [quad] 2
(xpr): > xpr __ lost [quad] 2
(moltas): >mol: coming [bridge]
(od): >  &c555ovd:&cfff &c0b0ga&cfff&ca2243&cfff/57 [ya] &cf31rl&cfff:&ca226&cfff 
(moltas): >mol: took &c0b0ga&cfff [ga]
(od): >  &c555ovd:&cfff &c0b0ga&cfff&ca2243&cfff/57 [ya] &cf31rl&cfff:&ca226&cfff 
votary ate 2 loads of hlt's buckshot
(moltas): >mol: coming [bridge]
(votary): >  &c0c3vot:&cfff &cf00LOST&cfff [cross] 1
(moltas): >mol: coming [water.ga]
Darkki chewed on xpr's boomstick
od was gibbed by blaze's grenade
(od): >  &c555ovd:&cfff &cf00LOST [&cfffgl&cf00] 2&cfff
(moltas): >mol: coming [water.rl]
(xpr): > xpr    help [rl]
(votary): >  &c0c3vot:&cfff 0/88 [start.rl] &c2aasg&cfff:25 
(moltas): >mol: &c0b0100&cfff/100 [rl]
(moltas): >mol: &c0b0100&cfff/100 [rl]
[19] minutes remaining
Team [ojoj] leads by 8 frags
(od): >  &c555ovd:&cfff &ca220&cfff/100 [cross.water] &c2aasg&cfff:25 
(moltas): >mol: took &c0ffrl&cfff [rl]
mrklarder chewed on xpr's boomstick
xpr checks his glasses
Darkki chewed on votary's boomstick
votary was gibbed by blaze's grenade
(votary): >  &c0c3vot:&cfff &cf00LOST&cfff [gl.quad] 2
hlt was gibbed by moltas's rocket
xpr eats blaze's pineapple
(moltas): >mol: &c0ffrl&cfff killed [mega.low]
od eats blaze's pineapple
blaze tries to put the pin back in
(moltas): >mol: &c0b0safe&cfff [cross] &c0ffrl&cfff:3
(votary): >  &c0c3vot:&cfff &cf40coming&cfff [cross]
Darkki chewed on od's boomstick
(votary): >  &c0c3vot:&cfff 0/100 [cross] &c2aasg&cfff:25 
hlt chewed on votary's boomstick
blaze chewed on moltas's boomstick
(moltas): >mol: &c0b0safe&cfff [mega.low] &c0ffrl&cfff:7
(od): >  &c555ovd:&cfff &c0b0SAFE [&cfffya&c0b0]&cfff &c2aasg&cfff:63 
(od): >  &c555ovd:&cfff &c0b0SAFE [&cfffya&c0b0]&cfff &c2aasg&cfff:63 
(od): >  &c555ovd:&cfff &c0b0SAFE [&cfffya&c0b0]&cfff &c2aasg&cfff:63 
(od): >  &c555ovd:&cfff &c0b0SAFE [&cfffya&c0b0]&cfff &c2aasg&cfff:63 
(moltas): >mol: &c0b0safe&cfff [cross] &c0ffrl&cfff:7
hlt rides moltas's rocket
od chewed on blaze's boomstick
(moltas): >mol: coming [quad]
(od): >  &c555ovd:&cfff &cf00LOST [&cfffya&cf00] 1&cfff
(moltas): >mol: coming [gl.stairs]
mrklarder mows down a teammate
votary was ventilated by mrklarder
(votary): >  &c0c3vot:&cfff &cf00LOST&cfff [rl] 1
(votary): >  &c0c3vot:&cfff &cf00LOST&cfff [rl] 1
blaze rides moltas's rocket
(moltas): >mol: coming [gl]
od was punctured by mrklarder
Darkki was gibbed by moltas's rocket
(moltas): >mol: &c0b08&cfff/100 [gl] &c0ffrl&cfff:8
(moltas): >mol: &cf00enemy&cfff at [gl]
Darkki chewed on od's boomstick
blaze chewed on votary's boomstick
votary was ventilated by mrklarder
(votary): >  &c0c3vot:&cfff &cf00LOST&cfff [mega.low] 3
(moltas): >mol: &c0b03&cfff/89 [ya] &c0ffrl&cfff:7
(moltas): >mol: &c0b0safe&cfff [ya] &c0ffrl&cfff:7
(votary): >  &c0c3vot:&cfff 0/100 [spikes] &c2aasg&cfff:25 
od chewed on blaze's boomstick
(moltas): >mol: &c0b03&cfff/89 [ya] &c0ffrl&cfff:7
(od): >  &c555ovd:&cfff &ca220&cfff/100 [start.water] &c2aasg&cfff:24 
(moltas): >mol: &cf00enemy&cfff at [gl.stairs]
(xpr): > xpr    coming [start-water]
moltas chewed on Darkki's boomstick
blaze rides moltas's rocket
(moltas): >mol: &cf00lost&cfff &c0ffrl&cfff [ya] &cf00e&cfff:2
(moltas): >mol: &cf00lost&cfff &c0ffrl&cfff [ya] &cf00e&cfff:2
(moltas): >mol: &cf00lost&cfff &c0ffrl&cfff [ya] &cf00e&cfff:2
(moltas): >mol: &cf00enemy&cfff at [gl.stairs]
moltas was gibbed by Darkki's rocket
(moltas): >mol: &cf00lost&cfff [ya] &cf00e&cfff:2
(votary): >  &c0c3vot:&cfff &cf40coming&cfff [ssg.spikes]
votary rides Darkki's rocket
(votary): >  &c0c3vot:&cfff &cf00LOST&cfff [gl.stairs] 3
(moltas): >mol: coming [gl.quad]
moltas eats hlt's pineapple
(moltas): >mol: &cf00lost&cfff [gl.quad] &cf00e&cfff:3
mrklarder ate 2 loads of xpr's buckshot
od chewed on hlt's boomstick
(od): >  &c555ovd:&cfff &cf00LOST [&cfffgl&cf00] 2&cfff
od rides Darkki's rocket
votary was gibbed by Darkki's rocket
(votary): >  &c0c3vot:&cfff &cf00LOST&cfff [gl] 2
blaze chewed on moltas's boomstick
[18] minutes remaining
Team [ojoj] leads by 8 frags
(votary): >  &c0c3vot:&cfff 0/100 [start.rl] &c2aasg&cfff:25 
moltas chewed on blaze's boomstick
(moltas): >mol: &cf00lost&cfff [ya] &cf00e&cfff:1
mrklarder rides xpr's rocket
(moltas): >mol: &c0b0safe&cfff [start] sg:25
od was gibbed by Darkki's rocket
(od): >  &c555ovd:&cfff &cf00LOST [&cfffquad&cf00] 2&cfff
(moltas): >mol: &c0b0ga&cfff at [ga]
(moltas): >mol: &c0b0ga&cfff at [ga]
(moltas): >mol: 0/100 [door]
Darkki rips od a new one
hlt was perforated by xpr
(moltas): >mol: &c0b0ga&cfff at [ga]
(moltas): >mol: &c0b0ga&cfff at [ga]
(xpr): > xpr    coming [rl-crossing]
od was brutalized by Darkki's quad rocket
od chewed on Darkki's boomstick
(votary): >  &c0c3vot:&cfff 0/100 [gl.stairs] &c2aassg&cfff:100 
(moltas): >mol: &cf00enemy&cfff at [door]
moltas chewed on Darkki's boomstick
(moltas): >mol: &c0b0safe&cfff [quad.stairs] sg:25
(xpr): > xpr    g31/83 rl:9 [mega]
(votary): >  &c0c3vot:&cfff 0/100 [ya] &c2aassg&cfff:100 
hlt chewed on moltas's boomstick
(xpr): > xpr    safe [mega] rl:14
(moltas): >mol: 0/100 [water.rl] ssg:69
(votary): >  &c0c3vot:&cfff &ca0bt&cfff&c0cco&cfff&c0c3o&cfff&ccc0k&cfff &cff0ya&cfff [ya]
od chewed on mrklarder's boomstick
(od): >  &c555ovd:&cfff &cf00LOST [&cfffrl&cf00] 2&cfff
moltas was gibbed by mrklarder's rocket
(moltas): >mol: &cf00lost&cfff [rl] &cf00e&cfff:2
Darkki ate 2 loads of votary's buckshot
(moltas): >mol: coming [cross]
mrklarder chewed on od's boomstick
blaze chewed on moltas's boomstick
od was gibbed by hlt's grenade
(moltas): >mol: coming [start]
(votary): >  &c0c3vot:&cfff &cff0ya&cfff82/100 [rl] &c2aassg&cfff:100 
(votary): >  &c0c3vot:&cfff &cff0ya&cfff82/100 [rl] &c2aassg&cfff:100 
mrklarder chewed on od's boomstick
(moltas): >mol: 0/68 [ssg.spikes]
(xpr): > xpr    g2/102 rl:10 [ga]
(moltas): >mol: coming [ssg.spikes]
(votary): >  &c0c3vot:&cfff &cff0ya&cfff82/100 [rl] &c2aassg&cfff:100 
moltas eats hlt's pineapple
(moltas): >mol: &cf00lost&cfff [ya] &cf00e&cfff:2
mrklarder rides xpr's rocket
(votary): >  &c0c3vot:&cfff &c0b0SAFE&cfff [rl] &c2aassg&cfff:100
(moltas): >mol: coming [cross]
(votary): >  &c0c3vot:&cfff &c0b0SAFE&cfff [rl] &c2aassg&cfff:100
blaze chewed on od's boomstick
(moltas): >mol: 0/100 [quad.stairs]
(moltas): >mol: &c0b0safe&cfff [quad] sg:25
[17] minutes remaining
Team [ojoj] leads by 9 frags
(moltas): >mol: &cff0help&cfff [quad] &cf00e&cfff:1
(votary): >  &c0c3vot:&cfff &ca0bt&cfff&c0cco&cfff&c0c3o&cfff&ccc0k&cfff &cf31rl&cfff [rl]
(od): >  &c555ovd:&cfff &c0b0ga&cfff100/&ca2217&cfff [ga] &c2aasg&cfff:92 
(votary): >  &c0c3vot:&cfff &ca0bt&cfff&c0cco&cfff&c0c3o&cfff&ccc0k&cfff &cf31rl&cfff [rl]
(votary): >  &c0c3vot:&cfff &cff0ya&cfff82/100 [rl] &cf31rl&cfff:15 
od chewed on blaze's boomstick
(moltas): >mol: &c05fquaded&cfff &cf00enemy&cfff at [quad.box]
mrklarder was gibbed by votary's rocket
Darkki was gibbed by votary's rocket
hlt chewed on od's boomstick
(xpr): > xpr    safe [ya] rl:6
(moltas): >mol: 0/12 [quad]
hlt rides xpr's rocket
(votary): >  &c0c3vot:&cfff &cff0ya&cfff48/93 [quad] &cf31rl&cfff:16 
(votary): >  &c0c3vot:&cfff &c0b0SAFE&cfff [gl] &cf31rl&cfff:16
(moltas): >mol: &cf00enemy&cfff at [quad]
Darkki rides votary's rocket
hlt chewed on votary's boomstick
(xpr): > xpr    pack at gl
(votary): >  &c0c3vot:&cfff &cff0ya&cfff20/84 [gl] &cf31rl&cfff:14 
(xpr): > xpr    safe [gl] rl:5
(moltas): >mol: 0/62 [mega.sng]
(moltas): >mol: 0/62 [mega.sng] sng:68
(od): >  &c555ovd:&cfff &cf00enemy&cfff at [gl]
(moltas): >mol: coming [cross]
mrklarder was gibbed by od's grenade
(votary): >  &c0c3vot:&cfff 0/48 [ya] &cf31rl&cfff:13 
votary loses another friend
mrklarder was spiked
(xpr): > xpr    safe [gl] rl:15
(xpr): > xpr    safe [gl] rl:15
moltas chewed on hlt's boomstick
(moltas): >mol: &cf00lost&cfff [rl] &cf00e&cfff:3
mrklarder chewed on xpr's boomstick
(votary): >  &c0c3vot:&cfff &ca0bt&cfff&c0cco&cfff&c0c3o&cfff&ccc0k&cfff &cff0ya&cfff [ya]
od chewed on hlt's boomstick
(moltas): >mol: &c0b0safe&cfff [mega.low] sg:24
(xpr): > xpr    safe [gl] rl:14
(votary): >  &c0c3vot:&cfff &cff0ya&cfff150/36 [ya] &cf31rl&cfff:12 
(moltas): >mol: 0/100 [mega.low]
(votary): >  &c0c3vot:&cfff &cff0ya&cfff150/36 [gl] &cf31rl&cfff:12 
(votary): >  &c0c3vot:&cfff &cff0ya&cfff150/36 [gl] &cf31rl&cfff:12 
(votary): >  &c0c3vot:&cfff &cff0ya&cfff150/36 [gl] &cf31rl&cfff:12 
moltas chewed on hlt's boomstick
(moltas): >mol: &cf00lost&cfff [mega.low] &cf00e&cfff:2
moltas chewed on Darkki's boomstick
(moltas): >mol: &cf00lost&cfff [mega.low] &cf00e&cfff:3
mrklarder rides votary's rocket
blaze eats od's pineapple
Darkki chewed on moltas's boomstick
blaze was gibbed by votary's rocket
hlt chewed on moltas's boomstick
moltas chewed on hlt's boomstick
mrklarder rides votary's rocket
(moltas): >mol: &cf00lost&cfff [mega.low] &cf00e&cfff:1
(moltas): >mol: &cf00lost&cfff [mega.low] &cf00e&cfff:1
(xpr): > xpr    pack at gl
(od): >  &c555ovd:&cfff coming [water.ga] 
votary chewed on mrklarder's boomstick
(od): >  &c555ovd:&cfff coming [water.ga] 
blaze was gibbed by xpr's rocket
(votary): >  &c0c3vot:&cfff &cf00LOST&cfff [gl.sng] 2
(votary): >  &c0c3vot:&cfff &cf00LOST&cfff [gl.sng] 2
moltas chewed on Darkki's boomstick
mrklarder was gibbed by xpr's rocket
(moltas): >mol: &cf00lost&cfff [rl] &cf00e&cfff:1
[16] minutes remaining
Team [ojoj] leads by 1 frag
Darkki was gibbed by od's grenade
(moltas): >mol: coming [ssg.spikes]
(moltas): >mol: 0/100 [bridge]
(moltas): >mol: coming [start.stairs]
mrklarder rides xpr's rocket
(moltas): >mol: coming [start]
hlt rides od's rocket
(xpr): > xpr    safe [quad] rl:9
od chewed on blaze's boomstick
(od): >  &c555ovd:&cfff &cf00LOST&cfff &cf31rl&cfff &cf00[&cfffrl&cf00] 1&cfff
(moltas): >mol: &c0b0safe&cfff [start.rl] sg:25
no weapon
(xpr): > xpr    [Q] y135/100 rl:9 [quad]
(moltas): >mol: &cf00enemy&cfff at [rl]
votary chewed on hlt's boomstick
(votary): >  &c0c3vot:&cfff &cf00LOST&cfff [cross.water] 2
(votary): >  &c0c3vot:&cfff &cf00LOST&cfff [cross.water] 2
blaze chewed on moltas's boomstick
moltas was gibbed by blaze's rocket
hlt was lead poisoned by xpr
(moltas): >mol: coming [water.ga]
moltas rides blaze's rocket
(moltas): >mol: &cf00lost&cfff [rl] &cf00e&cfff:1
votary chewed on hlt's boomstick
(votary): >  &c0c3vot:&cfff &cf00LOST&cfff [gl] 2
mrklarder chewed on votary's boomstick
(moltas): >mol: coming [water.ga]
(moltas): >mol: &c0b0safe&cfff [water.ga] sg:98
(moltas): >mol: coming [water.ga]
(moltas): >mol: &cf00enemy&cfff at [water.ga]
hlt was lead poisoned by xpr
od was gibbed by Darkki's rocket
(votary): >  &c0c3vot:&cfff &ca0bt&cfff&c0cco&cfff&c0c3o&cfff&ccc0k&cfff &cff0ya&cfff [ya]
(od): >  &c555ovd:&cfff &cf00LOST [&cfffrl&cf00] 2&cfff
votary chewed on mrklarder's boomstick
(votary): >  &c0c3vot:&cfff &cf00LOST&cfff [gl] 2
moltas ate 2 loads of Darkki's buckshot
(moltas): >mol: &cf00lost&cfff [rl] &cf00e&cfff:1
(votary): >  &c0c3vot:&cfff 0/100 [ya] &c2aasg&cfff:25 
(moltas): >mol: &cf00enemy&cfff at [cross.water]
votary eats hlt's pineapple
(votary): >  &c0c3vot:&cfff &cf00LOST&cfff [gl.stairs] 1
moltas was gibbed by blaze's rocket
hlt rides xpr's rocket
mrklarder chewed on od's boomstick
(moltas): >mol: &cf00lost&cfff [cross] &cf00e&cfff:2
moltas rides blaze's rocket
(votary): >  &c0c3vot:&cfff 0/100 [ya] &c2aasg&cfff:25 
(moltas): >mol: &cf00lost&cfff [quad] &cf00e&cfff:1
(od): >  &c555ovd:&cfff coming [ssg.spikes] 
(od): >  &c555ovd:&cfff &ca220&cfff/100 [ssg.spikes] &c2aasng&cfff:30 
mrklarder was gibbed by xpr's rocket
hlt was gibbed by xpr's rocket
moltas rides blaze's rocket
(moltas): >mol: &cf00lost&cfff [gl.sng] &cf00e&cfff:2
votary rides blaze's rocket
(votary): >  &c0c3vot:&cfff &cf00LOST&cfff [gl] 1
(votary): >  &c0c3vot:&cfff &cf00LOST&cfff [gl] 1
(votary): >  &c0c3vot:&cfff &cf00LOST&cfff [gl] 1
od chewed on mrklarder's boomstick
hlt chewed on moltas's boomstick
(moltas): >mol: 0/48 [rl]
[15] minutes remaining
Team [ojoj] leads by 3 frags
(od): >  &c555ovd:&cfff &ca220&cfff/73 [ya] &c2aasg&cfff:24 
(moltas): >mol: 0/48 [rl]
(moltas): >mol: &c0ffpack&cfff at [rl]
(moltas): >mol: &c0ffpack&cfff at [rl]
(moltas): >mol: took &c0ffrl&cfff [rl]
od was gibbed by blaze's rocket
(moltas): >mol: coming [rl]
hlt ate 2 loads of votary's buckshot
mrklarder chewed on od's boomstick
(moltas): >mol: &c0b0safe&cfff [quad.stairs] &c0ffrl&cfff:4
(moltas): >mol: 0/48 [quad.stairs] &c0ffrl&cfff:4
(od): >  &c555ovd:&cfff &ca220&cfff/100 [cross.water] &c2aasg&cfff:100 
moltas was smeared by blaze's quad rocket
votary was lead poisoned by blaze
blaze was telefragged by votary
(votary): >  &c0c3vot:&cfff &cf00LOST&cfff [quad] 1
xpr loses another friend
(votary): >  &c0c3vot:&cfff &cf00LOST&cfff [quad] 1
(moltas): >mol: took &c0ffpack&cfff [quad]
blaze chewed on moltas's boomstick
od was gibbed by Darkki's rocket
(moltas): >mol: coming [gl]
blaze rides xpr's rocket
moltas was gibbed by Darkki's rocket
(xpr): > xpr    0/11 rl:7 [ya]
(moltas): >mol: &cf00lost&cfff [gl.quad] &cf00e&cfff:1
(xpr): > xpr    0/11 rl:7 [ya]
(xpr): > xpr    0/11 rl:7 [ya]
(xpr): > xpr    0/11 rl:7 [ya]
(xpr): > xpr    0/11 rl:7 [ya]
(od): >  &c555ovd:&cfff &ca220&cfff/100 [quad] &c2aasg&cfff:25 
(xpr): > xpr    0/11 rl:7 [ya]
(xpr): > xpr    0/11 rl:7 [ya]
(xpr): > xpr    0/11 rl:7 [ya]
od checks his glasses
(moltas): >mol: &cf00lost&cfff [gl] &cf00e&cfff:1
votary rides Darkki's rocket
(moltas): >mol: coming [start]
(xpr): > xpr    0/11 rl:7 [gl]
(xpr): > xpr    0/11 rl:7 [gl]
(xpr): > xpr    0/11 rl:7 [gl]
(moltas): >mol: coming [start.water]
Darkki chewed on od's boomstick
(moltas): >mol: coming [start.rl]
(od): >  &c555ovd:&cfff &cf00LOST [&cfffquad&cf00] 1&cfff
od chewed on blaze's boomstick
(od): >  &c555ovd:&cfff &cf00LOST [&cfffya.water&cf00] 1&cfff
(moltas): >mol: &c0ffpack&cfff at [rl]
Darkki rides xpr's rocket
(moltas): >mol: &cf00enemy&cfff at [rl]
(xpr): > xpr    0/26 rl:6 [gl]
(xpr): > xpr    0/26 rl:6 [quad]
(votary): >  &c0c3vot:&cfff 0/100 [ga] &c2aasg&cfff:25 
(xpr): > xpr    safe [quad] rl:6
moltas chewed on mrklarder's boomstick
(moltas): >mol: &cf00lost&cfff [rl] &cf00e&cfff:2
(xpr): > xpr    0/71 rl:6 [quad]
od was telefragged by his teammate
(od): >  &c555ovd:&cfff &cf00LOST [&cfffya&cf00] 2&cfff
(moltas): >mol: &cff0ya&cfff at [ya]
(moltas): >mol: took &c0ffpack&cfff [rl]
(xpr): > xpr    safe [gl] rl:6
(moltas): >mol: took &c0ffpack&cfff [rl]
moltas chewed on Darkki's boomstick
(moltas): >mol: &cf00lost&cfff [ya] &cf00e&cfff:2
blaze chewed on od's boomstick
(moltas): >mol: &c0b0safe&cfff [rl] sg:25
(moltas): >mol: &c0b0safe&cfff [start.rl] sg:24
Darkki chewed on od's boomstick
(moltas): >mol: coming [start]
mrklarder ate 2 loads of votary's buckshot
(od): >  &c555ovd:&cfff &ca220&cfff/56 [gl.stairs] &c2aasg&cfff:37 
(votary): >  &c0c3vot:&cfff &ca0bt&cfff&c0cco&cfff&c0c3o&cfff&ccc0k&cfff &cf2apack&cfff [water.ga]
(moltas): >mol: coming [bridge]
(votary): >  &c0c3vot:&cfff &c0b0ga&cfff67/23 [water.ga] &cf31rl&cfff:7 
od was gibbed by blaze's grenade
(moltas): >mol: 0/100 [water.ga]
(xpr): > xpr    0/61 rl:3 [ya]
(moltas): >mol: &c0b0safe&cfff [water.rl] sg:24
od eats blaze's pineapple
(od): >  &c555ovd:&cfff &cf00LOST [&cfffgl&cf00] 1&cfff
xpr chewed on hlt's boomstick
(xpr): > xpr __ lost [ya] 2
(moltas): >mol: &c0b0safe&cfff [rl] sg:24
(moltas): >mol: &c0b0safe&cfff [cross.water] sg:24
(moltas): >mol: coming [cross.water]
od was gibbed by blaze's grenade
(votary): >  &c0c3vot:&cfff &c0b0ga&cfff67/100 [door] &cf31rl&cfff:6 
[14] minutes remaining
Team [ojoj] leads by 9 frags
moltas was punctured by Darkki
(moltas): >mol: &cf00lost&cfff [gl] &cf00e&cfff:3
hlt loses another friend
od was perforated by hlt
xpr chewed on blaze's boomstick
(votary): >  &c0c3vot:&cfff &c0b0ga&cfff67/100 [quad] &cf31rl&cfff:6 
hlt rides votary's rocket
moltas was perforated by blaze
(moltas): >mol: &cf00lost&cfff [quad.box] &cf00e&cfff:2
(votary): >  &c0c3vot:&cfff &c0b0ga&cfff55/76 [gl] &cf31rl&cfff:11 
od was gibbed by mrklarder's rocket
(xpr): > xpr    coming [ga-water]
moltas chewed on mrklarder's boomstick
(moltas): >mol: &cf00lost&cfff [door] &cf00e&cfff:1
od chewed on hlt's boomstick
(moltas): >mol: coming [ya.tele]
(od): >  &c555ovd:&cfff &cf00LOST [&cfffgl&cf00] 2&cfff
(moltas): >mol: &cf00enemy&cfff at [ssg.spikes]
Darkki rides votary's rocket
(moltas): >mol: &cf00enemy&cfff at [spikes]
hlt rides votary's rocket
(od): >  &c555ovd:&cfff &ca220&cfff/100 [gl] &c2aasg&cfff:24 
(od): >  &c555ovd:&cfff &cff0ya&cfff at [ya]
votary was gibbed by mrklarder's rocket
(votary): >  &c0c3vot:&cfff &cf00LOST&cfff [ya] 2
(votary): >  &c0c3vot:&cfff &cf00LOST&cfff [ya] 2
Darkki chewed on od's boomstick
hlt chewed on xpr's boomstick
votary was ventilated by blaze
(votary): >  &c0c3vot:&cfff &cf00LOST&cfff [ya] 1
(moltas): >mol: 0/47 [ya.tele] &c0ffrl&cfff:4
votary was lead poisoned by blaze
(votary): >  &c0c3vot:&cfff &cf00LOST&cfff [gl] 1
od eats Darkki's pineapple
Darkki loses another friend
moltas chewed on hlt's boomstick
(moltas): >mol: &cf00lost&cfff [bridge] &cf00e&cfff:1
Darkki: :D
Darkki chewed on votary's boomstick
(od): >  &c555ovd:&cfff &ca220&cfff/100 [ya.water] &c2aasng&cfff:30 
xpr chewed on hlt's boomstick
(moltas): >mol: &cf00enemy&cfff at [rl]
(xpr): > xpr __ lost [rl] 2
(moltas): >mol: &cf00enemy&cfff at [rl]
(moltas): >mol: &cf00enemy&cfff at [cross]
(votary): >  &c0c3vot:&cfff 0/100 [door] &c2aasg&cfff:100 
xpr ate 2 loads of mrklarder's buckshot
xpr ate 2 loads of mrklarder's buckshot
hlt chewed on moltas's boomstick
moltas rides mrklarder's rocket
(moltas): >mol: &cf00lost&cfff [mega.entry] &cf00e&cfff:2
xpr rides mrklarder's rocket
votary chewed on Darkki's boomstick
(votary): >  &c0c3vot:&cfff &cf00LOST&cfff [rl] 1
(od): >  &c555ovd:&cfff coming [bridge] 
votary was punctured by blaze
(votary): >  &c0c3vot:&cfff &cf00LOST&cfff [quad.stairs] 3
Darkki was punctured by od
(moltas): >mol: coming [gl]
(moltas): >mol: &c0b0safe&cfff [ya] gl:3
Darkki ate 2 loads of od's buckshot
od chewed on Darkki's boomstick
[13] minutes remaining
Team [ojoj] leads by 18 frags
no weapon
mrklarder chewed on votary's boomstick
(votary): >  &c0c3vot:&cfff 0/24 [cross] &c2aasg&cfff:100 
votary was perforated by blaze
(moltas): >mol: coming [ya.water]
(votary): >  &c0c3vot:&cfff &cf00LOST&cfff [quad.stairs] 1
xpr was punctured by blaze
votary rides Darkki's rocket
(votary): >  &c0c3vot:&cfff &cf00LOST&cfff [start.rl] 1
moltas chewed on hlt's boomstick
(moltas): >mol: &cf00lost&cfff [ya.water] &cf00e&cfff:2
(moltas): >mol: &c0b0safe&cfff [ssg.spikes] sg:25
xpr was lead poisoned by blaze
(moltas): >mol: coming [bridge]
od rides Darkki's rocket
xpr chewed on blaze's boomstick
moltas chewed on hlt's boomstick
(moltas): >mol: &cf00lost&cfff [ga] &cf00e&cfff:1
(moltas): >mol: coming [mega.low]
Darkki was ventilated by votary
od chewed on Darkki's boomstick
(moltas): >mol: &cf00enemy&cfff at [cross]
xpr ate 2 loads of hlt's buckshot
(od): >  &c555ovd:&cfff &ca220&cfff/100 [ya] &c2aasg&cfff:24 
Darkki chewed on moltas's boomstick
(moltas): >mol: coming [quad]
moltas chewed on blaze's boomstick
(moltas): >mol: &cf00lost&cfff [gl.quad] &cf00e&cfff:1
votary chewed on blaze's boomstick
(votary): >  &c0c3vot:&cfff &cf00LOST&cfff [gl.quad] 1
(xpr): > xpr    mega at mega
(od): >  &c555ovd:&cfff &ca0bt&cfff&c0cco&cfff&c0c3o&cfff&ccc0k&cfff &cff0ya&cfff [ya]
votary was lead poisoned by blaze
(votary): >  &c0c3vot:&cfff &cf00LOST&cfff [ya] 1
Darkki chewed on moltas's boomstick
votary was perforated by mrklarder
(votary): >  &c0c3vot:&cfff &cf00LOST&cfff [rl] 2
(moltas): >mol: coming [water.ga]
(votary): >  &c0c3vot:&cfff &cf00LOST&cfff [rl] 2
(xpr): > xpr    coming [ga]
moltas ate 2 loads of hlt's buckshot
(moltas): >mol: &cf00lost&cfff [water.rl] &cf00e&cfff:1
(od): >  &c555ovd:&cfff coming [water.ga] 
(od): >  &c555ovd:&cfff &cff0ya&cfff150/100 [water.ga] &c2aasg&cfff:24 
(od): >  &c555ovd:&cfff &cff0ya&cfff150/100 [water.rl] &c2aasg&cfff:24 
(od): >  &c555ovd:&cfff coming [water.rl] 
votary was lead poisoned by blaze
(od): >  &c555ovd:&cfff &cff0ya&cfff150/100 [water.rl] &c2aasg&cfff:24 
(votary): >  &c0c3vot:&cfff &cf00LOST&cfff [gl] 1
moltas ate 2 loads of hlt's buckshot
(moltas): >mol: &cf00lost&cfff [rl] &cf00e&cfff:1
hlt chewed on xpr's boomstick
blaze chewed on votary's boomstick
votary chewed on hlt's boomstick
(votary): >  &c0c3vot:&cfff &cf00LOST&cfff [gl.rox] 1
(moltas): >mol: coming [quad]
blaze ate 2 loads of od's buckshot
moltas rides mrklarder's rocket
(moltas): >mol: &cf00lost&cfff [gl.stairs] &cf00e&cfff:3
od was gibbed by mrklarder's rocket
votary chewed on Darkki's boomstick
(moltas): >mol: 0/100 [rl]
(votary): >  &c0c3vot:&cfff &cf00LOST&cfff [ya] 3
(moltas): >mol: 0/100 [rl]
(xpr): > xpr    g100/176 rox:5 [start-water]
(xpr): > xpr    coming [start-water]
votary chewed on hlt's boomstick
(votary): >  &c0c3vot:&cfff &cf00LOST&cfff [ssg] 3
(moltas): >mol: &c0b0safe&cfff [rl] sg:23
(votary): >  &c0c3vot:&cfff &cf00LOST&cfff [ssg] 3
[12] minutes remaining
Team [ojoj] leads by 33 frags
votary rides mrklarder's rocket
mrklarder eats votary's pineapple
Darkki chewed on xpr's boomstick
(votary): >  &c0c3vot:&cfff &cf2apack&cfff at [ya]
(votary): >  &c0c3vot:&cfff &cf2apack&cfff at [ya]
(od): >  &c555ovd:&cfff coming [ssg] 
hlt loses another friend
(od): >  &c555ovd:&cfff coming [ssg.spikes] 
(moltas): >mol: &c0ffpack&cfff at [rl]
(od): >  &c555ovd:&cfff coming [ssg.spikes] 
hlt chewed on xpr's boomstick
(od): >  &c555ovd:&cfff coming [spikes] 
(od): >  &c555ovd:&cfff coming [spikes] 
(moltas): >mol: 0/24 [cross.water] ssg:97
(xpr): > xpr __ get quad
(xpr): > xpr __ get quad
(moltas): >mol: &c0b0safe&cfff [mega.entry] ssg:97
(moltas): >mol: coming [cross]
blaze rides xpr's rocket
votary chewed on mrklarder's boomstick
(votary): >  &c0c3vot:&cfff &cf00LOST&cfff [ya.water] 2
(moltas): >mol: &c0b0safe&cfff [quad] ssg:95
mrklarder was ventilated by od
hlt ate 2 loads of moltas's buckshot
mrklarder ate 2 loads of moltas's buckshot
(moltas): >mol: coming [quad]
Darkki chewed on votary's boomstick
(od): >  &c555ovd:&cfff &cff0ya&cfff87/88 [cross] &c2aasng&cfff:190 
(moltas): >mol: 0/66 [cross] ssg:94
Darkki ate 2 loads of moltas's buckshot
(moltas): >mol: &c0b0safe&cfff [mega] ssg:86
Darkki rides xpr's rocket
(od): >  &c555ovd:&cfff coming [water.ga] 
(moltas): >mol: 0/28 [mega.low] ssg:100
(xpr): > xpr    coming [gl]
mrklarder was ventilated by od
(moltas): >mol: coming [mega.sng]
(moltas): >mol: &c0b0mega&cfff at [mega]
(moltas): >mol: &c0b0mega&cfff at [mega]
(moltas): >mol: &c0b0mega&cfff at [mega]
od ate 2 loads of hlt's buckshot
(moltas): >mol: took &c0b0mega&cfff [mega]
(moltas): >mol: 0/200 [mega.low] ssg:100
mrklarder was gibbed by od's grenade
moltas ate 2 loads of hlt's buckshot
(moltas): >mol: &cf00lost&cfff [cross] &cf00e&cfff:2
(moltas): >mol: 0/100 [rl]
(votary): >  &c0c3vot:&cfff &ca0bt&cfff&c0cco&cfff&c0c3o&cfff&ccc0k&cfff &c0b0ga&cfff [ga]
od was punctured by Darkki
(moltas): >mol: &c0b0safe&cfff [cross.water] sg:25
votary rides blaze's rocket
Darkki chewed on moltas's boomstick
od eats Darkki's pineapple
(votary): >  &c0c3vot:&cfff &cf00LOST&cfff [door] 2
mrklarder rides xpr's rocket
(votary): >  &c0c3vot:&cfff &cf40coming&cfff [gl]
od ate 2 loads of hlt's buckshot
moltas chewed on Darkki's boomstick
(votary): >  &c0c3vot:&cfff &ca0bt&cfff&c0cco&cfff&c0c3o&cfff&ccc0k&cfff &cff0ya&cfff [ya]
(moltas): >mol: &cf00lost&cfff [quad] &cf00e&cfff:1
mrklarder chewed on votary's boomstick
moltas ate 2 loads of hlt's buckshot
(moltas): >mol: &cf00lost&cfff [cross] &cf00e&cfff:2
(moltas): >mol: rockets at [mega.rox]
[11] minutes remaining
Team [ojoj] leads by 27 frags
moltas ate 2 loads of hlt's buckshot
(moltas): >mol: &cf00lost&cfff [mega.low] &cf00e&cfff:2
(moltas): >mol: &cf00lost&cfff [mega.low] &cf00e&cfff:2
votary chewed on blaze's boomstick
(votary): >  &c0c3vot:&cfff &cf00LOST&cfff [rl] 2
(moltas): >mol: &c0b0safe&cfff [start.rl] sg:25
(moltas): >mol: &cf00enemy&cfff at [rl]
Darkki was gibbed by xpr's rocket
moltas rides blaze's rocket
blaze becomes bored with life
(moltas): >mol: &cf00lost&cfff [start.rl] &cf00e&cfff:1
mrklarder ate 2 loads of od's buckshot
(votary): >  &c0c3vot:&cfff &ca0bt&cfff&c0cco&cfff&c0c3o&cfff&ccc0k&cfff &cf2apack&cfff [mega.entry]
(od): >  &c555ovd:&cfff &ca0bt&cfff&c0cco&cfff&c0c3o&cfff&ccc0k&cfff &cf2apack&cfff [rl]
(od): >  &c555ovd:&cfff &ca0bt&cfff&c0cco&cfff&c0c3o&cfff&ccc0k&cfff &cf2apack&cfff [rl]
(moltas): >mol: took &c0b0ga&cfff [ga]
(od): >  &c555ovd:&cfff &ca220&cfff/76 [rl] &cf31rl&cfff:9 
(xpr): > xpr    [Q] y117/100 rl:75 [quad]
(od): >  &c555ovd:&cfff &ca220&cfff/76 [cross.water] &cf31rl&cfff:14 
votary chewed on mrklarder's boomstick
(moltas): >mol: &c0b0safe&cfff [start.stairs] sg:23
(votary): >  &c0c3vot:&cfff &cf00LOST&cfff [mega.low] 1
(moltas): >mol: &c0b0safe&cfff [start.stairs] sg:23
(od): >  &c555ovd:&cfff &ca220&cfff/76 [cross.water] &cf31rl&cfff:13 
(od): >  &c555ovd:&cfff &ca220&cfff/76 [cross] &cf31rl&cfff:12 
(moltas): >mol: &c0b0safe&cfff [start.water] sg:22
(od): >  &c555ovd:&cfff &ca220&cfff/91 [quad] &cf31rl&cfff:12 
mrklarder chewed on xpr's boomstick
hlt chewed on moltas's boomstick
(od): >  &c555ovd:&cfff &ca220&cfff/91 [gl.quad] &cf31rl&cfff:12 
moltas ate 2 loads of blaze's buckshot
(od): >  &c555ovd:&cfff coming [gl] 
(moltas): >mol: &cf00lost&cfff [start.rl] &cf00e&cfff:1
(od): >  &c555ovd:&cfff &ca220&cfff/100 [gl] &cf31rl&cfff:12 
moltas ate 2 loads of blaze's buckshot
(xpr): > xpr    [Q] y117/100 rl:75 [quad]
(moltas): >mol: &cf00lost&cfff [rl] &cf00e&cfff:3
hlt rides od's rocket
(od): >  &c555ovd:&cfff &ca220&cfff/69 [ya] &cf31rl&cfff:10 
(od): >  &c555ovd:&cfff &ca220&cfff/69 [ya] &cf31rl&cfff:10 
votary chewed on mrklarder's boomstick
(moltas): >mol: &cf00enemy&cfff at [cross]
(votary): >  &c0c3vot:&cfff &cf00LOST&cfff [cross] 2
(votary): >  &c0c3vot:&cfff &cf00LOST&cfff [cross] 2
(od): >  &c555ovd:&cfff &ca220&cfff/69 [ya] &cf31rl&cfff:10 
hlt chewed on moltas's boomstick
mrklarder was lead poisoned by xpr
(moltas): >mol: took &c0b0mega&cfff [mega]
(od): >  &c555ovd:&cfff &ca220&cfff/69 [ya] &cf31rl&cfff:10 
(od): >  &c555ovd:&cfff &ca0bt&cfff&c0cco&cfff&c0c3o&cfff&ccc0k&cfff &cff0ya&cfff [ya]
(moltas): >mol: coming [mega.sng]
(moltas): >mol: coming [mega.sng]
votary ate 2 loads of blaze's buckshot
(votary): >  &c0c3vot:&cfff &cf00LOST&cfff [water.rl] 1
(moltas): >mol: 0/124 [cross] sng:105
(moltas): >mol: coming [quad]
votary was body pierced by mrklarder
(votary): >  &c0c3vot:&cfff &cf00LOST&cfff [spikes] 1
(votary): >  &c0c3vot:&cfff &cf00LOST&cfff [spikes] 1
(moltas): >mol: coming [gl]
(od): >  &c555ovd:&cfff &cff0ya&cfff147/93 [ya] &cf31rl&cfff:7 
hlt rides xpr's rocket
blaze chewed on votary's boomstick
mrklarder chewed on moltas's boomstick
(moltas): >mol: 0/82 [ya] sng:110
(xpr): > xpr    coming [spikes]
(xpr): > xpr    coming [spikes]
(moltas): >mol: 0/82 [ya] sng:110
(moltas): >mol: &c0ffpack&cfff at [ya]
(xpr): > xpr    pack at ya
(moltas): >mol: took &cff0ya&cfff [ya]
(od): >  &c555ovd:&cfff &cff0ya&cfff147/100 [gl.rox] &cf31rl&cfff:16 
(moltas): >mol: &c0b0safe&cfff [ya.tele] sng:110
(od): >  &c555ovd:&cfff &cff0ya&cfff147/100 [gl.quad] &cf31rl&cfff:16 
(moltas): >mol: &c0b0ga&cfff at [ga]
mrklarder rides od's rocket
votary rides Darkki's rocket
(od): >  &c555ovd:&cfff &cff0ya&cfff132/91 [quad] &cf31rl&cfff:15 
(votary): >  &c0c3vot:&cfff &cf00LOST&cfff [rl] 2
(votary): >  &c0c3vot:&cfff &cf00LOST&cfff [rl] 2
(moltas): >mol: &c0b0safe&cfff [water.rl] sng:110
(votary): >  &c0c3vot:&cfff &cf00LOST&cfff [rl] 2
[10] minutes remaining
Team [ojoj] leads by 25 frags
moltas chewed on blaze's boomstick
votary chewed on mrklarder's boomstick
(moltas): >mol: &cf00lost&cfff [rl] &cf00e&cfff:3
(votary): >  &c0c3vot:&cfff &cf00LOST&cfff [quad.stairs] 3
(xpr): > xpr    safe [quad] rl:78
(xpr): > xpr    safe [quad] rl:78
hlt was gibbed by od's rocket
mrklarder chewed on votary's boomstick
(moltas): >mol: 0/100 [ya]
(moltas): >mol: &c0b0safe&cfff [ya] sg:23
votary was gibbed by hlt's rocket
(od): >  &c555ovd:&cfff &cff0ya&cfff108/88 [quad] &cf31rl&cfff:14 
(votary): >  &c0c3vot:&cfff &cf00LOST&cfff [cross] 2
(od): >  &c555ovd:&cfff &cff0ya&cfff108/100 [quad] &cf31rl&cfff:14 
(od): >  &c555ovd:&cfff &cff0ya&cfff108/100 [quad] &cf31rl&cfff:14 
(od): >  &c555ovd:&cfff &ca0bt&cfff&c0cco&cfff&c0c3o&cfff&ccc0k&cfff &c05fquad&cfff [quad.box]
votary rides hlt's rocket
mrklarder chewed on moltas's boomstick
(votary): >  &c0c3vot:&cfff &cf00LOST&cfff [cross] 2
(votary): >  &c0c3vot:&cfff &cf00LOST&cfff [cross] 2
(xpr): > xpr    ya at ya
(xpr): > xpr    safe [ya] rl:77
(xpr): > xpr    safe [ya] rl:77
(moltas): >mol: &c0b0safe&cfff [ya] sg:48
(xpr): > xpr    safe [gl] rl:77
(votary): >  &c0c3vot:&cfff &c0b0ga&cfff100/100 [water.ga] &c2aassg&cfff:50 
Darkki was brutalized by od's quad rocket
mrklarder ate 8 loads of od's buckshot
Darkki rides xpr's rocket
(moltas): >mol: 0/49 [ya]
blaze ate 2 loads of votary's buckshot
mrklarder was brutalized by od's quad rocket
(moltas): >mol: &c0ffpack&cfff at [gl.quad]
(xpr): > xpr    gl at gl
(moltas): >mol: took gl [gl]
(od): >  &c555ovd:&cfff &ca220&cfff/57 [gl.quad] &cf31rl&cfff:13 &c05fquad&cfff
votary chewed on Darkki's boomstick
(votary): >  &c0c3vot:&cfff &cf00LOST&cfff [rl] 1
(moltas): >mol: &c0b0safe&cfff [gl] gl:5
(od): >  &c555ovd:&cfff &ca220&cfff/57 [gl] &cf31rl&cfff:13 &c05fquad&cfff
votary was gibbed by hlt's rocket
(od): >  &c555ovd:&cfff &ca220&cfff/57 [ya] &cf31rl&cfff:13 &c05fquad&cfff
(votary): >  &c0c3vot:&cfff &cf00LOST&cfff [mega] 2
votary ate 2 loads of Darkki's buckshot
(moltas): >mol: coming [ya.water]
(votary): >  &c0c3vot:&cfff &cf00LOST&cfff [rl] 1
(votary): >  &c0c3vot:&cfff &cf00LOST&cfff [rl] 1
(moltas): >mol: coming [ga]
(od): >  &c555ovd:&cfff &ca0bt&cfff&c0cco&cfff&c0c3o&cfff&ccc0k&cfff &cff0ya&cfff [ya]
(moltas): >mol: &c0b0safe&cfff [start.stairs] gl:5
Quad Damage is wearing off
(moltas): >mol: coming [start]
Darkki was gibbed by moltas's grenade
(moltas): >mol: &c0b0safe&cfff [start] gl:7
mrklarder chewed on votary's boomstick
(moltas): >mol: &c0b0safe&cfff [start] gl:7
Darkki ate 2 loads of od's buckshot
(moltas): >mol: &c0b0safe&cfff [start.hide] gl:7
(od): >  &c555ovd:&cfff &cff0ya&cfff135/63 [gl] &cf31rl&cfff:12 
votary chewed on Darkki's boomstick
(votary): >  &c0c3vot:&cfff &cf00LOST&cfff [bridge.room] 1
(moltas): >mol: &c0b0safe&cfff [start] gl:7
(od): >  &c555ovd:&cfff &cff0ya&cfff135/78 [gl] &cf31rl&cfff:12 
(od): >  &c555ovd:&cfff &cff0ya&cfff135/78 [gl.stairs] &cf31rl&cfff:12 
mrklarder rides xpr's rocket
Darkki eats moltas's pineapple
(moltas): >mol: &c0b0safe&cfff [ga] gl:4
(od): >  &c555ovd:&cfff &cff0ya&cfff135/93 [gl.quad] &cf31rl&cfff:12 
blaze was gibbed by xpr's rocket
od mows down a teammate
mrklarder rides xpr's rocket
blaze was gibbed by xpr's rocket
(xpr): >     __ borepack [quad]
(xpr): >     __ borepack [quad]
(moltas): >mol: coming [door]
(moltas): >mol: &c0ffpack&cfff at [quad.stairs]
[9] minutes remaining
Team [ojoj] leads by 18 frags
moltas rides hlt's rocket
(moltas): >mol: &cf00lost&cfff [quad.stairs] &cf00e&cfff:3
(xpr): > xpr    coming [ga]
blaze was gibbed by od's rocket
Darkki was gibbed by od's rocket
(votary): >  &c0c3vot:&cfff &ca0bt&cfff&c0cco&cfff&c0c3o&cfff&ccc0k&cfff &cf31rl&cfff [rl]
hlt chewed on moltas's boomstick
(moltas): >mol: &c0ffpack&cfff at [quad.stairs]
mrklarder rides od's rocket
(votary): >  &c0c3vot:&cfff 0/100 [cross.water] &cf31rl&cfff:5 
od eats mrklarder's pineapple
moltas chewed on Darkki's boomstick
(od): >  &c555ovd:&cfff &cf00LOST&cfff &cf31rl&cfff &cf00[&cfffgl&cf00] 0&cfff
(moltas): >mol: &cf00lost&cfff [quad.stairs] &cf00e&cfff:2
Darkki rides votary's rocket
no weapon
(moltas): >mol: &cf00enemy&cfff at [rl]
(votary): >  &c0c3vot:&cfff &ca0bt&cfff&c0cco&cfff&c0c3o&cfff&ccc0k&cfff &cf2apack&cfff [quad]
blaze chewed on xpr's boomstick
(xpr): > xpr    coming [ga-water]
moltas chewed on blaze's boomstick
(moltas): >mol: &cf00lost&cfff [rl] &cf00e&cfff:2
(votary): >  &c0c3vot:&cfff 0/100 [gl] &cf31rl&cfff:8 
Darkki chewed on xpr's boomstick
(moltas): >mol: &c05fquaded&cfff &cf00enemy&cfff at [quad.box]
moltas was lead poisoned by hlt
(moltas): >mol: replace [gl.quad]
xpr chewed on blaze's boomstick
od chewed on hlt's boomstick
moltas chewed on hlt's boomstick
(moltas): >mol: &cf00enemy&cfff &c05fquad&cfff [quad]
hlt loses another friend
blaze chewed on od's boomstick
(votary): >  &c0c3vot:&cfff &ca0bt&cfff&c0cco&cfff&c0c3o&cfff&ccc0k&cfff &cff0ya&cfff [ya]
moltas chewed on hlt's boomstick
(moltas): >mol: &cf00enemy&cfff &c05fquad&cfff [gl]
(moltas): >mol: &cf00enemy&cfff &c05fquad&cfff [gl]
hlt chewed on xpr's boomstick
(moltas): >mol: 0/100 [bridge]
(moltas): >mol: &c0b0safe&cfff [water.ga] sg:22
(moltas): >mol: 0/100 [rl]
(moltas): >mol: 0/100 [rl]
xpr chewed on Darkki's boomstick
Darkki rides votary's rocket
(moltas): >mol: &c0ffrl&cfff at [rl]
(moltas): >mol: took &c0ffrl&cfff [rl]
(moltas): >mol: &c0b0safe&cfff [cross.water] &c0ffrl&cfff:4
(xpr): > xpr    enemy at mega
(xpr): > xpr    enemy at mega
hlt was gibbed by votary's rocket
xpr chewed on mrklarder's boomstick
(moltas): >mol: &c0b0safe&cfff [cross] &c0ffrl&cfff:4
blaze chewed on od's boomstick
(moltas): >mol: coming [quad.stairs]
blaze chewed on xpr's boomstick
(moltas): >mol: coming [quad]
(od): >  &c555ovd:&cfff &ca220&cfff/&ca226&cfff [cross.water] &c2aassg&cfff:100 
od chewed on blaze's boomstick
(od): >  &c555ovd:&cfff &cf00LOST [&cfffcross&cf00] 3&cfff
no weapon
(votary): >  &c0c3vot:&cfff &cff0ya&cfff at [ya]
(votary): >  &c0c3vot:&cfff &cff0ya&cfff at [ya]
(xpr): > xpr    ya at ya
od was gibbed by mrklarder's rocket
(moltas): >mol: &c0ffpack&cfff at [ya]
(moltas): >mol: &cff0ya&cfff at [ya]
(votary): >  &c0c3vot:&cfff &cff0ya&cfff135/91 [ya] &cf31rl&cfff:13 
(moltas): >mol: took &cff0ya&cfff [ya]
(moltas): >mol: &c0b0safe&cfff [ya] &c0ffrl&cfff:3
(od): >  &c555ovd:&cfff &cf00enemy&cfff at [quad.stairs]
(moltas): >mol: &c0b0safe&cfff [ya] &c0ffrl&cfff:3
(xpr): > xpr    safe [quad] sg:23
(xpr): > xpr    safe [quad] sg:23
blaze was gibbed by moltas's rocket
od rides mrklarder's rocket
(moltas): >mol: coming [ya]
(moltas): >mol: need rockets [gl]
hlt was gibbed by votary's rocket
(od): >  &c555ovd:&cfff &ca220&cfff/100 [ya.spikes] &c2aasg&cfff:24 
(moltas): >mol: coming [gl]
blaze was gibbed by votary's rocket
votary loses another friend
(moltas): >mol: need rockets [gl]
(od): >  &c555ovd:&cfff &ca220&cfff/100 [gl.quad] &c2aasg&cfff:24 
blaze rides votary's rocket
hlt rides votary's rocket
(moltas): >mol: coming [gl.rox]
[8] minutes remaining
Team [ojoj] leads by 14 frags
(moltas): >mol: &c0b0safe&cfff [gl.rox] &c0ffrl&cfff:11
(od): >  &c555ovd:&cfff coming [quad] 
xpr rides mrklarder's rocket
(votary): >  &c0c3vot:&cfff &cff0ya&cfff98/100 [gl.quad] &cf31rl&cfff:8 
blaze was gibbed by moltas's rocket
od rides mrklarder's rocket
(moltas): >mol: &cff0130&cfff/97 [gl.quad] &c0ffrl&cfff:9
(votary): >  &c0c3vot:&cfff &cff0ya&cfff98/100 [gl] &cf31rl&cfff:8 
(moltas): >mol: &c0b0safe&cfff [quad] &c0ffrl&cfff:9
Darkki mows down a teammate
blaze chewed on xpr's boomstick
(moltas): >mol: &c0b0safe&cfff [quad.box] &c0ffrl&cfff:9
(moltas): >mol: &cff0130&cfff/97 [quad.box] &c0ffrl&cfff:9
(moltas): >mol: &c0b0safe&cfff [quad] &c0ffrl&cfff:9
xpr rides Darkki's rocket
(moltas): >mol: &c0b0safe&cfff [quad] &c0ffrl&cfff:9
od rides Darkki's rocket
blaze rides votary's rocket
(moltas): >mol: &c0b0safe&cfff [quad] &c0ffrl&cfff:8
(moltas): >mol: &c0b0safe&cfff [quad] &c0ffrl&cfff:7
Darkki chewed on xpr's boomstick
(moltas): >mol: &c0b0team&cfff &c05fquad&cfff
(votary): >  &c0c3vot:&cfff &cff0ya&cfff147/96 [ya] &cf31rl&cfff:5 
hlt chewed on moltas's boomstick
xpr rides mrklarder's rocket
(xpr): > xpr    enemy at mega
(xpr): > xpr    enemy at mega
(xpr): > xpr    enemy at mega
(votary): >  &c0c3vot:&cfff &c0b0SAFE&cfff [gl] &cf31rl&cfff:5
(votary): >  &c0c3vot:&cfff &c0b0SAFE&cfff [gl] &cf31rl&cfff:5
moltas chewed on Darkki's boomstick
(moltas): >mol: &cf00lost&cfff [mega.low] &cf00e&cfff:3
(od): >  &c555ovd:&cfff &ca220&cfff/100 [ya] gl:&ca225&cfff 
(moltas): >mol: 0/100 [spikes]
(xpr): > xpr    enemy at crossing
xpr was gibbed by mrklarder's rocket
(moltas): >mol: 0/100 [door]
mrklarder was gibbed by votary's rocket
hlt was gibbed by votary's rocket
votary discovers blast radius
(votary): >  &c0c3vot:&cfff &cf00LOST&cfff [quad.stairs] 2
(votary): >  &c0c3vot:&cfff &cf00LOST&cfff [quad.stairs] 2
(moltas): >mol: took &c0ffpack&cfff [quad.stairs]
Darkki rides moltas's rocket
mrklarder eats od's pineapple
Darkki eats od's pineapple
(moltas): >mol: 0/84 [quad] &c0ffrl&cfff:60
moltas mows down a teammate
(votary): >  &c0c3vot:&cfff &cf00LOST&cfff [quad.stairs] 2
(moltas): >mol: &c0b0safe&cfff [gl] &c0ffrl&cfff:59
hlt chewed on od's boomstick
mrklarder was gibbed by moltas's rocket
moltas chewed on Darkki's boomstick
(od): >  &c555ovd:&cfff &cff0ya&cfff90/85 [water.rl] gl:&ca220&cfff 
(moltas): >mol: &cf00lost&cfff [gl] &cf00e&cfff:1
xpr chewed on hlt's boomstick
(od): >  &c555ovd:&cfff &cff0ya&cfff90/100 [rl] gl:&ca220&cfff 
(votary): >  &c0c3vot:&cfff &c0b0ga&cfff100/100 [rl] &c2aasg&cfff:67 
moltas chewed on mrklarder's boomstick
(moltas): >mol: &cf00lost&cfff [mega] &cf00e&cfff:1
(xpr): > xpr    coming [gl]
Darkki was gibbed by xpr's grenade
(votary): >  &c0c3vot:&cfff &c0b0ga&cfff100/100 [cross.water] &c2aasg&cfff:67 
Darkki chewed on od's boomstick
moltas chewed on mrklarder's boomstick
(moltas): >mol: &cf00lost&cfff [door] &cf00e&cfff:2
Darkki chewed on moltas's boomstick
votary ate 2 loads of hlt's buckshot
(votary): >  &c0c3vot:&cfff &cf00LOST&cfff [ya] 2
[7] minutes remaining
Team [ojoj] leads by 12 frags
mrklarder chewed on od's boomstick
(moltas): >mol: &cf00enemy&cfff at [cross]
(xpr): > xpr    y125/76 rl:7 [rl]
moltas chewed on Darkki's boomstick
blaze loses another friend
(moltas): >mol: &cf00lost&cfff [quad] &cf00e&cfff:3
(xpr): > xpr    y125/76 rl:7 [rl-crossing]
(moltas): >mol: &cf00lost&cfff [quad] &cf00e&cfff:3
(moltas): >mol: &cf00lost&cfff [quad] &cf00e&cfff:3
(moltas): >mol: &cf00lost&cfff [quad] &cf00e&cfff:3
od was gibbed by blaze's rocket
(moltas): >mol: 0/100 [rl]
(moltas): >mol: 0/100 [rl]
votary rides blaze's rocket
(votary): >  &c0c3vot:&cfff &cf00LOST&cfff [quad] 3
(moltas): >mol: coming [cross.water]
blaze chewed on votary's boomstick
(moltas): >mol: &cf00enemy&cfff at [cross]
mrklarder chewed on moltas's boomstick
Darkki chewed on votary's boomstick
moltas was ventilated by hlt
(moltas): >mol: &cf00lost&cfff [quad] &cf00e&cfff:3
(moltas): >mol: &cf00enemy&cfff at [cross]
(votary): >  &c0c3vot:&cfff 0/76 [gl.stairs] &c2aagl&cfff:11 
mrklarder was gibbed by xpr's rocket
moltas was punctured by hlt
blaze was perforated by od
(moltas): >mol: &cf00lost&cfff [gl.quad] &cf00e&cfff:2
mrklarder chewed on moltas's boomstick
votary chewed on Darkki's boomstick
(votary): >  &c0c3vot:&cfff &cf00LOST&cfff [ya] 2
(moltas): >mol: &cf00enemy&cfff at [ya]
blaze chewed on xpr's boomstick
moltas ate 2 loads of hlt's buckshot
(moltas): >mol: &cf00lost&cfff [ya] &cf00e&cfff:2
blaze was punctured by od
hlt chewed on votary's boomstick
Darkki chewed on votary's boomstick
(votary): >  &c0c3vot:&cfff &ca0bt&cfff&c0cco&cfff&c0c3o&cfff&ccc0k&cfff &cff0ya&cfff [ya]
od rides hlt's rocket
moltas chewed on mrklarder's boomstick
(moltas): >mol: &cf00lost&cfff [gl.stairs] &cf00e&cfff:1
(moltas): >mol: &c0b0safe&cfff [start.water] sg:25
(moltas): >mol: &cf00enemy&cfff at [start.rl]
moltas rides hlt's rocket
(moltas): >mol: &cf00lost&cfff [start.rl] &cf00e&cfff:1
od chewed on blaze's boomstick
blaze chewed on xpr's boomstick
hlt chewed on od's boomstick
moltas was ventilated by Darkki
(moltas): >mol: &cf00lost&cfff [cross] &cf00e&cfff:1
(od): >  &c555ovd:&cfff &ca0bt&cfff&c0cco&cfff&c0c3o&cfff&ccc0k&cfff &cf2apack&cfff [rl]
(od): >  &c555ovd:&cfff &ca220&cfff/62 [rl] &cf31rl&cfff:&ca221&cfff 
(od): >  &c555ovd:&cfff &ca220&cfff/62 [cross.water] &cf31rl&cfff:&ca221&cfff 
(votary): >  &c0c3vot:&cfff &cff0ya&cfff109/65 [start.water] &c2aassg&cfff:41 
(moltas): >mol: &c0b0safe&cfff [ya] sg:19
blaze chewed on xpr's boomstick
mrklarder loses another friend
(od): >  &c555ovd:&cfff &ca220&cfff/62 [gl] &cf31rl&cfff:11 
(od): >  &c555ovd:&cfff &ca220&cfff/62 [gl] &cf31rl&cfff:11 
xpr chewed on blaze's boomstick
(od): >  &c555ovd:&cfff &ca220&cfff/62 [gl] &cf31rl&cfff:11 
(od): >  &c555ovd:&cfff &ca220&cfff/62 [gl] &cf31rl&cfff:11 
(xpr): > xpr __ lost [crossing] 3
(xpr): > xpr __ lost [crossing] 3
(moltas): >mol: took &cff0ya&cfff [ya]
mrklarder chewed on moltas's boomstick
(od): >  &c555ovd:&cfff &ca220&cfff/62 [gl.stairs] &cf31rl&cfff:11 
[6] minutes remaining
Team [ojoj] leads by 8 frags
(votary): >  &c0c3vot:&cfff &cff0ya&cfff109/65 [rl] &c2aassg&cfff:65 
(od): >  &c555ovd:&cfff &ca220&cfff/62 [ya] &cf31rl&cfff:11 
(moltas): >mol: &cff0135&cfff/90 [bridge]
xpr chewed on blaze's boomstick
(moltas): >mol: coming [start]
(od): >  &c555ovd:&cfff &ca220&cfff/62 [ya] &cf31rl&cfff:11 
(moltas): >mol: coming [start.water]
(od): >  &c555ovd:&cfff &ca220&cfff/62 [ya] &cf31rl&cfff:11 
(od): >  &c555ovd:&cfff &ca220&cfff/62 [ya] &cf31rl&cfff:11 
(xpr): > xpr    coming [gl]
(moltas): >mol: coming [start.rl]
(moltas): >mol: coming [start.rl]
(xpr): > xpr    safe [ya] sg:24
(xpr): > xpr    safe [gl] sg:24
(od): >  &c555ovd:&cfff &ca220&cfff/62 [ya] &cf31rl&cfff:11 
Darkki ate 2 loads of votary's buckshot
blaze chewed on xpr's boomstick
Darkki was telefragged by his teammate
(moltas): >mol: &cff0130&cfff/87 [rl]
(od): >  &c555ovd:&cfff &ca220&cfff/62 [ya] &cf31rl&cfff:11 
(moltas): >mol: &c0b0safe&cfff [rl] sg:25
xpr chewed on mrklarder's boomstick
(moltas): >mol: &cff0130&cfff/87 [rl]
(xpr): > xpr __ lost [quad] 4
(xpr): > xpr __ lost [quad] 4
(od): >  &c555ovd:&cfff &ca220&cfff/62 [ya] &cf31rl&cfff:11 
(od): >  &c555ovd:&cfff &ca220&cfff/62 [ya] &cf31rl&cfff:11 
(moltas): >mol: coming [cross.water]
(od): >  &c555ovd:&cfff &ca220&cfff/62 [ya] &cf31rl&cfff:11 
xpr chewed on Darkki's boomstick
hlt ate 8 loads of votary's buckshot
(moltas): >mol: &c0b0safe&cfff [mega.entry] sg:25
(votary): >  &c0c3vot:&cfff &ca0bt&cfff&c0cco&cfff&c0c3o&cfff&ccc0k&cfff &cf2apack&cfff [quad.box]
votary chewed on Darkki's boomstick
(votary): >  &c0c3vot:&cfff &cf00LOST&cfff [quad.box] 4
(votary): >  &c0c3vot:&cfff &cf00LOST&cfff [quad.box] 4
(moltas): >mol: &c0b0safe&cfff [mega.low] sg:25
(od): >  &c555ovd:&cfff &ca0bt&cfff&c0cco&cfff&c0c3o&cfff&ccc0k&cfff &cff0ya&cfff [ya]
(moltas): >mol: coming [mega.sng]
(od): >  &c555ovd:&cfff &cff0ya&cfff150/87 [ya] &cf31rl&cfff:11 
(moltas): >mol: &c0b0mega&cfff at [mega]
mrklarder was gibbed by od's rocket
(moltas): >mol: took &c0b0mega&cfff [mega]
votary ate 2 loads of Darkki's buckshot
(moltas): >mol: coming [mega.entry]
(votary): >  &c0c3vot:&cfff &cf00LOST&cfff [gl.quad] 2
blaze loses another friend
(xpr): > xpr    coming [ga-water]
(od): >  &c555ovd:&cfff &cff0ya&cfff150/87 [ya] &cf31rl&cfff:14 
(moltas): >mol: coming [water.ga]
(moltas): >mol: coming [water.ga]
(moltas): >mol: &c0b0safe&cfff [water.ga] sng:130
blaze was gibbed by od's rocket
hlt was punctured by moltas
(moltas): >mol: &cf00enemy&cfff at [rl]
mrklarder ate 2 loads of xpr's buckshot
(moltas): >mol: &cff0130&cfff/195 [rl] sng:92
(votary): >  &c0c3vot:&cfff 0/44 [water.rl] &c2aasg&cfff:24 
(moltas): >mol: &cff0130&cfff/192 [rl] sng:92
(moltas): >mol: &cff0130&cfff/192 [rl] sng:92
mrklarder rides od's rocket
moltas checks his glasses
(votary): >  &c0c3vot:&cfff &cf00LOST&cfff [rl] 1
Darkki was perforated by moltas
od chewed on blaze's boomstick
(moltas): >mol: took &c0ffpack&cfff [rl]
(xpr): > xpr    pack at rl
(od): >  &c555ovd:&cfff &cf00LOST [&cfffya&cf00] 2&cfff
no weapon
(moltas): >mol: coming [rl]
(xpr): > xpr    coming [rl-crossing]
od chewed on mrklarder's boomstick
(od): >  &c555ovd:&cfff &cf00LOST [&cfffbridge.room&cf00] 2&cfff
(moltas): >mol: coming [quad.stairs]
votary chewed on Darkki's boomstick
(votary): >  &c0c3vot:&cfff &cf00LOST&cfff [gl] 1
(votary): >  &c0c3vot:&cfff &cf00LOST&cfff [gl] 1
Darkki was perforated by moltas
(moltas): >mol: &c0b0safe&cfff [quad] &c0ffrl&cfff:12
Darkki chewed on moltas's boomstick
(xpr): > xpr    enemy at ssg
mrklarder rides moltas's rocket
(moltas): >mol: &cff0109&cfff/161 [gl.stairs] &c0ffrl&cfff:9
mrklarder eats od's pineapple
od ate 2 loads of hlt's buckshot
(od): >  &c555ovd:&cfff &cf00LOST [&cfffgl.quad&cf00] 2&cfff
votary chewed on blaze's boomstick
(votary): >  &c0c3vot:&cfff &cf00LOST&cfff [rl] 1
(votary): >  &c0c3vot:&cfff &cf00LOST&cfff [rl] 1
(votary): >  &c0c3vot:&cfff &cf00LOST&cfff [rl] 1
(votary): >  &c0c3vot:&cfff &cf00LOST&cfff [rl] 1
(moltas): >mol: coming [ya]
(xpr): > xpr    coming [ga]
(moltas): >mol: &cff0109&cfff/156 [ya] &c0ffrl&cfff:9
[5] minutes remaining
Team [ojoj] leads by 4 frags
(moltas): >mol: coming [ya]
votary chewed on mrklarder's boomstick
(votary): >  &c0c3vot:&cfff &cf00LOST&cfff [quad] 2
(moltas): >mol: coming [ya]
od chewed on Darkki's boomstick
(moltas): >mol: coming [ya]
(od): >  &c555ovd:&cfff &cf00LOST [&cfffquad&cf00] 2&cfff
hlt rides moltas's rocket
mrklarder rides moltas's rocket
od ate 2 loads of blaze's buckshot
(moltas): >mol: coming [gl.quad]
blaze ate 2 loads of xpr's buckshot
Darkki was gibbed by moltas's rocket
(od): >  &c555ovd:&cfff &ca220&cfff/100 [cross] &c2aasg&cfff:23 
Darkki was perforated by moltas
mrklarder was punctured by moltas
moltas chewed on blaze's boomstick
(moltas): >mol: &cf00lost&cfff [quad.box] &cf00e&cfff:2
(moltas): >mol: &c0b0safe&cfff [start.water] sg:24
hlt chewed on od's boomstick
od chewed on blaze's boomstick
(moltas): >mol: &c0b0safe&cfff [start.rl] sg:24
blaze was gibbed by xpr's rocket
(od): >  &c555ovd:&cfff &c05fquad&cfff over
(od): >  &c555ovd:&cfff &c05fquad&cfff over
(od): >  &c555ovd:&cfff &c05fquad&cfff over
(xpr): > xpr    safe [gl] rl:12
(moltas): >mol: od take [rl]
(moltas): >mol: &cf00enemy&cfff at [water.rl]
moltas chewed on mrklarder's boomstick
(moltas): >mol: &cf00lost&cfff [water.rl] &cf00e&cfff:2
(xpr): > xpr    safe [gl] rl:17
(moltas): >mol: &cf00enemy&cfff at [mega]
Darkki ate 2 loads of votary's buckshot
od chewed on mrklarder's boomstick
votary was ventilated by hlt
(votary): >  &c0c3vot:&cfff &cf00LOST&cfff [rl] 2
moltas was perforated by blaze
(votary): >  &c0c3vot:&cfff &cf00LOST&cfff [rl] 2
(moltas): >mol: &cf00lost&cfff [mega.low] &cf00e&cfff:1
moltas was ventilated by blaze
(moltas): >mol: &cf00lost&cfff [quad.stairs] &cf00e&cfff:1
mrklarder chewed on votary's boomstick
(moltas): >mol: &cf00enemy&cfff at [cross.water]
moltas rides hlt's rocket
(moltas): >mol: &cf00lost&cfff [quad.stairs] &cf00e&cfff:3
mrklarder rides xpr's rocket
(moltas): >mol: 0/100 [rl]
(moltas): >mol: &c0b0safe&cfff [cross.water] sg:24
(moltas): >mol: &cf00enemy&cfff at [cross]
moltas ate 2 loads of Darkki's buckshot
(moltas): >mol: &cf00lost&cfff [quad] &cf00e&cfff:2
mrklarder was gibbed by xpr's rocket
(moltas): >mol: &c0b0safe&cfff [ya] sg:25
(moltas): >mol: 0/100 [ya]
(xpr): > xpr    coming [ya]
(od): >  &c555ovd:&cfff &ca220&cfff/100 [ya.water] &c2aasng&cfff:30 
(moltas): >mol: coming [ya]
(moltas): >mol: took gl [gl]
[4] minutes remaining
Team [ojoj] leads by 4 frags
moltas ate 2 loads of Darkki's buckshot
(moltas): >mol: &cf00lost&cfff [gl] &cf00e&cfff:2
(votary): >  &c0c3vot:&cfff 0/100 [rl] &c2aasg&cfff:100 
(votary): >  &c0c3vot:&cfff 0/100 [rl] &c2aasg&cfff:100 
(moltas): >mol: &cf00enemy&cfff at [quad]
(od): >  &c555ovd:&cfff coming [water.rl] 
(od): >  &c555ovd:&cfff coming [water.rl] 
(od): >  &c555ovd:&cfff &c0b0ga&cfff100/100 [water.rl] &c2aasng&cfff:80 
moltas was punctured by blaze
(moltas): >mol: &cf00lost&cfff [quad] &cf00e&cfff:2
(moltas): >mol: get &c05fquad&cfff
(od): >  &c555ovd:&cfff &c0b0ga&cfff100/100 [rl] &c2aasng&cfff:80 
(moltas): >mol: get &c05fquad&cfff
(od): >  &c555ovd:&cfff &c0b0ga&cfff100/100 [rl] &c2aasng&cfff:80 
(moltas): >mol: get &c05fquad&cfff
(moltas): >mol: get &c05fquad&cfff
(moltas): >mol: get &c05fquad&cfff
(od): >  &c555ovd:&cfff &ca0bt&cfff&c0cco&cfff&c0c3o&cfff&ccc0k&cfff &cf31rl&cfff [rl]
(moltas): >mol: coming [mega.entry]
(od): >  &c555ovd:&cfff &ca0bt&cfff&c0cco&cfff&c0c3o&cfff&ccc0k&cfff &cf31rl&cfff [rl]
(votary): >  &c0c3vot:&cfff 0/100 [cross.water] &c2aasg&cfff:100 
(od): >  &c555ovd:&cfff &c0b0ga&cfff100/100 [cross.water] &cf31rl&cfff:&ca225&cfff 
mrklarder was gibbed by xpr's rocket
moltas was gibbed by hlt's rocket
blaze was telefragged by moltas
(od): >  &c555ovd:&cfff &c0b0ga&cfff100/100 [cross] &cf31rl&cfff:&ca225&cfff 
hlt was gibbed by xpr's rocket
blaze chewed on votary's boomstick
hlt was gibbed by xpr's rocket
(od): >  &c555ovd:&cfff &c0b0ga&cfff100/100 [gl.stairs] &cf31rl&cfff:&ca224&cfff 
(moltas): >mol: 0/12 [cross]
(moltas): >mol: &c0b0safe&cfff [mega.low] sg:71
(moltas): >mol: &c0b0safe&cfff [mega.sng] sg:71
(moltas): >mol: &c0b0safe&cfff [mega.sng] sng:108
(od): >  &c555ovd:&cfff &c0b0ga&cfff100/100 [gl] &cf31rl&cfff:&ca224&cfff 
(moltas): >mol: &c0b0safe&cfff [mega.low] sng:108
(moltas): >mol: &c0b0safe&cfff [mega.low] sng:108
(od): >  &c555ovd:&cfff &c0b0ga&cfff100/100 [gl] &cf31rl&cfff:&ca224&cfff 
(od): >  &c555ovd:&cfff &ca0bt&cfff&c0cco&cfff&c0c3o&cfff&ccc0k&cfff gl [gl]
(moltas): >mol: &c0b0safe&cfff [mega] sng:81
(od): >  &c555ovd:&cfff &c0b0ga&cfff100/100 [gl] &cf31rl&cfff:9 
(moltas): >mol: 0/100 [mega.low] sng:77
votary chewed on blaze's boomstick
(votary): >  &c0c3vot:&cfff &cf00LOST&cfff [water.rl] 1
(od): >  &c555ovd:&cfff &c0b0ga&cfff100/100 [gl.rox] &cf31rl&cfff:9 
(moltas): >mol: took &c0b0mega&cfff [mega]
(moltas): >mol: coming [mega.entry]
(od): >  &c555ovd:&cfff &c0b0ga&cfff100/100 [gl] &cf31rl&cfff:9 
blaze chewed on votary's boomstick
(od): >  &c555ovd:&cfff &cff0ya&cfff150/100 [ya] &cf31rl&cfff:9 
(moltas): >mol: &c0b0100&cfff/173 [water.ga] sng:53
(votary): >  &c0c3vot:&cfff 0/76 [water.ga] &c2aasg&cfff:100 
(moltas): >mol: &c0b0100&cfff/171 [water.rl] sng:53
(moltas): >mol: &c0b0100&cfff/169 [rl] sng:53
(od): >  &c555ovd:&cfff &cff0ya&cfff150/100 [gl] &cf31rl&cfff:19 
(moltas): >mol: &c0b0safe&cfff [rl] sng:53
(moltas): >mol: &c0b0100&cfff/167 [rl] sng:53
hlt rides xpr's rocket
votary was gibbed by mrklarder's rocket
(votary): >  &c0c3vot:&cfff &cf00LOST&cfff [bridge] 2
(moltas): >mol: &c0b0100&cfff/166 [rl] sng:53
blaze was punctured by moltas
votary rides mrklarder's rocket
(votary): >  &c0c3vot:&cfff &cf00LOST&cfff [cross] 3
(votary): >  &c0c3vot:&cfff &cf00LOST&cfff [cross] 3
(votary): >  &c0c3vot:&cfff &cf00LOST&cfff [cross] 3
hlt rides od's rocket
(moltas): >mol: &c0b0safe&cfff [rl] sng:5
(moltas): >mol: &c0b092&cfff/145 [rl] sng:5
mrklarder was gibbed by od's rocket
(od): >  &c555ovd:&cfff &cf2apack&cfff at [cross]
(votary): >  &c0c3vot:&cfff &cf40coming&cfff [gl.quad]
(od): >  &c555ovd:&cfff &cf2apack&cfff at [cross]
(votary): >  &c0c3vot:&cfff &cf40coming&cfff [gl.quad]
(votary): >  &c0c3vot:&cfff &cf40coming&cfff [gl.quad]
(votary): >  &c0c3vot:&cfff &cf40coming&cfff [quad]
mrklarder rides xpr's rocket
Darkki rides od's rocket
hlt chewed on moltas's boomstick
(od): >  &c555ovd:&cfff &ca220&cfff/&ca2222&cfff [cross] &cf31rl&cfff:14 
(moltas): >mol: &c0b063&cfff/84 [rl] sng:0
(moltas): >mol: &c0b0safe&cfff [rl] sng:0
[3] minutes remaining
Team [cccp] leads by 3 frags
(xpr): > xpr    safe [ya] rl:23
(moltas): >mol: &c0b0safe&cfff [rl] sng:0
(moltas): >mol: &c0b0safe&cfff [rl] sng:0
Darkki was punctured by od
(moltas): >mol: &c0b063&cfff/84 [rl] sng:0
votary chewed on hlt's boomstick
(votary): >  &c0c3vot:&cfff &cf00LOST&cfff [cross] 3
(moltas): >mol: &c0b063&cfff/84 [rl] sng:0
votary eats mrklarder's pineapple
(votary): >  &c0c3vot:&cfff &cf00LOST&cfff [cross] 2
(moltas): >mol: &c0b0safe&cfff [rl] sng:0
od chewed on blaze's boomstick
(od): >  &c555ovd:&cfff &cf00LOST&cfff &cf31rl&cfff &cf00[&cfffmega.sng&cf00] 2&cfff
(moltas): >mol: &c0b063&cfff/84 [rl] sng:0
(od): >  &c555ovd:&cfff &cf00LOST&cfff &cf31rl&cfff &cf00[&cfffmega.sng&cf00] 2&cfff
(od): >  &c555ovd:&cfff &cf00LOST [&cfffmega.sng&cf00] 2&cfff
(od): >  &c555ovd:&cfff &cf00LOST [&cfffmega.sng&cf00] 2&cfff
(od): >  &c555ovd:&cfff &cf00LOST [&cfffmega.sng&cf00] 2&cfff
(moltas): >mol: took &c0ffrl&cfff [rl]
(moltas): >mol: coming [rl]
hlt was gibbed by xpr's rocket
votary chewed on mrklarder's boomstick
(votary): >  &c0c3vot:&cfff &cf00LOST&cfff [quad] 2
xpr chewed on hlt's boomstick
hlt was gibbed by xpr's grenade
blaze was telefragged by votary
(moltas): >mol: &c0b041&cfff/33 [door] &c0ffrl&cfff:12
(xpr): > xpr __ lost [quad] 0
votary chewed on blaze's boomstick
(votary): >  &c0c3vot:&cfff &cf00LOST&cfff [quad] 2
(moltas): >mol: &c0b0safe&cfff [ssg] &c0ffrl&cfff:11
(votary): >  &c0c3vot:&cfff &cf00LOST&cfff [quad] 2
hlt chewed on od's boomstick
(moltas): >mol: &c0b0100&cfff/88 [bridge] &c0ffrl&cfff:11
(moltas): >mol: &c0b0safe&cfff [door] &c0ffrl&cfff:11
(moltas): >mol: coming [cross]
(od): >  &c555ovd:&cfff &ca220&cfff/&ca2224&cfff [ssg] &c2aassg&cfff:100 
(moltas): >mol: coming [quad.stairs]
(moltas): >mol: &c0b067&cfff/11 [quad] &c0ffrl&cfff:9
moltas eats blaze's pineapple
(moltas): >mol: &cf00lost&cfff [quad] &cf00e&cfff:0
(moltas): >mol: &c0b0safe&cfff [ssg.spikes] sg:24
(od): >  &c555ovd:&cfff &ca220&cfff/79 [rl] &c2aassg&cfff:100 
(moltas): >mol: 0/100 [bridge]
mrklarder chewed on votary's boomstick
(votary): >  &c0c3vot:&cfff 0/68 [water.rl] &c2aasg&cfff:100 
moltas rides Darkki's rocket
(moltas): >mol: &cf00lost&cfff [mega.low] &cf00e&cfff:1
votary was gibbed by Darkki's rocket
(od): >  &c555ovd:&cfff &ca220&cfff/100 [quad] &c2aassg&cfff:100 
(votary): >  &c0c3vot:&cfff &cf00LOST&cfff [mega.entry] 1
(votary): >  &c0c3vot:&cfff &cf00LOST&cfff [mega.entry] 1
(moltas): >mol: &c0b0safe&cfff [cross.water] sg:24
(moltas): >mol: 0/56 [quad.stairs]
(qtv)(skillah): bring

votary was gibbed by blaze's grenade
(moltas): >mol: coming [quad]
(votary): >  &c0c3vot:&cfff &cf00LOST&cfff [gl] 3
od chewed on mrklarder's boomstick
(od): >  &c555ovd:&cfff &cf00LOST [&cfffgl&cf00] 3&cfff
no weapon
moltas was gibbed by blaze's grenade
(moltas): >mol: &cf00lost&cfff [gl] &cf00e&cfff:3
votary chewed on Darkki's boomstick
(od): >  &c555ovd:&cfff coming [quad] 
(votary): >  &c0c3vot:&cfff &cf00LOST&cfff [mega.low] 1
(od): >  &c555ovd:&cfff &ca220&cfff/100 [quad] &c2aasg&cfff:24 
moltas eats blaze's pineapple
(moltas): >mol: &cf00lost&cfff [gl] &cf00e&cfff:2
blaze was gibbed by xpr's rocket
(moltas): >mol: &c0b0safe&cfff [ssg.spikes] sg:25
od chewed on mrklarder's boomstick
blaze rides xpr's rocket
[2] minutes remaining
Team [ojoj] leads by 4 frags
(xpr): > xpr    safe [gl] rl:12
(moltas): >mol: &c0b0safe&cfff [water.ga] ssg:40
(moltas): >mol: 0/16 [water.rl] ssg:40
mrklarder rides xpr's rocket
moltas was gibbed by hlt's grenade
blaze rides xpr's rocket
(moltas): >mol: &cf00lost&cfff [rl] &cf00e&cfff:1
(moltas): >mol: coming [ya]
mrklarder rides xpr's rocket
(moltas): >mol: coming [gl.stairs]
votary eats hlt's pineapple
(votary): >  &c0c3vot:&cfff &cf00LOST&cfff [rl] 1
od rides Darkki's rocket
(od): >  &c555ovd:&cfff &cf00LOST [&cfffquad&cf00] 1&cfff
(od): >  &c555ovd:&cfff &cff0replace [&cfffquad&cff0]&cfff 
(od): >  &c555ovd:&cfff &cff0replace [&cfffquad&cff0]&cfff 
(od): >  &c555ovd:&cfff &cf00enemy&cfff &cf31rl&cfff [quad]
(od): >  &c555ovd:&cfff &cf00enemy&cfff &cf31rl&cfff [quad]
(xpr): > xpr __ get quad
(xpr): > xpr __ get quad
votary rides Darkki's rocket
(votary): >  &c0c3vot:&cfff &cf00LOST&cfff [quad] 2
mrklarder rides xpr's rocket
moltas chewed on blaze's boomstick
Darkki discovers blast radius
(moltas): >mol: &cf00lost&cfff [quad.stairs] &cf00e&cfff:3
(od): >  &c555ovd:&cfff &ca0bt&cfff&c0cco&cfff&c0c3o&cfff&ccc0k&cfff &c05fquad&cfff [quad.box]
mrklarder rides xpr's rocket
(moltas): >mol: &c0b0safe&cfff [start.water] sg:25
od chewed on blaze's boomstick
(votary): >  &c0c3vot:&cfff &ca0bt&cfff&c0cco&cfff&c0c3o&cfff&ccc0k&cfff &cf2apack&cfff [cross]
(od): >  &c555ovd:&cfff &cf00LOST [&cfffgl.quad&cf00] 2&cfff
(moltas): >mol: &c0b0safe&cfff [start.rl] sg:25
(votary): >  &c0c3vot:&cfff &ca0bt&cfff&c0cco&cfff&c0c3o&cfff&ccc0k&cfff &c0a0mega&cfff [mega]
(od): >  &c555ovd:&cfff &ca220&cfff/100 [mega.sng] &c2aasg&cfff:24 
(moltas): >mol: 0/100 [rl]
(moltas): >mol: 0/100 [rl]
mrklarder was perforated by od
(od): >  &c555ovd:&cfff &ca220&cfff/52 [mega.sng] &c2aasng&cfff:46 
(votary): >  &c0c3vot:&cfff 0/173 [gl] &cf31rl&cfff:14 
hlt was perforated by od
moltas chewed on Darkki's boomstick
(moltas): >mol: &cf00lost&cfff [rl] &cf00e&cfff:2
blaze chewed on xpr's boomstick
(votary): >  &c0c3vot:&cfff 0/170 [ya] &cf31rl&cfff:13 
moltas chewed on mrklarder's boomstick
(votary): >  &c0c3vot:&cfff 0/170 [ya] &cf31rl&cfff:13 
(moltas): >mol: &cf00lost&cfff [rl] &cf00e&cfff:2
(od): >  &c555ovd:&cfff &ca220&cfff/100 [quad] &c2aasng&cfff:168 
(moltas): >mol: 0/100 [ssg] ssg:30
(od): >  &c555ovd:&cfff &ca220&cfff/100 [gl.stairs] &c2aasng&cfff:168 
(moltas): >mol: &c0b0safe&cfff [start.stairs] ssg:30
(moltas): >mol: &c0b0safe&cfff [start] ssg:30
blaze chewed on xpr's boomstick
(od): >  &c555ovd:&cfff &ca220&cfff/100 [gl.stairs] &c2aasng&cfff:168 
(moltas): >mol: &c0b0safe&cfff [start.water] ssg:28
blaze was gibbed by votary's rocket
(moltas): >mol: &c0b0safe&cfff [start.rl] ssg:28
(moltas): >mol: 0/100 [start.rl] ssg:28
(moltas): >mol: 0/100 [start.rl] ssg:28
moltas rides mrklarder's rocket
(moltas): >mol: &cf00lost&cfff [start.rl] &cf00e&cfff:1
(od): >  &c555ovd:&cfff &ca220&cfff/100 [ya] &c2aasng&cfff:168 
(votary): >  &c0c3vot:&cfff &ca0bt&cfff&c0cco&cfff&c0c3o&cfff&ccc0k&cfff &cff0ya&cfff [ya]
(od): >  &c555ovd:&cfff &c2aasng&cfff at [gl.sng]
(od): >  &c555ovd:&cfff &c2aasng&cfff at [gl.sng]
mrklarder rides votary's rocket
(od): >  &c555ovd:&cfff &c2aasng&cfff at [gl.sng]
hlt was gibbed by xpr's rocket
Darkki was gibbed by xpr's rocket
(od): >  &c555ovd:&cfff &ca220&cfff/100 [door] &c2aasng&cfff:200 
Darkki chewed on xpr's boomstick
blaze rides votary's rocket
hlt was perforated by od
blaze rides votary's rocket
[1] minute remaining
Team [cccp] leads by 5 frags
(votary): >  &c0c3vot:&cfff &c0b0SAFE&cfff [rl] &cf31rl&cfff:11
(votary): >  &c0c3vot:&cfff &c0b0SAFE&cfff [rl] &cf31rl&cfff:11
(votary): >  &c0c3vot:&cfff &c0b0SAFE&cfff [rl] &cf31rl&cfff:11
(moltas): >mol: 0/52 [cross]
hlt chewed on xpr's boomstick
(moltas): >mol: &c0b0safe&cfff [quad.stairs] sg:18
(votary): >  &c0c3vot:&cfff &cff0ya&cfff50/100 [rl] &cf31rl&cfff:11 
(votary): >  &c0c3vot:&cfff &cff0ya&cfff50/100 [rl] &cf31rl&cfff:11 
moltas chewed on hlt's boomstick
(moltas): >mol: &cf00lost&cfff [quad] &cf00e&cfff:2
(moltas): >mol: coming [start.water]
(votary): >  &c0c3vot:&cfff &ca0bt&cfff&c0cco&cfff&c0c3o&cfff&ccc0k&cfff &cf31rl&cfff [rl]
Darkki rides votary's rocket
blaze was ventilated by od
(moltas): >mol: &c0b0safe&cfff [start.rl] sg:25
hlt rides xpr's rocket
(moltas): >mol: &c0b0safe&cfff [start.rl] sg:25
(moltas): >mol: &c0b0safe&cfff [start.rl] sg:25
od eats mrklarder's pineapple
(votary): >  &c0c3vot:&cfff &cff0ya&cfff4/72 [rl] &cf31rl&cfff:14 
(votary): >  &c0c3vot:&cfff &cff0ya&cfff4/72 [rl] &cf31rl&cfff:14 
(od): >  &c555ovd:&cfff &cf00LOST [&cfffquad&cf00] 1&cfff
Darkki rides xpr's rocket
(moltas): >mol: &c0b0safe&cfff [rl] sg:25
(votary): >  &c0c3vot:&cfff &c0b0SAFE&cfff [rl] &cf31rl&cfff:14
(votary): >  &c0c3vot:&cfff &c0b0SAFE&cfff [rl] &cf31rl&cfff:14
(votary): >  &c0c3vot:&cfff &c0b0SAFE&cfff [rl] &cf31rl&cfff:14
(votary): >  &c0c3vot:&cfff &c0b0SAFE&cfff [rl] &cf31rl&cfff:14
(moltas): >mol: &cf00enemy&cfff at [quad]
moltas chewed on mrklarder's boomstick
(moltas): >mol: &cf00enemy&cfff &c05fquad&cfff [quad.stairs]
votary chewed on mrklarder's boomstick
(moltas): >mol: &cf00enemy&cfff &c05fquad&cfff [quad.stairs]
(moltas): >mol: &cf00enemy&cfff &c05fquad&cfff [quad.stairs]
(votary): >  &c0c3vot:&cfff &cf00LOST&cfff [cross] 3
(votary): >  &c0c3vot:&cfff &cf00LOST&cfff [cross] 3
(votary): >  &c0c3vot:&cfff &cf00LOST&cfff [cross] 3
od chewed on blaze's boomstick
votary was lead poisoned by mrklarder
(votary): >  &c0c3vot:&cfff &cf00LOST&cfff [cross] 3
blaze chewed on votary's boomstick
moltas chewed on blaze's boomstick
(moltas): >mol: &cf00lost&cfff [gl.quad] &cf00e&cfff:1
Darkki was ventilated by xpr
xpr was smeared by mrklarder's quad rocket
votary eats blaze's pineapple
(votary): >  &c0c3vot:&cfff &cf00LOST&cfff [ya.water] 2
[30] seconds
xpr eats blaze's pineapple
(moltas): >mol: 0/100 [gl.rox]
(moltas): >mol: &c0b0safe&cfff [gl.sng] sg:64
(moltas): >mol: &cf00enemy&cfff at [ya]
votary was perforated by Darkki
(votary): >  &c0c3vot:&cfff &cf00LOST&cfff [cross] 2
(moltas): >mol: coming [ya.tele]
(od): >  &c555ovd:&cfff &ca0bt&cfff&c0cco&cfff&c0c3o&cfff&ccc0k&cfff &cf31rl&cfff [rl]
(moltas): >mol: took rockets [gl.rox]
(od): >  &c555ovd:&cfff &ca220&cfff/100 [rl] &cf31rl&cfff:&ca225&cfff 
(moltas): >mol: took &c0b0ga&cfff [ga]
(moltas): >mol: coming [bridge]
blaze chewed on xpr's boomstick
moltas was ventilated by hlt
[15] seconds
(moltas): >mol: &cf00enemy&cfff &c05fquad&cfff [water.rl]
(moltas): >mol: &cf00lost&cfff [water.rl] &cf00e&cfff:2
votary chewed on Darkki's boomstick
(votary): >  &c0c3vot:&cfff &cf00LOST&cfff [mega.low] 1
od was ventilated by hlt
(od): >  &c555ovd:&cfff &cf00LOST&cfff &cf31rl&cfff &cf00[&cfffrl&cf00] 1&cfff
(moltas): >mol: 0/100 [gl.sng]
[10] seconds
[9] seconds
(moltas): >mol: coming [ya.water]
[8] seconds
(moltas): >mol: &c0b0safe&cfff [ya.tele] sg:48
[7] seconds
[6] seconds
(moltas): >mol: 0/100 [bridge]
[5] seconds
[4] seconds
[3] seconds
[2] seconds
[1] second
Darkki chewed on moltas's boomstick
(moltas): >mol: &c0ffpack&cfff at [water.ga]
time over, the game is a draw
[5] minutes overtime follows
od: :&c555)
(moltas): >mol: coming [bridge]
(moltas): >mol: took &c0b0ga&cfff [ga]
votary chewed on blaze's boomstick
Darkki chewed on xpr's boomstick
(moltas): >mol: coming [start.stairs]
(votary): >  &c0c3vot:&cfff &cf00LOST&cfff [rl] 2
(votary): >  &c0c3vot:&cfff &cf00LOST&cfff [rl] 2
(od): >  &c555ovd:&cfff &ca0bt&cfff&c0cco&cfff&c0c3o&cfff&ccc0k&cfff &cff0ya&cfff [ya]
(od): >  &c555ovd:&cfff &cff0ya&cfff150/87 [ya] gl:&ca224&cfff 
(moltas): >mol: coming [start.stairs]
(moltas): >mol: coming [start.water]
xpr chewed on blaze's boomstick
(moltas): >mol: &c0b0safe&cfff [start.rl] sg:42
votary chewed on Darkki's boomstick
(votary): >  &c0c3vot:&cfff &cf00LOST&cfff [mega.low] 2
(votary): >  &c0c3vot:&cfff &cf00LOST&cfff [mega.low] 2
(moltas): >mol: &c0b0safe&cfff [start.rl] sg:42
(moltas): >mol: &c0b0safe&cfff [start.rl] sg:42
(od): >  &c555ovd:&cfff &cff0ya&cfff150/100 [gl] gl:14 
xpr rides hlt's rocket
mrklarder eats od's pineapple
(xpr): > xpr    0/100 ssg:49 [ga]
od was gibbed by hlt's rocket
moltas rides blaze's rocket
(od): >  &c555ovd:&cfff &cf00LOST&cfff &cf31rl&cfff &cf00[&cfffquad&cf00] 1&cfff
(moltas): >mol: &cf00lost&cfff [rl] &cf00e&cfff:1
hlt was gibbed by moltas's rocket
(moltas): >mol: &c0ffpack&cfff at [quad]
moltas was ventilated by Darkki
(moltas): >mol: &cf00lost&cfff [quad] &cf00e&cfff:1
od was ventilated by Darkki
(votary): >  &c0c3vot:&cfff &ca0bt&cfff&c0cco&cfff&c0c3o&cfff&ccc0k&cfff &cff0ya&cfff [ya]
xpr was gibbed by blaze's rocket
(moltas): >mol: &cf00enemy&cfff at [gl.stairs]
Darkki chewed on votary's boomstick
(xpr): > xpr __ lost [rl] 0
(xpr): > xpr __ lost [rl] 0
(xpr): > xpr __ lost [rl] 0
(od): >  &c555ovd:&cfff &ca220&cfff/84 [ya] &c2aasg&cfff:18 
moltas was gibbed by hlt's grenade
(moltas): >mol: &cf00lost&cfff [gl.stairs] &cf00e&cfff:1
moltas chewed on mrklarder's boomstick
(moltas): >mol: &cf00lost&cfff [rl] &cf00e&cfff:2
(xpr): > xpr    coming [ga-water]
mrklarder was ventilated by votary
votary rides blaze's rocket
(votary): >  &c0c3vot:&cfff &cf00LOST&cfff [rl] 1
(votary): >  &c0c3vot:&cfff &cf00LOST&cfff [rl] 1
xpr rides blaze's rocket
hlt chewed on od's boomstick
(xpr): > xpr __ lost [rl] 1
(xpr): > xpr __ lost [rl] 1
blaze was gibbed by xpr's rocket
(moltas): >mol: &c0b0safe&cfff [ya.water] sg:23
(moltas): >mol: 0/100 [ya.tele]
od chewed on mrklarder's boomstick
(moltas): >mol: coming [ga]
od chewed on Darkki's boomstick
(od): >  &c555ovd:&cfff &cf00LOST [&cfffrl&cf00] 1&cfff
(xpr): > xpr    0/19 rl:24 [ga-water]
xpr ate 2 loads of blaze's buckshot
moltas chewed on Darkki's boomstick
(moltas): >mol: &cf00lost&cfff [rl] &cf00e&cfff:1
Darkki chewed on moltas's boomstick
(moltas): >mol: &c0b0safe&cfff [rl] sg:23
od ate 2 loads of blaze's buckshot
xpr was ventilated by hlt
moltas chewed on blaze's boomstick
(moltas): >mol: &cf00lost&cfff [water.rl] &cf00e&cfff:1
[4] minutes remaining
Team [ojoj] leads by 12 frags
blaze chewed on od's boomstick
votary eats mrklarder's pineapple
(votary): >  &c0c3vot:&cfff &cf00LOST&cfff [ya] 1
(votary): >  &c0c3vot:&cfff &cf00LOST&cfff [ya] 1
(od): >  &c555ovd:&cfff &ca220&cfff/100 [rl] &c2aasg&cfff:88 
(moltas): >mol: 0/56 [water.rl]
votary chewed on blaze's boomstick
(votary): >  &c0c3vot:&cfff &cf00LOST&cfff [quad] 1
moltas chewed on Darkki's boomstick
(od): >  &c555ovd:&cfff &ca0bt&cfff&c0cco&cfff&c0c3o&cfff&ccc0k&cfff &cf31rl&cfff [rl]
(moltas): >mol: &cf00lost&cfff [water.rl] &cf00e&cfff:1
Darkki was gibbed by od's rocket
blaze chewed on votary's boomstick
(moltas): >mol: &c0b0safe&cfff [ya] sg:25
votary was perforated by hlt
(moltas): >mol: 0/100 [ya]
(od): >  &c555ovd:&cfff &ca220&cfff/98 [rl] &cf31rl&cfff:&ca224&cfff 
(votary): >  &c0c3vot:&cfff &cf00LOST&cfff [quad] 3
(od): >  &c555ovd:&cfff &ca220&cfff/98 [rl] &cf31rl&cfff:&ca224&cfff 
(votary): >  &c0c3vot:&cfff &cf00LOST&cfff [quad] 3
(od): >  &c555ovd:&cfff &ca220&cfff/98 [rl] &cf31rl&cfff:&ca224&cfff 
(moltas): >mol: &c0b0safe&cfff [ya] sg:25
(moltas): >mol: &c0b0safe&cfff [ya] sg:25
od chewed on Darkki's boomstick
(od): >  &c555ovd:&cfff &cf00LOST [&cfffcross&cf00] 2&cfff
(xpr): > xpr    coming [ga]
no weapon
(moltas): >mol: 0/100 [ya]
od chewed on mrklarder's boomstick
(od): >  &c555ovd:&cfff &cf00LOST [&cfffquad.box&cf00] 3&cfff
(od): >  &c555ovd:&cfff &cf00LOST [&cfffquad.box&cf00] 3&cfff
(moltas): >mol: 0/100 [ya]
(moltas): >mol: 0/100 [ya]
votary chewed on mrklarder's boomstick
xpr chewed on hlt's boomstick
(moltas): >mol: 0/100 [ya]
(moltas): >mol: 0/100 [ya]
(od): >  &c555ovd:&cfff &ca220&cfff/100 [rl] &c2aasg&cfff:77 
(xpr): > xpr    coming [ga]
mrklarder chewed on moltas's boomstick
moltas chewed on Darkki's boomstick
(moltas): >mol: &cf00lost&cfff [ya.water] &cf00e&cfff:3
mrklarder chewed on votary's boomstick
moltas chewed on blaze's boomstick
blaze chewed on od's boomstick
(moltas): >mol: &cf00lost&cfff [water.rl] &cf00e&cfff:2
od chewed on hlt's boomstick
(od): >  &c555ovd:&cfff &cf00LOST [&cfffwater.rl&cf00] 1&cfff
(od): >  &c555ovd:&cfff &cf00LOST [&cfffwater.rl&cf00] 1&cfff
votary chewed on Darkki's boomstick
(votary): >  &c0c3vot:&cfff &cf00LOST&cfff [water.rl] 2
(moltas): >mol: coming [quad.stairs]
Darkki was gibbed by xpr's rocket
(od): >  &c555ovd:&cfff &ca220&cfff/100 [gl] gl:&ca225&cfff 
mrklarder chewed on votary's boomstick
blaze rides xpr's rocket
moltas checks his glasses
Darkki ate 2 loads of od's buckshot
(xpr): > xpr    g70/72 rl:5 [start-water]
(moltas): >mol: &c0ffpack&cfff at [ya]
(moltas): >mol: took &cff0ya&cfff [ya]
blaze ate 2 loads of od's buckshot
(moltas): >mol: coming [ya.water]
od was punctured by hlt
(od): >  &c555ovd:&cfff &cf00LOST [&cfffgl&cf00] 1&cfff
[3] minutes remaining
Team [ojoj] leads by 15 frags
(moltas): >mol: ssg at [ssg]
no weapon
(od): >  &c555ovd:&cfff &ca220&cfff/100 [ya] &c2aasg&cfff:24 
(moltas): >mol: &cff0140&cfff/100 [water.rl]
Darkki was gibbed by xpr's rocket
(moltas): >mol: &cff0140&cfff/100 [water.rl]
(votary): >  &c0c3vot:&cfff 0/100 [rl] &c2aasg&cfff:25 
od ate 2 loads of hlt's buckshot
(od): >  &c555ovd:&cfff &cf00LOST [&cfffya&cf00] 3&cfff
(votary): >  &c0c3vot:&cfff 0/100 [rl] &c2aasg&cfff:25 
(moltas): >mol: &cff0140&cfff/100 [rl]
(od): >  &c555ovd:&cfff &ca220&cfff/100 [spikes] &c2aasg&cfff:24 
(moltas): >mol: &cff0140&cfff/100 [rl]
(moltas): >mol: took &c0ffrl&cfff [rl]
Darkki was gibbed by xpr's rocket
od chewed on mrklarder's boomstick
(moltas): >mol: &c0b0safe&cfff [cross.water] &c0ffrl&cfff:15
votary gets a frag for the other team
(od): >  &c555ovd:&cfff &cf00LOST [&cfffquad.stairs&cf00] 2&cfff
(od): >  &c555ovd:&cfff &cf00LOST [&cfffquad.stairs&cf00] 2&cfff
votary chewed on blaze's boomstick
(votary): >  &c0c3vot:&cfff &cf00LOST&cfff [quad.stairs] 3
Darkki chewed on xpr's boomstick
votary chewed on blaze's boomstick
(od): >  &c555ovd:&cfff &ca220&cfff/100 [cross.water] &c2aasg&cfff:24 
(votary): >  &c0c3vot:&cfff &cf00LOST&cfff [quad] 2
(moltas): >mol: &cff0128&cfff/92 [mega.low] &c0ffrl&cfff:12
(moltas): >mol: coming [cross]
Darkki chewed on votary's boomstick
od was lead poisoned by mrklarder
(moltas): >mol: &cff067&cfff/52 [cross] &c0ffrl&cfff:6
(od): >  &c555ovd:&cfff &cf00enemy&cfff &c05fquad&cfff
(od): >  &c555ovd:&cfff &cf00enemy&cfff &c05fquad&cfff
hlt rides moltas's rocket
(moltas): >mol: &cff067&cfff/52 [mega.low] &c0ffrl&cfff:3
(votary): >  &c0c3vot:&cfff 0/82 [rl] &c2aasg&cfff:58 
(moltas): >mol: &c0b0safe&cfff [cross] &c0ffrl&cfff:3
moltas was lead poisoned by mrklarder
(moltas): >mol: &cf00lost&cfff [cross] &cf00e&cfff:1
(moltas): >mol: &cf00enemy&cfff at [ya]
xpr was brutalized by mrklarder's quad rocket
mrklarder becomes bored with life
(xpr): >     __ borepack [mega]
(xpr): >     __ borepack [mega]
(xpr): >     __ borepack [mega]
(votary): >  &c0c3vot:&cfff &ca0bt&cfff&c0cco&cfff&c0c3o&cfff&ccc0k&cfff &cf31rl&cfff [rl]
(xpr): >     __ borepack [mega]
moltas was perforated by blaze
(moltas): >mol: &cf00lost&cfff [ya.water] &cf00e&cfff:2
(xpr): >     __ borepack [mega]
Darkki chewed on od's boomstick
(votary): >  &c0c3vot:&cfff 0/13 [rl] &cf31rl&cfff:3 
(od): >  &c555ovd:&cfff &ca220&cfff/&ca2228&cfff [cross.water] &c2aasg&cfff:54 
(od): >  &c555ovd:&cfff &ca220&cfff/&ca2228&cfff [cross] &c2aasg&cfff:54 
moltas ate 2 loads of blaze's buckshot
mrklarder rides xpr's rocket
(moltas): >mol: &cf00lost&cfff [gl.stairs] &cf00e&cfff:2
(od): >  &c555ovd:&cfff &ca220&cfff/58 [quad] &c2aasg&cfff:100 
(moltas): >mol: coming [gl]
mrklarder rides votary's rocket
moltas chewed on Darkki's boomstick
(moltas): >mol: &cf00lost&cfff [ya] &cf00e&cfff:2
(votary): >  &c0c3vot:&cfff 0/57 [gl] &cf31rl&cfff:2 
(votary): >  &c0c3vot:&cfff 0/57 [gl] &cf31rl&cfff:2 
[2] minutes remaining
Team [ojoj] leads by 17 frags
moltas eats Darkki's pineapple
(moltas): >mol: &cf00lost&cfff [bridge] &cf00e&cfff:1
(votary): >  &c0c3vot:&cfff 0/37 [gl.rox] &cf31rl&cfff:1 
(votary): >  &c0c3vot:&cfff 0/37 [gl] &cf31rl&cfff:1 
(moltas): >mol: &c0b0safe&cfff [start.rl] sg:25
(votary): >  &c0c3vot:&cfff 0/37 [gl] &cf31rl&cfff:1 
(votary): >  &c0c3vot:&cfff 0/37 [gl] &cf31rl&cfff:1 
od was gibbed by Darkki's grenade
Darkki tries to put the pin back in
(xpr): > xpr    coming [quad]
(moltas): >mol: &cf00enemy&cfff at [rl]
od was punctured by blaze
moltas chewed on mrklarder's boomstick
hlt was gibbed by xpr's rocket
(moltas): >mol: &cf00lost&cfff [rl] &cf00e&cfff:1
(od): >  &c555ovd:&cfff coming [start.water] 
(od): >  &c555ovd:&cfff coming [start.water] 
(votary): >  &c0c3vot:&cfff 0/52 [ya] &cf31rl&cfff:1 
(od): >  &c555ovd:&cfff &ca220&cfff/100 [start.rl] &c2aasg&cfff:24 
(moltas): >mol: coming [gl.quad]
moltas was punctured by Darkki
(xpr): > xpr    coming [ya]
(od): >  &c555ovd:&cfff coming [cross.water] 
(moltas): >mol: &cf00lost&cfff [quad] &cf00e&cfff:4
(od): >  &c555ovd:&cfff coming [cross.water] 
(xpr): > xpr    coming [gl]
(xpr): > xpr    coming [gl]
xpr checks his glasses
Darkki rides xpr's rocket
mrklarder checks his glasses
mrklarder discovers blast radius
(moltas): >mol: took &c0ffpack&cfff [quad]
(votary): >  &c0c3vot:&cfff 0/100 [gl] &cf31rl&cfff:6 
blaze was gibbed by xpr's rocket
(moltas): >mol: 0/17 &c05fquad&cfff [quad.box] &c0ffrl&cfff:4
blaze rides xpr's rocket
mrklarder rides votary's rocket
moltas rips hlt a new one
(moltas): >mol: &c0ffpack&cfff at [gl.quad]
hlt mows down a teammate
moltas chewed on hlt's boomstick
(moltas): >mol: &cf00lost&cfff &c0ffrl&cfff [gl.quad] &cf00e&cfff:1
od chewed on hlt's boomstick
(od): >  &c555ovd:&cfff &cf00LOST [&cfffgl.quad&cf00] 1&cfff
hlt rides xpr's rocket
(xpr): > xpr    pack at gl
(xpr): > xpr    pack at gl
(votary): >  &c0c3vot:&cfff 0/76 [ya] &cf31rl&cfff:5 
(xpr): > xpr    pack at gl
(moltas): >mol: coming [quad]
(od): >  &c555ovd:&cfff coming [cross] 
(moltas): >mol: took &c0ffpack&cfff [gl]
(votary): >  &c0c3vot:&cfff 0/100 [ya] &cf31rl&cfff:5 
(moltas): >mol: coming [gl]
(votary): >  &c0c3vot:&cfff &ca0bt&cfff&c0cco&cfff&c0c3o&cfff&ccc0k&cfff &cff0ya&cfff [ya]
(moltas): >mol: 0/100 [ya] &c0ffrl&cfff:11
(moltas): >mol: &c0b0safe&cfff [ya] &c0ffrl&cfff:11
(moltas): >mol: &c0b0safe&cfff [ya] &c0ffrl&cfff:11
(moltas): >mol: &c0b0safe&cfff [ya] &c0ffrl&cfff:11
(moltas): >mol: &c0b0safe&cfff [ya] &c0ffrl&cfff:11
blaze was gibbed by votary's rocket
(moltas): >mol: &c0b0safe&cfff [ya] &c0ffrl&cfff:11
(moltas): >mol: &c0b0safe&cfff [ya] &c0ffrl&cfff:11
(moltas): >mol: &c0b0safe&cfff [ya] &c0ffrl&cfff:11
(moltas): >mol: &c0b0safe&cfff [ya] &c0ffrl&cfff:11
od chewed on Darkki's boomstick
(od): >  &c555ovd:&cfff &cf00LOST [&cfffbridge.room&cf00] 3&cfff
(od): >  &c555ovd:&cfff &cf00LOST [&cfffbridge.room&cf00] 3&cfff
(od): >  &c555ovd:&cfff &cf00LOST [&cfffbridge.room&cf00] 3&cfff
(od): >  &c555ovd:&cfff &cf00LOST [&cfffbridge.room&cf00] 3&cfff
blaze rides xpr's rocket
(od): >  &c555ovd:&cfff &cf00LOST [&cfffbridge.room&cf00] 3&cfff
(moltas): >mol: coming [ya]
(moltas): >mol: took &cff0ya&cfff [ya]
(moltas): >mol: &c0b0safe&cfff [gl.stairs] &c0ffrl&cfff:11
(moltas): >mol: &c0b0safe&cfff [gl.stairs] &c0ffrl&cfff:11
(moltas): >mol: coming [ya]
Darkki rides votary's rocket
[1] minute remaining
Team [ojoj] leads by 12 frags
blaze was gibbed by moltas's rocket
(moltas): >mol: coming [gl]
Darkki rides moltas's rocket
blaze rides xpr's rocket
(moltas): >mol: &c0b0safe&cfff [gl.quad] &c0ffrl&cfff:9
(moltas): >mol: &c0b0safe&cfff [quad] &c0ffrl&cfff:9
hlt rides votary's rocket
(moltas): >mol: &c0b0safe&cfff [quad] &c0ffrl&cfff:9
(moltas): >mol: &c0b0safe&cfff [quad] &c0ffrl&cfff:9
(moltas): >mol: &c0b0safe&cfff [quad.stairs] &c0ffrl&cfff:9
(moltas): >mol: &c0b0safe&cfff [quad] &c0ffrl&cfff:9
xpr rides mrklarder's rocket
(moltas): >mol: &c0b0safe&cfff [quad] &c0ffrl&cfff:9
(xpr): >     __ borepack [crossing]
(xpr): >     __ borepack [crossing]
(xpr): >     __ borepack [crossing]
(votary): >  &c0c3vot:&cfff &cff0ya&cfff20/47 [ya.spikes] &cf31rl&cfff:0 
(xpr): > xpr    coming [gl]
(moltas): >mol: &cff0120&cfff/100 [quad] &c0ffrl&cfff:8
(votary): >  &c0c3vot:&cfff 0/53 [gl] &cf31rl&cfff:9 
(xpr): > xpr    coming [gl]
(moltas): >mol: &c0b0team&cfff &c05fquad&cfff
(od): >  &c555ovd:&cfff &ca220&cfff/&ca2215&cfff [spikes] gl:&ca220&cfff 
(od): >  &c555ovd:&cfff coming [spikes] 
(od): >  &c555ovd:&cfff &ca220&cfff/&ca2215&cfff [gl.stairs] gl:&ca220&cfff 
mrklarder was brutalized by moltas's quad rocket
(moltas): >mol: &c0ffpack&cfff at [mega.low]
[30] seconds
(xpr): > xpr    coming [ya]
(moltas): >mol: &cff060&cfff/86 &c05fquad&cfff [bridge] &c0ffrl&cfff:4
(votary): >  &c0c3vot:&cfff &ca0bt&cfff&c0cco&cfff&c0c3o&cfff&ccc0k&cfff &cff0ya&cfff [ya]
(od): >  &c555ovd:&cfff &ca220&cfff/145 [mega.low] gl:&ca225&cfff 
(moltas): >mol: coming [start.stairs]
(od): >  &c555ovd:&cfff &ca0bt&cfff&c0cco&cfff&c0c3o&cfff&ccc0k&cfff &cf2apack&cfff [mega.low]
(moltas): >mol: &cff060&cfff/86 &c05fquad&cfff [start.water] &c0ffrl&cfff:1
[15] seconds
blaze ate 8 loads of moltas's buckshot
[10] seconds
hlt ate 8 loads of moltas's buckshot
[9] seconds
(od): >  &c555ovd:&cfff &ca220&cfff/134 [rl] &cf31rl&cfff:25 
(moltas): >mol: 0/75 &c05fquad&cfff [water.ga] &c0ffrl&cfff:0
[8] seconds
[7] seconds
[6] seconds
Darkki rides xpr's rocket
[5] seconds
[4] seconds
[3] seconds
[2] seconds
[1] second
The match is over

Player statistics:
Frags (rank) friendkills . efficiency
___________________________________
Team [cccp]:
__________
_ od:
  64 (-18) 3 43.8%
Wp: rl74.6% gl26.9% sg41.0% ssg40.1%
RL skill: ad:91.5 dh:9
Armr&mhs: ga:5 ya:10 ra:0 mh:2
Powerups: Q:2 P:0 R:0
      RL: Took:12 Killed:8 Dropped:5
  Damage: Tkn:10302 Gvn:9950 Tm:531
 Streaks: Frags:11 QuadRun:3
  SpawnFrags: 5
__________
_ moltas:
  57 (-49) 4 35.0%
Wp: rl51.2% gl11.1% sg38.7% ssg32.0%
RL skill: ad:88.4 dh:8
Armr&mhs: ga:6 ya:6 ra:0 mh:5
Powerups: Q:4 P:0 R:0
      RL: Took:11 Killed:6 Dropped:4
  Damage: Tkn:13091 Gvn:11764 Tm:509
 Streaks: Frags:11 QuadRun:3
  SpawnFrags: 2
__________
_ xpr:
  89 (46) 3 67.4%
Wp: rl75.7% gl23.1% sg41.9% ssg34.7%
RL skill: ad:81.9 dh:25
Armr&mhs: ga:9 ya:12 ra:0 mh:7
Powerups: Q:2 P:0 R:0
      RL: Took:11 Killed:5 Dropped:3
  Damage: Tkn:8141 Gvn:10775 Tm:449
 Streaks: Frags:17 QuadRun:2
  SpawnFrags: 16
__________
_ votary:
  68 (-20) 3 43.6%
Wp: rl66.2% gl14.3% sg47.4% ssg54.5%
RL skill: ad:79.9 dh:8
Armr&mhs: ga:5 ya:13 ra:0 mh:1
Powerups: Q:2 P:0 R:0
      RL: Took:6 Killed:11 Dropped:3
  Damage: Tkn:10885 Gvn:9646 Tm:139
 Streaks: Frags:10 QuadRun:4
  SpawnFrags: 3

Team [ojoj]:
__________
_ hlt:
  69 (4) 7 51.5%
Wp: rl88.1% gl23.7% sg44.8% ssg44.7%
RL skill: ad:81.0 dh:10
Armr&mhs: ga:10 ya:5 ra:0 mh:7
Powerups: Q:2 P:0 R:0
      RL: Took:7 Killed:10 Dropped:4
  Damage: Tkn:9440 Gvn:10124 Tm:532
 Streaks: Frags:11 QuadRun:4
  SpawnFrags: 2
__________
_ blaze:
  86 (8) 3 52.4%
Wp: rl81.8% gl32.7% sg52.7% ssg43.3%
RL skill: ad:94.1 dh:14
Armr&mhs: ga:6 ya:8 ra:0 mh:2
Powerups: Q:5 P:0 R:0
      RL: Took:5 Killed:9 Dropped:2
  Damage: Tkn:9842 Gvn:11774 Tm:657
 Streaks: Frags:9 QuadRun:6
  SpawnFrags: 4
__________
_ mrklarder:
  59 (-24) 3 41.5%
Wp: rl75.4% gl29.4% sg37.2% ssg40.9%
RL skill: ad:88.4 dh:8
Armr&mhs: ga:7 ya:9 ra:0 mh:5
Powerups: Q:5 P:0 R:0
      RL: Took:13 Killed:9 Dropped:8
  Damage: Tkn:11310 Gvn:10244 Tm:595
 Streaks: Frags:8 QuadRun:4
  SpawnFrags: 5
__________
_ Darkki:
  69 (-19) 2 43.9%
Wp: rl71.7% gl29.2% sg44.0% ssg48.1%
RL skill: ad:87.0 dh:6
Armr&mhs: ga:11 ya:7 ra:0 mh:7
Powerups: Q:3 P:0 R:0
      RL: Took:9 Killed:6 Dropped:1
  Damage: Tkn:11543 Gvn:10277 Tm:559
 Streaks: Frags:10 QuadRun:4
  SpawnFrags: 4

___________________________________
[cccp] vs [ojoj] match statistics:
___________________________________

weapons, powerups, armors&mhs, damage
___________________________________
[cccp]: Wp: rl50 gl17 sg42% ssg41%
Powerups: Q:10 P:0 R:0
Armr&mhs: ga:25 ya:41 ra:0 mh:15
      RL: Took:40 Killed:30 Dropped:15
  Damage: Tkn:42419 Gvn:42135 Tm:1628
[ojoj]: Wp: rl38 gl31 sg44% ssg45%
Powerups: Q:15 P:0 R:0
Armr&mhs: ga:34 ya:29 ra:0 mh:21
      RL: Took:34 Killed:34 Dropped:15
  Damage: Tkn:42135 Gvn:42419 Tm:2343
___________________________________
[e1m2] top scorers:
___________________________________
      Frags: xpr [89]
     Deaths: moltas [106]
Friendkills: hlt [7]
 Efficiency: xpr [67.4%]
 FragStreak: xpr [17]
    QuadRun: blaze [6]

___________________________________

Team scores: frags . percentage
___________________________________
[cccp]: 278 . 49.6%
[ojoj]: 283 . 50.4%
___________________________________
_WARNING: od is timing out!
5360 unique files, 958 duplicates
You must be connected to track
You must be connected to track
You must be connected to track
You must be connected to track
You must be connected to track
You must be connected to track
You must be connected to track
You must be connected to track
You must be connected to track
You must be connected to track
You must be connected to track
You must be connected to track
You must be connected to track
You must be connected to track
You must be connected to track
You must be connected to track
You must be connected to track
You must be connected to track
You must be connected to track
You must be connected to track
You must be connected to track
You must be connected to track
You must be connected to track
You must be connected to track
You must be connected to track
You must be connected to track
You must be connected to track
You must be connected to track
You must be connected to track
You must be connected to track
You must be connected to track
You must be connected to track
You must be connected to track
You must be connected to track
You must be connected to track
You must be connected to track
You must be connected to track
You must be connected to track
You must be connected to track
You must be connected to track
You must be connected to track
You must be connected to track
You must be connected to track
You must be connected to track
You must be connected to track
You must be connected to track
You must be connected to track
You must be connected to track
You must be connected to track
You must be connected to track
You must be connected to track
You must be connected to track
You must be connected to track
You must be connected to track
You must be connected to track
You must be connected to track
You must be connected to track
You must be connected to track
You must be connected to track
You must be connected to track
You must be connected to track
You must be connected to track
You must be connected to track
You must be connected to track
You must be connected to track
You must be connected to track
You must be connected to track
You must be connected to track
You must be connected to track
You must be connected to track
You must be connected to track
]log stop
